01/60 [SUCCESS] 1553519555+00 inputs/1.txt  04 f8-b4;d4-d3;d3-c2;c2-b1r
02/60 [SUCCESS] 1553519555+03 inputs/10.txt 04 f8-c5;f6-f5;d8-h4;h4-f2
03/60 [SUCCESS] 1553519558+03 inputs/11.txt 04 c8-g4;d8-d5;d5-d4;d4-d1
04/60 [SUCCESS] 1553519561+00 inputs/12.txt 04 c8-g4;d8-d5;d5-d2;d2-d1
05/60 [SUCCESS] 1553519561+00 inputs/13.txt 04 c8-g4;d5-c4;d8-d2;d2-d1
06/60 [SUCCESS] 1553519561+04 inputs/14.txt 04 c6-d4;d4-f3;d8-d6;d6-e5
07/60 [SUCCESS] 1553519566+12 inputs/15.txt 04 e7-e5;f8-b4;d8-g5;g5-e3
08/60 [SUCCESS] 1553519579+00 inputs/16.txt 04 c6-d4;d4-f3;d8-d5;d5-d2
09/60 [SUCCESS] 1553519580+00 inputs/17.txt 04 f6-e4;e7-e5;f8-b4;d8-h4
10/60 [SUCCESS] 1553519581+00 inputs/18.txt 04 f8-c5;d8-g5;g5-d2;d2-c1
11/60 [SUCCESS] 1553519581+00 inputs/19.txt 05 b5-c6;d5-d6;e1-d1;h1-e1;e1-e5
12/60 [SUCCESS] 1553519582+00 inputs/2.txt  04 d8-d5;d5-d2;c6-d4;d4-f3
13/60 [SUCCESS] 1553519582+00 inputs/20.txt 05 f3-e5;d5-d6;d6-e7;e7-f8q;f8-f7
14/60 [SUCCESS] 1553519582+01 inputs/21.txt 05 b1-d2;a1-c1;g2-g3;f1-h3;c1-c8
15/60 [ERROR]   1553519583+00 inputs/22.txt 05 b5-c6;c1-g5;c3-d5;d5-c7
16/60 [FAIL]    1553519583+20 inputs/23.txt 05 False
17/60 [FAIL]    1553519603+20 inputs/24.txt 05 False
18/60 [FAIL]    1553519623+20 inputs/25.txt 05 False
19/60 [SUCCESS] 1553519644+00 inputs/26.txt 05 b5-c6;g1-h3;e1-g1;f1-f6;f6-e6
20/60 [FAIL]    1553519644+20 inputs/27.txt 05 False
21/60 [SUCCESS] 1553519664+02 inputs/28.txt 05 d2-g5;f1-b5;b1-c3;c3-d5;d5-c7
22/60 [SUCCESS] 1553519666+00 inputs/29.txt 05 f1-b5;d8-f6;b1-c3;c3-d5;d5-c7
23/60 [SUCCESS] 1553519666+00 inputs/3.txt  04 d8-d5;d5-f3;f3-d1;c8-g4
24/60 [SUCCESS] 1553519666+15 inputs/30.txt 05 e1-d1;e4-e5;e5-e6;e6-d7;d7-c8q
25/60 [FAIL]    1553519682+20 inputs/31.txt 05 False
26/60 [FAIL]    1553519702+20 inputs/32.txt 05 False
27/60 [SUCCESS] 1553519722+04 inputs/33.txt 05 c1-g5;c4-d5;d5-d6;d6-e7;e7-d8q
28/60 [SUCCESS] 1553519726+00 inputs/34.txt 05 f1-b5;c1-g5;b2-b4;a3-c4;c4-d6
29/60 [SUCCESS] 1553519726+01 inputs/35.txt 05 e1-d1;c1-g5;a1-c1;c1-c8;c8-d8
30/60 [FAIL]    1553519728+20 inputs/36.txt 05 False
31/60 [SUCCESS] 1553519748+15 inputs/37.txt 06 e8-d8;g8-h6;h6-g4;e7-e5;f8-e7;e7-h4
32/60 [SUCCESS] 1553519764+00 inputs/38.txt 06 b4-c3;b8-c6;c6-d4;d4-f3;b7-b6;c8-a6
33/60 [SUCCESS] 1553519764+03 inputs/39.txt 06 f8-c5;h6-g4;h8-e8;e8-e5;c5-d4;d4-c3
34/60 [SUCCESS] 1553519767+03 inputs/4.txt  04 f8-b4;b8-d7;d7-c5;c5-d3
35/60 [SUCCESS] 1553519770+00 inputs/40.txt 06 c8-g4;b4-c3;e5-d4;d4-d3;d3-d2;d2-d1q
36/60 [SUCCESS] 1553519770+15 inputs/41.txt 06 c8-g4;c5-f2;b8-c6;c6-d4;a8-d8;d4-e2
37/60 [FAIL]    1553519786+20 inputs/42.txt 06 False
38/60 [SUCCESS] 1553519806+08 inputs/43.txt 07 d1-d2;f1-b5;h8-g6;h1-c1;c1-c7;c7-f7;f7-f8
39/60 [FAIL]    1553519815+20 inputs/44.txt 07 False
40/60 [SUCCESS] 1553519835+01 inputs/45.txt 07 c1-a3;d4-d5;d2-e4;f1-b5;d5-c6;c6-c7;c7-b8q
41/60 [FAIL]    1553519836+20 inputs/46.txt 07 False
42/60 [FAIL]    1553519857+20 inputs/47.txt 07 False
43/60 [FAIL]    1553519877+20 inputs/48.txt 07 False
44/60 [FAIL]    1553519897+20 inputs/49.txt 08 False
45/60 [SUCCESS] 1553519917+00 inputs/5.txt  04 c8-g4;d5-e4;d8-d2;d2-d1
46/60 [FAIL]    1553519917+20 inputs/50.txt 08 False
47/60 [FAIL]    1553519937+20 inputs/51.txt 08 False
48/60 [FAIL]    1553519957+20 inputs/52.txt 08 False
49/60 [SUCCESS] 1553519978+00 inputs/53.txt 08 f8-b4;h8-e8;e8-e3;h6-f5;f5-d4;c8-d8;c6-e5;e3-d3
50/60 [SUCCESS] 1553519978+19 inputs/54.txt 08 b4-c3;a7-a6;b6-b5;b5-b4;b4-b3;b3-a2;a2-b1q;b1-a1
51/60 [FAIL]    1553519997+20 inputs/55.txt 09 False
52/60 [SUCCESS] 1553520017+14 inputs/56.txt 09 a8-d5;h2-h4;h4-g5;e2-f3;f3-f4;g5-g6;g6-f7;f7-f8q;f8-f7
53/60 [FAIL]    1553520031+20 inputs/57.txt 09 False
54/60 [FAIL]    1553520052+20 inputs/58.txt 09 False
55/60 [FAIL]    1553520072+20 inputs/59.txt 09 False
56/60 [SUCCESS] 1553520092+00 inputs/6.txt  04 c6-d4;d4-f3;e7-f6;d8-e7
57/60 [FAIL]    1553520092+20 inputs/60.txt 09 False
58/60 [SUCCESS] 1553520112+00 inputs/7.txt  04 d8-f6;f6-f2;g8-f6;f6-e4
59/60 [SUCCESS] 1553520112+01 inputs/8.txt  04 f6-e4;e7-e6;d8-h4;h4-f2
60/60 [SUCCESS] 1553520114+00 inputs/9.txt  04 c8-g4;d5-e4;d8-d2;d2-d1
Done, passed 38 out of 60.



         408182449 function calls in 555.049 seconds

   Ordered by: internal time

   ncalls  tottime  percall  cumtime  percall filename:lineno(function)
 14442626   44.808    0.000   44.808    0.000 /home/matjazmav/.local/lib/python3.6/site-packages/chess/__init__.py:684(_attackers_mask)
  7699100   44.536    0.000  128.593    0.000 /home/matjazmav/.local/lib/python3.6/site-packages/chess/__init__.py:1921(push)
  3849550   25.948    0.000  382.565    0.000 /home/matjazmav/Projects/A-S01/app/utils/State.py:41(__next)
       60   18.671    0.311  555.054    9.251 /home/matjazmav/Projects/A-S01/app/solve.py:16(solve)
  7699100   17.638    0.000   17.638    0.000 /home/matjazmav/.local/lib/python3.6/site-packages/chess/__init__.py:1281(__init__)
 23196719   14.368    0.000   14.368    0.000 /home/matjazmav/.local/lib/python3.6/site-packages/chess/__init__.py:623(piece_type_at)
  7720379   13.157    0.000   17.581    0.000 /home/matjazmav/.local/lib/python3.6/site-packages/chess/__init__.py:780(_remove_piece_at)
  5967490   12.796    0.000   17.202    0.000 /usr/lib/python3.6/threading.py:334(notify)
 43161655   12.631    0.000   12.631    0.000 /home/matjazmav/Projects/A-S01/app/utils/State.py:34(__lt__)
  3849610   11.951    0.000  107.661    0.000 /home/matjazmav/Projects/A-S01/app/utils/State.py:7(__init__)
   778300   11.727    0.000   18.263    0.000 /home/matjazmav/Projects/A-S01/app/heuristic/Covering.py:29(__promotion)
 13168832   11.555    0.000   11.555    0.000 /home/matjazmav/.local/lib/python3.6/site-packages/chess/__init__.py:441(__init__)
  3488334   11.175    0.000   39.231    0.000 /usr/lib/python3.6/queue.py:115(put)
  2479156   11.113    0.000   20.266    0.000 /usr/lib/python3.6/queue.py:229(_get)
  3998766   10.662    0.000  454.758    0.000 /home/matjazmav/Projects/A-S01/app/utils/State.py:37(generate)
  6069555   10.246    0.000   78.303    0.000 /home/matjazmav/.local/lib/python3.6/site-packages/chess/__init__.py:3218(generate_legal_moves)
  7699100   10.225    0.000   27.862    0.000 /home/matjazmav/.local/lib/python3.6/site-packages/chess/__init__.py:1915(_board_state)
  4333192    9.843    0.000   21.524    0.000 /home/matjazmav/.local/lib/python3.6/site-packages/chess/__init__.py:1442(generate_pseudo_legal_moves)
  7710393    9.735    0.000   17.048    0.000 /home/matjazmav/.local/lib/python3.6/site-packages/chess/__init__.py:3302(_from_chess960)
 15234860    9.528    0.000    9.528    0.000 /home/matjazmav/.local/lib/python3.6/site-packages/chess/__init__.py:210(scan_reversed)
  3849550    9.212    0.000   41.298    0.000 /home/matjazmav/.local/lib/python3.6/site-packages/chess/__init__.py:1230(copy)
 14346931    9.165    0.000   53.626    0.000 /home/matjazmav/.local/lib/python3.6/site-packages/chess/__init__.py:702(attackers_mask)
   778300    8.924    0.000   65.150    0.000 /home/matjazmav/Projects/A-S01/app/heuristic/Covering.py:21(__score)
  3849550    8.696    0.000   26.030    0.000 /home/matjazmav/Projects/A-S01/app/utils/ZobristHasher.py:20(update)
  3876366    8.056    0.000   15.375    0.000 /home/matjazmav/.local/lib/python3.6/site-packages/chess/__init__.py:615(piece_at)
  7699100    7.901    0.000    7.901    0.000 /home/matjazmav/.local/lib/python3.6/site-packages/chess/__init__.py:573(_clear_board)
  6401388    7.666    0.000   29.958    0.000 /home/matjazmav/.local/lib/python3.6/site-packages/chess/__init__.py:3180(_is_safe)
 12558544    7.635    0.000    7.635    0.000 /home/matjazmav/.local/lib/python3.6/site-packages/chess/__init__.py:468(__bool__)
  2114044    7.461    0.000    8.736    0.000 /home/matjazmav/.local/lib/python3.6/site-packages/chess/__init__.py:3161(_slider_blockers)
  3488334    7.419    0.000   10.896    0.000 /usr/lib/python3.6/queue.py:226(_put)
  2346560    7.163    0.000   12.361    0.000 /home/matjazmav/.local/lib/python3.6/site-packages/chess/__init__.py:3193(_generate_evasions)
  3849550    6.844    0.000   48.141    0.000 /home/matjazmav/.local/lib/python3.6/site-packages/chess/__init__.py:3380(copy)
  3849550    6.762    0.000   32.086    0.000 /home/matjazmav/.local/lib/python3.6/site-packages/chess/__init__.py:1360(__init__)
  2758254    6.403    0.000    7.643    0.000 /home/matjazmav/.local/lib/python3.6/site-packages/chess/__init__.py:2878(is_castling)
  5648538    6.321    0.000   30.632    0.000 /home/matjazmav/.local/lib/python3.6/site-packages/chess/__init__.py:714(attackers)
  3856643    6.231    0.000   11.636    0.000 /home/matjazmav/.local/lib/python3.6/site-packages/chess/__init__.py:817(_set_piece_at)
  2479156    6.181    0.000   33.963    0.000 /usr/lib/python3.6/queue.py:147(get)
  3849550    5.212    0.000   72.248    0.000 /home/matjazmav/.local/lib/python3.6/site-packages/chess/__init__.py:1714(is_checkmate)
  6584332    5.198    0.000   31.273    0.000 /home/matjazmav/.local/lib/python3.6/site-packages/chess/__init__.py:705(is_attacked_by)
  3849550    5.096    0.000   12.997    0.000 /home/matjazmav/.local/lib/python3.6/site-packages/chess/__init__.py:1415(clear_board)
  4804697    4.775    0.000    7.287    0.000 /home/matjazmav/.local/lib/python3.6/site-packages/chess/__init__.py:642(king)
  6426898    4.761    0.000    4.761    0.000 /home/matjazmav/.local/lib/python3.6/site-packages/chess/__init__.py:3559(__init__)
  3849550    4.641    0.000   28.770    0.000 /home/matjazmav/.local/lib/python3.6/site-packages/chess/__init__.py:1529(is_check)
  3849610    4.522    0.000   69.671    0.000 /home/matjazmav/Projects/A-S01/app/heuristic/Covering.py:15(score)
  5648598    4.460    0.000    4.460    0.000 /home/matjazmav/.local/lib/python3.6/site-packages/chess/__init__.py:216(popcount)
  5967490    4.406    0.000    4.406    0.000 /usr/lib/python3.6/threading.py:254(_is_owned)
  3849550    4.233    0.000    8.377    0.000 /home/matjazmav/.local/lib/python3.6/site-packages/chess/__init__.py:546(__init__)
  5413088    4.019    0.000    4.019    0.000 /home/matjazmav/.local/lib/python3.6/site-packages/chess/__init__.py:201(scan_forward)
  3858563    3.963    0.000    3.963    0.000 /home/matjazmav/.local/lib/python3.6/site-packages/chess/__init__.py:385(__init__)
  3849550    3.949    0.000   16.947    0.000 /home/matjazmav/.local/lib/python3.6/site-packages/chess/__init__.py:1397(clear)
  5967490    3.863    0.000    3.863    0.000 /usr/lib/python3.6/threading.py:239(__enter__)
  7699100    3.578    0.000    3.581    0.000 /home/matjazmav/.local/lib/python3.6/site-packages/chess/__init__.py:3317(_to_chess960)
  3849550    3.520    0.000    3.520    0.000 /home/matjazmav/.local/lib/python3.6/site-packages/chess/__init__.py:2860(is_zeroing)
  6379365    3.206    0.000    3.206    0.000 /home/matjazmav/.local/lib/python3.6/site-packages/chess/__init__.py:207(msb)
  5648598    2.870    0.000    7.331    0.000 /home/matjazmav/.local/lib/python3.6/site-packages/chess/__init__.py:3583(__len__)
  3488334    2.801    0.000   42.032    0.000 /usr/lib/python3.6/queue.py:178(put_nowait)
  5967490    2.795    0.000    2.795    0.000 /usr/lib/python3.6/threading.py:242(__exit__)
  2479177    2.429    0.000    3.442    0.000 /usr/lib/python3.6/queue.py:90(empty)
   955087    2.343    0.000   15.873    0.000 /home/matjazmav/.local/lib/python3.6/site-packages/chess/__init__.py:1534(is_into_check)
  3849550    2.297    0.000    2.297    0.000 /home/matjazmav/.local/lib/python3.6/site-packages/chess/__init__.py:1419(clear_stack)
  3849550    1.847    0.000    5.604    0.000 /home/matjazmav/.local/lib/python3.6/site-packages/chess/__init__.py:587(clear_board)
  4958333    1.828    0.000    1.828    0.000 /usr/lib/python3.6/queue.py:223(_qsize)
  3643134    1.628    0.000    1.628    0.000 /home/matjazmav/.local/lib/python3.6/site-packages/chess/__init__.py:2849(is_en_passant)
   829094    1.523    0.000    1.523    0.000 /home/matjazmav/.local/lib/python3.6/site-packages/chess/__init__.py:654(attacks_mask)
  2479156    1.474    0.000   35.437    0.000 /usr/lib/python3.6/queue.py:186(get_nowait)
  3918557    1.271    0.000    1.271    0.000 /home/matjazmav/.local/lib/python3.6/site-packages/chess/__init__.py:2897(clean_castling_rights)
  5530694    1.244    0.000    1.244    0.000 /home/matjazmav/.local/lib/python3.6/site-packages/chess/__init__.py:127(square_file)
   778300    0.884    0.000    1.828    0.000 /home/matjazmav/.local/lib/python3.6/site-packages/chess/__init__.py:607(pieces)
   160501    0.845    0.000    1.924    0.000 /home/matjazmav/.local/lib/python3.6/site-packages/chess/__init__.py:3261(generate_castling_moves)
  2479156    0.503    0.000    0.503    0.000 /home/matjazmav/Projects/A-S01/app/utils/State.py:74(is_goal)
   778300    0.471    0.000    0.471    0.000 /home/matjazmav/.local/lib/python3.6/site-packages/chess/__init__.py:591(pieces_mask)
  1149517    0.440    0.000    0.440    0.000 /home/matjazmav/.local/lib/python3.6/site-packages/chess/__init__.py:131(square_rank)
   778360    0.407    0.000    0.407    0.000 /home/matjazmav/.local/lib/python3.6/site-packages/chess/__init__.py:3577(__iter__)
  1308182    0.274    0.000    0.274    0.000 /home/matjazmav/.local/lib/python3.6/site-packages/chess/__init__.py:1610(is_variant_end)
    81462    0.254    0.000    0.851    0.000 /home/matjazmav/.local/lib/python3.6/site-packages/chess/__init__.py:3251(_attacked_for_king)
   149216    0.209    0.000    0.325    0.000 /home/matjazmav/.local/lib/python3.6/site-packages/chess/__init__.py:1379(legal_moves)
   177157    0.159    0.000    0.597    0.000 /home/matjazmav/.local/lib/python3.6/site-packages/chess/__init__.py:3252(<genexpr>)
   149216    0.116    0.000    0.116    0.000 /home/matjazmav/.local/lib/python3.6/site-packages/chess/__init__.py:3470(__iter__)
   149216    0.116    0.000    0.116    0.000 /home/matjazmav/.local/lib/python3.6/site-packages/chess/__init__.py:3460(__init__)
   298852    0.069    0.000    0.069    0.000 /home/matjazmav/.local/lib/python3.6/site-packages/chess/__init__.py:1918(_push_capture)
    46080    0.067    0.000    0.120    0.000 /usr/lib/python3.6/random.py:173(randrange)
    46080    0.053    0.000    0.053    0.000 /usr/lib/python3.6/random.py:223(_randbelow)
    46080    0.030    0.000    0.150    0.000 /usr/lib/python3.6/random.py:217(randint)
     3840    0.024    0.000    0.174    0.000 /home/matjazmav/Projects/A-S01/app/utils/ZobristHasher.py:5(<listcomp>)
    11293    0.016    0.000    0.016    0.000 /home/matjazmav/.local/lib/python3.6/site-packages/chess/__init__.py:3254(_castling_uncovers_rank_attack)
       60    0.003    0.000    0.009    0.000 /home/matjazmav/Projects/A-S01/app/utils/ZobristHasher.py:7(hash)
      180    0.001    0.000    0.001    0.000 /usr/lib/python3.6/threading.py:215(__init__)
       60    0.001    0.000    0.002    0.000 /home/matjazmav/Projects/A-S01/app/heuristic/Covering.py:6(__init__)
       39    0.001    0.000    0.001    0.000 /home/matjazmav/Projects/A-S01/app/utils/State.py:77(get_path)
       60    0.001    0.000    0.002    0.000 /usr/lib/python3.6/queue.py:27(__init__)
      192    0.000    0.000    0.000    0.000 /home/matjazmav/.local/lib/python3.6/site-packages/chess/__init__.py:471(__eq__)
       60    0.000    0.000    0.180    0.003 /home/matjazmav/Projects/A-S01/app/utils/ZobristHasher.py:4(__init__)
      195    0.000    0.000    0.000    0.000 /home/matjazmav/.local/lib/python3.6/site-packages/chess/__init__.py:447(uci)
       60    0.000    0.000    0.000    0.000 /home/matjazmav/.local/lib/python3.6/site-packages/chess/__init__.py:673(attacks)
       60    0.000    0.000    0.000    0.000 /home/matjazmav/Projects/A-S01/app/utils/Profiler.py:10(disable)
       60    0.000    0.000    0.000    0.000 /usr/lib/python3.6/queue.py:220(_init)
      195    0.000    0.000    0.000    0.000 /home/matjazmav/Projects/A-S01/app/utils/State.py:31(__eq__)



