01/60 [SUCCESS] 1553505504+00 inputs/1.txt  04 f8-b4;d4-d3;d3-c2;c2-b1r
02/60 [SUCCESS] 1553505504+04 inputs/10.txt 04 f8-c5;f6-f5;d8-h4;h4-f2
03/60 [SUCCESS] 1553505508+04 inputs/11.txt 04 c8-g4;d8-d5;d5-d4;d4-d1
04/60 [SUCCESS] 1553505512+00 inputs/12.txt 04 c8-g4;d8-d5;d5-d2;d2-d1
05/60 [SUCCESS] 1553505512+00 inputs/13.txt 04 c8-g4;d5-c4;d8-d2;d2-d1
06/60 [SUCCESS] 1553505512+04 inputs/14.txt 04 c6-d4;d4-f3;d8-d6;d6-e5
07/60 [SUCCESS] 1553505517+15 inputs/15.txt 04 e7-e5;f8-b4;d8-g5;g5-e3
08/60 [SUCCESS] 1553505533+01 inputs/16.txt 04 c6-d4;d4-f3;d8-d5;d5-d2
09/60 [SUCCESS] 1553505534+00 inputs/17.txt 04 f6-e4;e7-e5;f8-b4;d8-h4
10/60 [SUCCESS] 1553505535+00 inputs/18.txt 04 f8-c5;d8-g5;g5-d2;d2-c1
11/60 [SUCCESS] 1553505535+00 inputs/19.txt 05 b5-c6;d5-d6;e1-d1;h1-e1;e1-e5
12/60 [SUCCESS] 1553505536+00 inputs/2.txt  04 d8-d5;d5-d2;c6-d4;d4-f3
13/60 [SUCCESS] 1553505536+00 inputs/20.txt 05 f3-e5;d5-d6;d6-e7;e7-f8q;f8-f7
14/60 [SUCCESS] 1553505536+01 inputs/21.txt 05 b1-d2;a1-c1;g2-g3;f1-h3;c1-c8
15/60 [ERROR]   1553505537+00 inputs/22.txt 05 b5-c6;c1-g5;c3-d5;d5-c7
16/60 [FAIL]    1553505537+20 inputs/23.txt 05 False
17/60 [FAIL]    1553505558+20 inputs/24.txt 05 False
18/60 [FAIL]    1553505578+20 inputs/25.txt 05 False
19/60 [SUCCESS] 1553505598+00 inputs/26.txt 05 b5-c6;g1-h3;e1-g1;f1-f6;f6-e6
20/60 [FAIL]    1553505598+20 inputs/27.txt 05 False
21/60 [SUCCESS] 1553505618+02 inputs/28.txt 05 d2-g5;f1-b5;b1-c3;c3-d5;d5-c7
22/60 [SUCCESS] 1553505621+00 inputs/29.txt 05 f1-b5;d8-f6;b1-c3;c3-d5;d5-c7
23/60 [SUCCESS] 1553505621+00 inputs/3.txt  04 d8-d5;d5-f3;f3-d1;c8-g4
24/60 [SUCCESS] 1553505621+20 inputs/30.txt 05 e1-d1;e4-e5;e5-e6;e6-d7;d7-c8q
25/60 [FAIL]    1553505641+20 inputs/31.txt 05 False
26/60 [FAIL]    1553505661+20 inputs/32.txt 05 False
27/60 [SUCCESS] 1553505682+05 inputs/33.txt 05 c1-g5;c4-d5;d5-d6;d6-e7;e7-d8q
28/60 [SUCCESS] 1553505687+00 inputs/34.txt 05 f1-b5;c1-g5;b2-b4;a3-c4;c4-d6
29/60 [SUCCESS] 1553505688+01 inputs/35.txt 05 e1-d1;c1-g5;a1-c1;c1-c8;c8-d8
30/60 [FAIL]    1553505689+20 inputs/36.txt 05 False
31/60 [FAIL]    1553505709+20 inputs/37.txt 06 False
32/60 [SUCCESS] 1553505730+00 inputs/38.txt 06 b4-c3;b8-c6;c6-d4;d4-f3;b7-b6;c8-a6
33/60 [SUCCESS] 1553505730+04 inputs/39.txt 06 f8-c5;h6-g4;h8-e8;e8-e5;c5-d4;d4-c3
34/60 [SUCCESS] 1553505734+03 inputs/4.txt  04 f8-b4;b8-d7;d7-c5;c5-d3
35/60 [SUCCESS] 1553505738+00 inputs/40.txt 06 c8-g4;b4-c3;e5-d4;d4-d3;d3-d2;d2-d1q
36/60 [SUCCESS] 1553505738+19 inputs/41.txt 06 c8-g4;c5-f2;b8-c6;c6-d4;a8-d8;d4-e2
37/60 [FAIL]    1553505757+20 inputs/42.txt 06 False
38/60 [SUCCESS] 1553505777+10 inputs/43.txt 07 d1-d2;f1-b5;h8-g6;h1-c1;c1-c7;c7-f7;f7-f8
39/60 [FAIL]    1553505788+20 inputs/44.txt 07 False
40/60 [SUCCESS] 1553505808+01 inputs/45.txt 07 c1-a3;d4-d5;d2-e4;f1-b5;d5-c6;c6-c7;c7-b8q
41/60 [FAIL]    1553505809+20 inputs/46.txt 07 False
42/60 [FAIL]    1553505829+20 inputs/47.txt 07 False
43/60 [FAIL]    1553505850+20 inputs/48.txt 07 False
44/60 [FAIL]    1553505870+20 inputs/49.txt 08 False
45/60 [SUCCESS] 1553505890+00 inputs/5.txt  04 c8-g4;d5-e4;d8-d2;d2-d1
46/60 [FAIL]    1553505890+20 inputs/50.txt 08 False
47/60 [FAIL]    1553505910+20 inputs/51.txt 08 False
48/60 [FAIL]    1553505931+20 inputs/52.txt 08 False
49/60 [SUCCESS] 1553505951+00 inputs/53.txt 08 f8-b4;h8-e8;e8-e3;h6-f5;f5-d4;c8-d8;c6-e5;e3-d3
50/60 [FAIL]    1553505951+20 inputs/54.txt 08 False
51/60 [FAIL]    1553505971+20 inputs/55.txt 09 False
52/60 [SUCCESS] 1553505991+17 inputs/56.txt 09 a8-d5;h2-h4;h4-g5;e2-f3;f3-f4;g5-g6;g6-f7;f7-f8q;f8-f7
53/60 [FAIL]    1553506009+20 inputs/57.txt 09 False
54/60 [FAIL]    1553506029+20 inputs/58.txt 09 False
55/60 [FAIL]    1553506049+20 inputs/59.txt 09 False
56/60 [SUCCESS] 1553506069+00 inputs/6.txt  04 c6-d4;d4-f3;e7-f6;d8-e7
57/60 [FAIL]    1553506069+20 inputs/60.txt 09 False
58/60 [SUCCESS] 1553506090+00 inputs/7.txt  04 d8-f6;f6-f2;g8-f6;f6-e4
59/60 [SUCCESS] 1553506090+01 inputs/8.txt  04 f6-e4;e7-e6;d8-h4;h4-f2
60/60 [SUCCESS] 1553506091+00 inputs/9.txt  04 c8-g4;d5-e4;d8-d2;d2-d1
Done, passed 36 out of 60.



         443098079 function calls in 582.466 seconds

   Ordered by: internal time

   ncalls  tottime  percall  cumtime  percall filename:lineno(function)
 34356436   47.899    0.000  124.523    0.000 /usr/lib/python3.6/copy.py:66(copy)
 34356436   43.406    0.000   76.624    0.000 /home/matjazmav/.local/lib/python3.6/site-packages/chess/__init__.py:490(__copy__)
 45152496   39.507    0.000   39.507    0.000 /home/matjazmav/.local/lib/python3.6/site-packages/chess/__init__.py:441(__init__)
 12312134   36.082    0.000   36.082    0.000 /home/matjazmav/.local/lib/python3.6/site-packages/chess/__init__.py:684(_attackers_mask)
  6266298   35.982    0.000  100.951    0.000 /home/matjazmav/.local/lib/python3.6/site-packages/chess/__init__.py:1921(push)
  3133149   17.062    0.000  141.585    0.000 /home/matjazmav/.local/lib/python3.6/site-packages/chess/__init__.py:3399(<listcomp>)
  3133149   16.840    0.000  451.090    0.000 /home/matjazmav/Projects/A-S01/app/utils/State.py:41(__next)
       60   15.712    0.262  582.488    9.708 /home/matjazmav/Projects/A-S01/app/solve.py:16(solve)
  6266298   15.052    0.000   15.052    0.000 /home/matjazmav/.local/lib/python3.6/site-packages/chess/__init__.py:1281(__init__)
  3133149   14.308    0.000  187.323    0.000 /home/matjazmav/.local/lib/python3.6/site-packages/chess/__init__.py:3380(copy)
 18888097   11.098    0.000   11.098    0.000 /home/matjazmav/.local/lib/python3.6/site-packages/chess/__init__.py:623(piece_type_at)
  6283749   10.408    0.000   13.827    0.000 /home/matjazmav/.local/lib/python3.6/site-packages/chess/__init__.py:780(_remove_piece_at)
   701367   10.366    0.000   16.080    0.000 /home/matjazmav/Projects/A-S01/app/heuristic/Covering.py:29(__promotion)
 34531109    9.511    0.000    9.511    0.000 /home/matjazmav/Projects/A-S01/app/utils/State.py:34(__lt__)
  2851333    9.255    0.000   28.643    0.000 /usr/lib/python3.6/queue.py:115(put)
  3133209    9.135    0.000   89.907    0.000 /home/matjazmav/Projects/A-S01/app/utils/State.py:7(__init__)
  2019396    8.447    0.000   15.225    0.000 /usr/lib/python3.6/queue.py:229(_get)
  5051973    8.324    0.000   59.672    0.000 /home/matjazmav/.local/lib/python3.6/site-packages/chess/__init__.py:3218(generate_legal_moves)
  4870729    8.261    0.000   11.601    0.000 /usr/lib/python3.6/threading.py:334(notify)
  3534671    7.858    0.000   17.200    0.000 /home/matjazmav/.local/lib/python3.6/site-packages/chess/__init__.py:1442(generate_pseudo_legal_moves)
  3253217    7.624    0.000  505.631    0.000 /home/matjazmav/Projects/A-S01/app/utils/State.py:37(generate)
  6266298    7.577    0.000   22.629    0.000 /home/matjazmav/.local/lib/python3.6/site-packages/chess/__init__.py:1915(_board_state)
   701367    7.490    0.000   56.594    0.000 /home/matjazmav/Projects/A-S01/app/heuristic/Covering.py:21(__score)
  3133149    7.472    0.000   20.492    0.000 /home/matjazmav/Projects/A-S01/app/utils/ZobristHasher.py:22(update)
 12233732    7.288    0.000   43.094    0.000 /home/matjazmav/.local/lib/python3.6/site-packages/chess/__init__.py:702(attackers_mask)
  3133149    7.253    0.000   31.431    0.000 /home/matjazmav/.local/lib/python3.6/site-packages/chess/__init__.py:1230(copy)
 12806490    7.250    0.000    7.250    0.000 /home/matjazmav/.local/lib/python3.6/site-packages/chess/__init__.py:210(scan_reversed)
  6275278    7.236    0.000   10.865    0.000 /home/matjazmav/.local/lib/python3.6/site-packages/chess/__init__.py:3302(_from_chess960)
  3159641    6.097    0.000   11.678    0.000 /home/matjazmav/.local/lib/python3.6/site-packages/chess/__init__.py:615(piece_at)
  5275935    6.017    0.000   22.760    0.000 /home/matjazmav/.local/lib/python3.6/site-packages/chess/__init__.py:3180(_is_safe)
  6266298    6.013    0.000    6.013    0.000 /home/matjazmav/.local/lib/python3.6/site-packages/chess/__init__.py:573(_clear_board)
  5071428    5.705    0.000   26.699    0.000 /home/matjazmav/.local/lib/python3.6/site-packages/chess/__init__.py:714(attackers)
  1765053    5.387    0.000    6.445    0.000 /home/matjazmav/.local/lib/python3.6/site-packages/chess/__init__.py:3161(_slider_blockers)
  2041883    5.144    0.000    8.204    0.000 /home/matjazmav/.local/lib/python3.6/site-packages/chess/__init__.py:3193(_generate_evasions)
  3138966    4.966    0.000    9.070    0.000 /home/matjazmav/.local/lib/python3.6/site-packages/chess/__init__.py:817(_set_piece_at)
  2851333    4.928    0.000    7.661    0.000 /usr/lib/python3.6/queue.py:226(_put)
  2019396    4.878    0.000   25.748    0.000 /usr/lib/python3.6/queue.py:147(get)
  2282810    4.744    0.000    5.683    0.000 /home/matjazmav/.local/lib/python3.6/site-packages/chess/__init__.py:2878(is_castling)
  7143196    4.605    0.000    4.605    0.000 /home/matjazmav/.local/lib/python3.6/site-packages/chess/__init__.py:468(__bool__)
  5772855    4.487    0.000    4.487    0.000 /home/matjazmav/.local/lib/python3.6/site-packages/chess/__init__.py:3559(__init__)
  3133149    4.401    0.000   24.178    0.000 /home/matjazmav/.local/lib/python3.6/site-packages/chess/__init__.py:1360(__init__)
  3133149    4.276    0.000   56.092    0.000 /home/matjazmav/.local/lib/python3.6/site-packages/chess/__init__.py:1714(is_checkmate)
  3133149    4.146    0.000   10.377    0.000 /home/matjazmav/.local/lib/python3.6/site-packages/chess/__init__.py:1415(clear_board)
  5397234    4.069    0.000   24.391    0.000 /home/matjazmav/.local/lib/python3.6/site-packages/chess/__init__.py:705(is_attacked_by)
  5071488    3.948    0.000    3.948    0.000 /home/matjazmav/.local/lib/python3.6/site-packages/chess/__init__.py:216(popcount)
  3901439    3.829    0.000    5.728    0.000 /home/matjazmav/.local/lib/python3.6/site-packages/chess/__init__.py:642(king)
  3133149    3.754    0.000    6.916    0.000 /home/matjazmav/.local/lib/python3.6/site-packages/chess/__init__.py:546(__init__)
  3133149    3.737    0.000   22.919    0.000 /home/matjazmav/.local/lib/python3.6/site-packages/chess/__init__.py:1529(is_check)
  3133209    3.677    0.000   60.271    0.000 /home/matjazmav/Projects/A-S01/app/heuristic/Covering.py:15(score)
  4911602    3.528    0.000    3.528    0.000 /home/matjazmav/.local/lib/python3.6/site-packages/chess/__init__.py:201(scan_forward)
  4870729    3.339    0.000    3.339    0.000 /usr/lib/python3.6/threading.py:254(_is_owned)
  6266298    3.257    0.000    3.259    0.000 /home/matjazmav/.local/lib/python3.6/site-packages/chess/__init__.py:3317(_to_chess960)
  4870729    3.024    0.000    3.024    0.000 /usr/lib/python3.6/threading.py:239(__enter__)
  3142040    2.892    0.000    2.892    0.000 /home/matjazmav/.local/lib/python3.6/site-packages/chess/__init__.py:385(__init__)
  3133149    2.762    0.000    2.762    0.000 /home/matjazmav/.local/lib/python3.6/site-packages/chess/__init__.py:2860(is_zeroing)
  3133149    2.483    0.000   12.861    0.000 /home/matjazmav/.local/lib/python3.6/site-packages/chess/__init__.py:1397(clear)
  5251707    2.459    0.000    2.459    0.000 /home/matjazmav/.local/lib/python3.6/site-packages/chess/__init__.py:207(msb)
  5071488    2.378    0.000    6.325    0.000 /home/matjazmav/.local/lib/python3.6/site-packages/chess/__init__.py:3583(__len__)
  2851333    2.330    0.000   30.973    0.000 /usr/lib/python3.6/queue.py:178(put_nowait)
  4870729    2.124    0.000    2.124    0.000 /usr/lib/python3.6/threading.py:242(__exit__)
  2019419    1.890    0.000    2.641    0.000 /usr/lib/python3.6/queue.py:90(empty)
  3133149    1.860    0.000    1.860    0.000 /home/matjazmav/.local/lib/python3.6/site-packages/chess/__init__.py:1419(clear_stack)
   768230    1.762    0.000   11.906    0.000 /home/matjazmav/.local/lib/python3.6/site-packages/chess/__init__.py:1534(is_into_check)
  3133149    1.520    0.000    4.370    0.000 /home/matjazmav/.local/lib/python3.6/site-packages/chess/__init__.py:587(clear_board)
  3133329    1.387    0.000    1.387    0.000 /home/matjazmav/.local/lib/python3.6/site-packages/chess/__init__.py:471(__eq__)
  4038815    1.373    0.000    1.373    0.000 /usr/lib/python3.6/queue.py:223(_qsize)
   705523    1.247    0.000    1.247    0.000 /home/matjazmav/.local/lib/python3.6/site-packages/chess/__init__.py:654(attacks_mask)
  2993125    1.206    0.000    1.206    0.000 /home/matjazmav/.local/lib/python3.6/site-packages/chess/__init__.py:2849(is_en_passant)
  2019396    1.169    0.000   26.916    0.000 /usr/lib/python3.6/queue.py:186(get_nowait)
  3190372    1.064    0.000    1.064    0.000 /home/matjazmav/.local/lib/python3.6/site-packages/chess/__init__.py:2897(clean_castling_rights)
  4577254    0.941    0.000    0.941    0.000 /home/matjazmav/.local/lib/python3.6/site-packages/chess/__init__.py:127(square_file)
   701367    0.765    0.000    1.592    0.000 /home/matjazmav/.local/lib/python3.6/site-packages/chess/__init__.py:607(pieces)
   129040    0.631    0.000    1.451    0.000 /home/matjazmav/.local/lib/python3.6/site-packages/chess/__init__.py:3261(generate_castling_moves)
  2019396    0.421    0.000    0.421    0.000 /home/matjazmav/Projects/A-S01/app/utils/State.py:77(is_goal)
   701367    0.406    0.000    0.406    0.000 /home/matjazmav/.local/lib/python3.6/site-packages/chess/__init__.py:591(pieces_mask)
   701427    0.354    0.000    0.354    0.000 /home/matjazmav/.local/lib/python3.6/site-packages/chess/__init__.py:3577(__iter__)
   942779    0.350    0.000    0.350    0.000 /home/matjazmav/.local/lib/python3.6/site-packages/chess/__init__.py:131(square_rank)
  1116900    0.222    0.000    0.222    0.000 /home/matjazmav/.local/lib/python3.6/site-packages/chess/__init__.py:1610(is_variant_end)
    67154    0.170    0.000    0.637    0.000 /home/matjazmav/.local/lib/python3.6/site-packages/chess/__init__.py:3251(_attacked_for_king)
   120068    0.153    0.000    0.229    0.000 /home/matjazmav/.local/lib/python3.6/site-packages/chess/__init__.py:1379(legal_moves)
   145556    0.119    0.000    0.467    0.000 /home/matjazmav/.local/lib/python3.6/site-packages/chess/__init__.py:3252(<genexpr>)
   120068    0.078    0.000    0.078    0.000 /home/matjazmav/.local/lib/python3.6/site-packages/chess/__init__.py:3470(__iter__)
   120068    0.076    0.000    0.076    0.000 /home/matjazmav/.local/lib/python3.6/site-packages/chess/__init__.py:3460(__init__)
    46080    0.062    0.000    0.112    0.000 /usr/lib/python3.6/random.py:173(randrange)
   244069    0.053    0.000    0.053    0.000 /home/matjazmav/.local/lib/python3.6/site-packages/chess/__init__.py:1918(_push_capture)
    46080    0.050    0.000    0.050    0.000 /usr/lib/python3.6/random.py:223(_randbelow)
    46080    0.028    0.000    0.139    0.000 /usr/lib/python3.6/random.py:217(randint)
     8980    0.012    0.000    0.012    0.000 /home/matjazmav/.local/lib/python3.6/site-packages/chess/__init__.py:3254(_castling_uncovers_rank_attack)
       60    0.004    0.000    0.165    0.003 /home/matjazmav/Projects/A-S01/app/utils/ZobristHasher.py:7(<listcomp>)
       60    0.003    0.000    0.009    0.000 /home/matjazmav/Projects/A-S01/app/utils/ZobristHasher.py:9(hash)
      180    0.001    0.000    0.001    0.000 /usr/lib/python3.6/threading.py:215(__init__)
       60    0.001    0.000    0.002    0.000 /home/matjazmav/Projects/A-S01/app/heuristic/Covering.py:6(__init__)
       37    0.001    0.000    0.001    0.000 /home/matjazmav/Projects/A-S01/app/utils/State.py:80(get_path)
       60    0.001    0.000    0.002    0.000 /usr/lib/python3.6/queue.py:27(__init__)
       60    0.000    0.000    0.166    0.003 /home/matjazmav/Projects/A-S01/app/utils/ZobristHasher.py:6(__init__)
      181    0.000    0.000    0.000    0.000 /home/matjazmav/.local/lib/python3.6/site-packages/chess/__init__.py:447(uci)
       60    0.000    0.000    0.000    0.000 /home/matjazmav/.local/lib/python3.6/site-packages/chess/__init__.py:673(attacks)
       60    0.000    0.000    0.000    0.000 /home/matjazmav/Projects/A-S01/app/utils/Profiler.py:10(disable)
       60    0.000    0.000    0.000    0.000 /usr/lib/python3.6/queue.py:220(_init)
      181    0.000    0.000    0.000    0.000 /home/matjazmav/Projects/A-S01/app/utils/State.py:31(__eq__)



