01/60 [SUCCESS] 1553716184+02 inputs/1.txt  04 d4-d3;d3-c2;c2-b1r;f8-b4
02/60 [SUCCESS] 1553716186+00 inputs/10.txt 04 f6-f5;f8-c5;d8-h4;h4-f2
03/60 [SUCCESS] 1553716187+00 inputs/11.txt 04 c8-g4;d8-d5;d5-d4;d4-d1
04/60 [SUCCESS] 1553716187+00 inputs/12.txt 04 c8-g4;d8-d5;d5-f3;f3-d1
05/60 [SUCCESS] 1553716187+00 inputs/13.txt 04 c8-g4;d8-d7;d7-a4;a4-d1
06/60 [SUCCESS] 1553716187+17 inputs/14.txt 04 d8-d6;c6-e5;d6-e6;e5-f3
07/60 [SUCCESS] 1553716204+04 inputs/15.txt 04 d7-e5;d8-d5;d5-e6;e5-f3
08/60 [FAIL]    1553716209+20 inputs/16.txt 04 False
09/60 [SUCCESS] 1553716229+16 inputs/17.txt 04 c6-b4;c7-c6;d8-a5;b4-d3
10/60 [SUCCESS] 1553716245+09 inputs/18.txt 04 f8-b4;d8-f6;f6-b2;b2-c1
11/60 [FAIL]    1553716254+20 inputs/19.txt 05 False
12/60 [SUCCESS] 1553716274+00 inputs/2.txt  04 e7-e6;f8-c5;d8-h4;h4-f2
13/60 [SUCCESS] 1553716275+00 inputs/20.txt 05 f3-e5;d5-d6;d6-e7;e5-c6;e7-d8q
14/60 [SUCCESS] 1553716276+00 inputs/21.txt 05 b1-d2;a1-c1;g2-g3;f1-h3;c1-c8
15/60 [SUCCESS] 1553716276+00 inputs/22.txt 05 c1-g5;b5-c4;g1-f3;f3-e5;c4-f7
16/60 [SUCCESS] 1553716276+01 inputs/23.txt 05 e1-f2;b1-c3;c3-d5;a1-d1;d5-c7
17/60 [SUCCESS] 1553716278+03 inputs/24.txt 05 c1-d2;f1-b5;b1-a3;e1-c1;d2-g5
18/60 [FAIL]    1553716282+20 inputs/25.txt 05 False
19/60 [FAIL]    1553716302+20 inputs/26.txt 05 False
20/60 [FAIL]    1553716322+20 inputs/27.txt 05 False
21/60 [SUCCESS] 1553716342+00 inputs/28.txt 05 d2-g5;d4-e5;e5-e6;e6-e7;e7-d8q
22/60 [SUCCESS] 1553716342+01 inputs/29.txt 05 e4-d5;d5-d6;d6-c7;c7-c8q;d8-f6
23/60 [SUCCESS] 1553716344+00 inputs/3.txt  04 d8-d5;d5-f3;c8-g4;f3-d1
24/60 [SUCCESS] 1553716344+05 inputs/30.txt 05 e1-d1;a1-a3;a3-c3;c3-c7;c7-c8
25/60 [SUCCESS] 1553716350+13 inputs/31.txt 05 a2-a4;a4-b5;b5-b6;b6-c7;c7-c8q
26/60 [SUCCESS] 1553716363+00 inputs/32.txt 05 f4-f5;f5-f6;f6-e7;c1-g5;e7-d8q
27/60 [SUCCESS] 1553716363+00 inputs/33.txt 05 c1-g5;c4-d5;d5-d6;d6-e7;e7-d8q
28/60 [SUCCESS] 1553716363+00 inputs/34.txt 05 c1-g5;a1-d1;d1-d4;d4-d5;d5-d8
29/60 [SUCCESS] 1553716364+00 inputs/35.txt 05 e1-d1;c1-g5;a1-c1;c1-c8;c8-d8
30/60 [SUCCESS] 1553716364+15 inputs/36.txt 05 d8-g5;e2-e3;f1-d3;d3-h7;h7-g6
31/60 [SUCCESS] 1553716380+00 inputs/37.txt 06 e8-d8;a8-a6;a6-e6;e6-e3;g8-h6;h6-g4
32/60 [SUCCESS] 1553716380+00 inputs/38.txt 06 d7-d5;c8-g4;e5-d4;d4-d3;d3-c2;c2-d1q
33/60 [FAIL]    1553716380+20 inputs/39.txt 06 False
34/60 [SUCCESS] 1553716401+01 inputs/4.txt  04 g8-f6;f6-e4;f8-c5;c5-f2
35/60 [SUCCESS] 1553716402+00 inputs/40.txt 06 c8-g4;d5-e4;e4-e3;b4-e7;e7-h4;h4-f2
36/60 [SUCCESS] 1553716402+00 inputs/41.txt 06 c8-g4;c5-f2;b8-c6;c6-d4;a8-d8;d4-e2
37/60 [FAIL]    1553716403+20 inputs/42.txt 06 False
38/60 [SUCCESS] 1553716423+06 inputs/43.txt 07 f1-e2;h8-g6;e2-g4;h1-e1;e1-e3;e3-f3;f3-f8
39/60 [FAIL]    1553716429+20 inputs/44.txt 07 False
40/60 [FAIL]    1553716449+20 inputs/45.txt 07 False
41/60 [FAIL]    1553716469+20 inputs/46.txt 07 False
42/60 [FAIL]    1553716490+20 inputs/47.txt 07 False
43/60 [FAIL]    1553716510+20 inputs/48.txt 07 False
44/60 [SUCCESS] 1553716530+00 inputs/49.txt 08 d7-b5;g8-h6;h6-f5;h8-f8;e7-d7;f8-e8;e8-e1;e1-f1
45/60 [SUCCESS] 1553716530+01 inputs/5.txt  04 c8-g4;b8-c6;c6-b4;b4-c2
46/60 [FAIL]    1553716532+20 inputs/50.txt 08 False
47/60 [FAIL]    1553716552+20 inputs/51.txt 08 False
48/60 [FAIL]    1553716572+20 inputs/52.txt 08 False
49/60 [FAIL]    1553716593+20 inputs/53.txt 08 False
50/60 [FAIL]    1553716613+20 inputs/54.txt 08 False
51/60 [SUCCESS] 1553716633+07 inputs/55.txt 09 g5-g6;g6-f7;h2-h4;h4-h5;h5-h6;h6-g7;g7-h8q;h8-c8;f7-f8q
52/60 [FAIL]    1553716641+20 inputs/56.txt 09 False
53/60 [SUCCESS] 1553716661+00 inputs/57.txt 09 g2-g4;g4-g5;g5-g6;g6-f7;f7-f8q;a8-b7;b1-a3;a3-b5;b7-c8
54/60 [FAIL]    1553716661+20 inputs/58.txt 09 False
55/60 [FAIL]    1553716681+20 inputs/59.txt 09 False
56/60 [SUCCESS] 1553716701+07 inputs/6.txt  04 e7-f6;c6-e5;d8-e7;e5-f3
57/60 [SUCCESS] 1553716709+00 inputs/60.txt 09 c3-c4;c4-c5;c5-c6;a8-c7;c7-e6;a2-a4;a4-a5;a5-a6;a6-b7
58/60 [SUCCESS] 1553716710+00 inputs/7.txt  04 g8-f6;f6-e4;d8-f6;f6-f2
59/60 [SUCCESS] 1553716710+00 inputs/8.txt  04 f6-e4;e7-e6;d8-h4;h4-f2
60/60 [SUCCESS] 1553716710+00 inputs/9.txt  04 e7-e6;d8-h4;f8-c5;h4-f2
Done, passed 40 out of 60.



         446891755 function calls in 523.004 seconds

   Ordered by: internal time

   ncalls  tottime  percall  cumtime  percall filename:lineno(function)
 10847087   65.009    0.000  179.833    0.000 /home/matjazmav/.local/lib/python3.6/site-packages/chess/__init__.py:1921(push)
 15410589   39.384    0.000   39.384    0.000 /home/matjazmav/.local/lib/python3.6/site-packages/chess/__init__.py:684(_attackers_mask)
  2457300   35.619    0.000  493.176    0.000 /home/matjazmav/Projects/A-S01/app/utils/State.py:37(generate)
 17467352   24.167    0.000   33.098    0.000 /home/matjazmav/.local/lib/python3.6/site-packages/chess/__init__.py:780(_remove_piece_at)
 10847087   19.839    0.000   19.839    0.000 /home/matjazmav/.local/lib/python3.6/site-packages/chess/__init__.py:1281(__init__)
  8685631   17.306    0.000   75.418    0.000 /home/matjazmav/.local/lib/python3.6/site-packages/chess/__init__.py:1230(copy)
  9349066   16.021    0.000   36.564    0.000 /home/matjazmav/.local/lib/python3.6/site-packages/chess/__init__.py:1442(generate_pseudo_legal_moves)
 17371262   16.001    0.000   16.001    0.000 /home/matjazmav/.local/lib/python3.6/site-packages/chess/__init__.py:573(_clear_board)
 28526372   13.834    0.000   13.834    0.000 /home/matjazmav/.local/lib/python3.6/site-packages/chess/__init__.py:623(piece_type_at)
  8685631   12.604    0.000   88.022    0.000 /home/matjazmav/.local/lib/python3.6/site-packages/chess/__init__.py:3380(copy)
 20510408   11.924    0.000   11.924    0.000 /home/matjazmav/.local/lib/python3.6/site-packages/chess/__init__.py:441(__init__)
  8717661   11.505    0.000   21.857    0.000 /home/matjazmav/.local/lib/python3.6/site-packages/chess/__init__.py:817(_set_piece_at)
  8685631   11.212    0.000   58.112    0.000 /home/matjazmav/.local/lib/python3.6/site-packages/chess/__init__.py:1360(__init__)
 20400372   10.733    0.000   10.733    0.000 /home/matjazmav/.local/lib/python3.6/site-packages/chess/__init__.py:210(scan_reversed)
 10900636   10.632    0.000   18.045    0.000 /home/matjazmav/.local/lib/python3.6/site-packages/chess/__init__.py:3302(_from_chess960)
  9655395    9.957    0.000   76.516    0.000 /home/matjazmav/.local/lib/python3.6/site-packages/chess/__init__.py:3218(generate_legal_moves)
  8685631    9.659    0.000   25.211    0.000 /home/matjazmav/.local/lib/python3.6/site-packages/chess/__init__.py:1415(clear_board)
 10847087    9.119    0.000   28.959    0.000 /home/matjazmav/.local/lib/python3.6/site-packages/chess/__init__.py:1915(_board_state)
  8685631    8.894    0.000   52.261    0.000 /home/matjazmav/.local/lib/python3.6/site-packages/chess/__init__.py:1529(is_check)
  9639283    8.763    0.000   23.121    0.000 /home/matjazmav/.local/lib/python3.6/site-packages/chess/__init__.py:3180(_is_safe)
 15126041    8.441    0.000   46.994    0.000 /home/matjazmav/.local/lib/python3.6/site-packages/chess/__init__.py:702(attackers_mask)
  8685631    7.346    0.000   15.500    0.000 /home/matjazmav/.local/lib/python3.6/site-packages/chess/__init__.py:546(__init__)
  8834907    7.156    0.000   10.927    0.000 /home/matjazmav/.local/lib/python3.6/site-packages/chess/__init__.py:642(king)
 10443242    7.119    0.000   39.936    0.000 /home/matjazmav/.local/lib/python3.6/site-packages/chess/__init__.py:705(is_attacked_by)
  8685631    6.873    0.000    6.873    0.000 /home/matjazmav/.local/lib/python3.6/site-packages/chess/__init__.py:2860(is_zeroing)
   535730    6.525    0.000   12.077    0.000 /home/matjazmav/Projects/A-S01/app/heuristic/Covering.py:32(__promotion)
  2161516    6.197    0.000   60.252    0.000 /home/matjazmav/Projects/A-S01/app/utils/State.py:7(__init__)
  8685631    6.190    0.000   31.400    0.000 /home/matjazmav/.local/lib/python3.6/site-packages/chess/__init__.py:1397(clear)
 11184214    6.053    0.000    6.053    0.000 /home/matjazmav/.local/lib/python3.6/site-packages/chess/__init__.py:468(__bool__)
  2070399    6.006    0.000   18.364    0.000 /usr/lib/python3.6/queue.py:115(put)
  2366283    5.661    0.000    7.300    0.000 /usr/lib/python3.6/threading.py:334(notify)
   535730    5.551    0.000   40.349    0.000 /home/matjazmav/Projects/A-S01/app/heuristic/Covering.py:24(__score)
 10847087    4.397    0.000    4.407    0.000 /home/matjazmav/.local/lib/python3.6/site-packages/chess/__init__.py:3317(_to_chess960)
 10338128    4.330    0.000    4.330    0.000 /home/matjazmav/.local/lib/python3.6/site-packages/chess/__init__.py:207(msb)
  2373389    4.278    0.000    7.753    0.000 /home/matjazmav/.local/lib/python3.6/site-packages/chess/__init__.py:615(piece_at)
  8685631    4.125    0.000    4.125    0.000 /home/matjazmav/.local/lib/python3.6/site-packages/chess/__init__.py:1419(clear_stack)
  2161456    4.066    0.000   11.528    0.000 /home/matjazmav/Projects/A-S01/app/utils/ZobristHasher.py:23(update)
       60    3.948    0.066  523.008    8.717 /home/matjazmav/Projects/A-S01/app/solve.py:12(solve)
  3900753    3.939    0.000   18.293    0.000 /home/matjazmav/.local/lib/python3.6/site-packages/chess/__init__.py:714(attackers)
  1811160    3.701    0.000    4.426    0.000 /home/matjazmav/.local/lib/python3.6/site-packages/chess/__init__.py:2878(is_castling)
  8685631    3.580    0.000   11.426    0.000 /home/matjazmav/.local/lib/python3.6/site-packages/chess/__init__.py:587(clear_board)
  4436543    2.945    0.000    2.945    0.000 /home/matjazmav/.local/lib/python3.6/site-packages/chess/__init__.py:3559(__init__)
  3900813    2.681    0.000    2.681    0.000 /home/matjazmav/.local/lib/python3.6/site-packages/chess/__init__.py:216(popcount)
  7828123    2.612    0.000    2.612    0.000 /home/matjazmav/.local/lib/python3.6/site-packages/chess/__init__.py:2849(is_en_passant)
  8866495    2.580    0.000    2.580    0.000 /home/matjazmav/.local/lib/python3.6/site-packages/chess/__init__.py:2897(clean_castling_rights)
  6949508    2.536    0.000    2.536    0.000 /home/matjazmav/Projects/A-S01/app/utils/State.py:34(__lt__)
  3680705    2.380    0.000    2.380    0.000 /home/matjazmav/.local/lib/python3.6/site-packages/chess/__init__.py:201(scan_forward)
  2070399    2.358    0.000    3.535    0.000 /usr/lib/python3.6/queue.py:226(_put)
   782029    2.313    0.000    2.805    0.000 /home/matjazmav/.local/lib/python3.6/site-packages/chess/__init__.py:3161(_slider_blockers)
  1602105    2.254    0.000    2.254    0.000 /home/matjazmav/.local/lib/python3.6/site-packages/chess/__init__.py:654(attacks_mask)
  2161516    2.170    0.000   42.519    0.000 /home/matjazmav/Projects/A-S01/app/heuristic/Covering.py:18(score)
  2224173    1.759    0.000    1.759    0.000 /home/matjazmav/.local/lib/python3.6/site-packages/chess/__init__.py:385(__init__)
  3900813    1.747    0.000    4.428    0.000 /home/matjazmav/.local/lib/python3.6/site-packages/chess/__init__.py:3583(__len__)
   349385    1.689    0.000    4.243    0.000 /home/matjazmav/.local/lib/python3.6/site-packages/chess/__init__.py:3261(generate_castling_moves)
  2366283    1.639    0.000    1.639    0.000 /usr/lib/python3.6/threading.py:254(_is_owned)
   295884    1.535    0.000    2.894    0.000 /usr/lib/python3.6/queue.py:229(_get)
  2366283    1.473    0.000    1.473    0.000 /usr/lib/python3.6/threading.py:239(__enter__)
   811023    1.469    0.000    2.482    0.000 /home/matjazmav/.local/lib/python3.6/site-packages/chess/__init__.py:3193(_generate_evasions)
  2070399    1.369    0.000   19.733    0.000 /usr/lib/python3.6/queue.py:178(put_nowait)
  2366283    1.045    0.000    1.045    0.000 /usr/lib/python3.6/threading.py:242(__exit__)
   295884    0.971    0.000    4.984    0.000 /usr/lib/python3.6/queue.py:147(get)
  2657545    0.766    0.000    0.766    0.000 /home/matjazmav/.local/lib/python3.6/site-packages/chess/__init__.py:131(square_rank)
  3686380    0.739    0.000    0.739    0.000 /home/matjazmav/.local/lib/python3.6/site-packages/chess/__init__.py:127(square_file)
   535730    0.528    0.000    1.090    0.000 /home/matjazmav/.local/lib/python3.6/site-packages/chess/__init__.py:607(pieces)
   295904    0.502    0.000    0.679    0.000 /usr/lib/python3.6/queue.py:90(empty)
   236529    0.427    0.000    1.875    0.000 /home/matjazmav/.local/lib/python3.6/site-packages/chess/__init__.py:3251(_attacked_for_king)
   521077    0.384    0.000    1.447    0.000 /home/matjazmav/.local/lib/python3.6/site-packages/chess/__init__.py:3252(<genexpr>)
   591788    0.300    0.000    0.300    0.000 /usr/lib/python3.6/queue.py:223(_qsize)
   295844    0.286    0.000    0.408    0.000 /home/matjazmav/.local/lib/python3.6/site-packages/chess/__init__.py:1379(legal_moves)
   149216    0.280    0.000    1.494    0.000 /home/matjazmav/.local/lib/python3.6/site-packages/chess/__init__.py:1534(is_into_check)
   535730    0.272    0.000    0.272    0.000 /home/matjazmav/.local/lib/python3.6/site-packages/chess/__init__.py:591(pieces_mask)
   535790    0.235    0.000    0.235    0.000 /home/matjazmav/.local/lib/python3.6/site-packages/chess/__init__.py:3577(__iter__)
   295884    0.230    0.000    5.214    0.000 /usr/lib/python3.6/queue.py:186(get_nowait)
   928666    0.176    0.000    0.176    0.000 /home/matjazmav/.local/lib/python3.6/site-packages/chess/__init__.py:1610(is_variant_end)
   295844    0.147    0.000    0.147    0.000 /home/matjazmav/.local/lib/python3.6/site-packages/chess/__init__.py:3470(__iter__)
   721984    0.127    0.000    0.127    0.000 /home/matjazmav/.local/lib/python3.6/site-packages/chess/__init__.py:1918(_push_capture)
   295844    0.122    0.000    0.122    0.000 /home/matjazmav/.local/lib/python3.6/site-packages/chess/__init__.py:3460(__init__)
   295884    0.068    0.000    0.068    0.000 /home/matjazmav/Projects/A-S01/app/utils/State.py:70(is_goal)
    53549    0.062    0.000    0.062    0.000 /home/matjazmav/.local/lib/python3.6/site-packages/chess/__init__.py:3254(_castling_uncovers_rank_attack)
    46482    0.060    0.000    0.109    0.000 /usr/lib/python3.6/random.py:173(randrange)
    46482    0.049    0.000    0.049    0.000 /usr/lib/python3.6/random.py:223(_randbelow)
    46482    0.028    0.000    0.137    0.000 /usr/lib/python3.6/random.py:217(randint)
     3840    0.021    0.000    0.157    0.000 /home/matjazmav/Projects/A-S01/app/utils/ZobristHasher.py:5(<listcomp>)
       60    0.003    0.000    0.008    0.000 /home/matjazmav/Projects/A-S01/app/utils/ZobristHasher.py:8(hash)
      180    0.001    0.000    0.001    0.000 /usr/lib/python3.6/threading.py:215(__init__)
       60    0.001    0.000    0.002    0.000 /home/matjazmav/Projects/A-S01/app/heuristic/Covering.py:6(__init__)
       60    0.001    0.000    0.002    0.000 /usr/lib/python3.6/queue.py:27(__init__)
       40    0.001    0.000    0.001    0.000 /home/matjazmav/Projects/A-S01/app/utils/State.py:73(get_path)
       60    0.000    0.000    0.163    0.003 /home/matjazmav/Projects/A-S01/app/utils/ZobristHasher.py:4(__init__)
      165    0.000    0.000    0.000    0.000 /home/matjazmav/.local/lib/python3.6/site-packages/chess/__init__.py:471(__eq__)
      204    0.000    0.000    0.000    0.000 /home/matjazmav/.local/lib/python3.6/site-packages/chess/__init__.py:447(uci)
       60    0.000    0.000    0.001    0.000 /home/matjazmav/Projects/A-S01/app/utils/ZobristHasher.py:6(<listcomp>)
       60    0.000    0.000    0.001    0.000 /home/matjazmav/.local/lib/python3.6/site-packages/chess/__init__.py:673(attacks)
       60    0.000    0.000    0.000    0.000 /home/matjazmav/Projects/A-S01/app/utils/Profiler.py:10(disable)
       60    0.000    0.000    0.000    0.000 /usr/lib/python3.6/queue.py:220(_init)
      204    0.000    0.000    0.000    0.000 /home/matjazmav/Projects/A-S01/app/utils/State.py:31(__eq__)



