01/60 [SUCCESS] 1553626705+00 inputs/1.txt  04 f8-b4;d4-d3;d3-c2;c2-b1r
02/60 [SUCCESS] 1553626705+01 inputs/10.txt 04 c7-c6;d8-b6;b6-f2;f8-c5
03/60 [SUCCESS] 1553626707+00 inputs/11.txt 04 c8-g4;d8-d5;d5-d4;d4-d1
04/60 [SUCCESS] 1553626707+00 inputs/12.txt 04 c8-g4;d8-d5;d5-d2;d2-d1
05/60 [SUCCESS] 1553626707+00 inputs/13.txt 04 c8-g4;d5-c4;d8-d2;d2-d1
06/60 [SUCCESS] 1553626707+00 inputs/14.txt 04 c6-d4;d4-f3;d8-d6;d6-e5
07/60 [SUCCESS] 1553626708+00 inputs/15.txt 04 d7-e5;e5-f3;d8-d6;d6-e6
08/60 [SUCCESS] 1553626708+00 inputs/16.txt 04 c6-d4;d4-f3;d8-d5;d5-d2
09/60 [SUCCESS] 1553626708+00 inputs/17.txt 04 f6-e4;e7-e5;f8-b4;d8-h4
10/60 [SUCCESS] 1553626708+00 inputs/18.txt 04 f8-c5;d8-g5;g5-d2;d2-c1
11/60 [SUCCESS] 1553626708+00 inputs/19.txt 05 d5-c6;c6-c7;c7-d8r;d2-d4;c1-g5
12/60 [SUCCESS] 1553626709+00 inputs/2.txt  04 d8-d5;d5-d2;c6-d4;d4-f3
13/60 [SUCCESS] 1553626709+00 inputs/20.txt 05 f3-e5;d5-d6;d6-e7;e7-f8q;f8-f7
14/60 [SUCCESS] 1553626709+00 inputs/21.txt 05 b1-d2;a1-c1;g2-g3;f1-h3;c1-c8
15/60 [ERROR]   1553626709+00 inputs/22.txt 05 b5-c6;c1-g5;c3-d5;d5-c7
16/60 [SUCCESS] 1553626709+09 inputs/23.txt 05 e1-f2;b1-c3;c3-d5;a1-d1;d5-c7
17/60 [SUCCESS] 1553626718+01 inputs/24.txt 05 c1-d2;f1-b5;b1-c3;d2-g5;a1-d1
18/60 [FAIL]    1553626720+20 inputs/25.txt 05 False
19/60 [SUCCESS] 1553626740+00 inputs/26.txt 05 b5-c6;g1-h3;h1-f1;f1-f6;f6-e6
20/60 [FAIL]    1553626740+20 inputs/27.txt 05 False
21/60 [SUCCESS] 1553626760+00 inputs/28.txt 05 d2-g5;f1-b5;b1-c3;c3-d5;d5-c7
22/60 [SUCCESS] 1553626760+00 inputs/29.txt 05 f1-b5;d8-f6;b1-c3;c3-d5;d5-c7
23/60 [SUCCESS] 1553626761+00 inputs/3.txt  04 d8-d5;d5-f3;f3-d1;c8-g4
24/60 [SUCCESS] 1553626761+04 inputs/30.txt 05 e1-d1;e4-e5;e5-e6;e6-d7;d7-c8q
25/60 [FAIL]    1553626765+20 inputs/31.txt 05 False
26/60 [SUCCESS] 1553626785+00 inputs/32.txt 05 f4-f5;f5-f6;f6-e7;c1-g5;e7-d8q
27/60 [SUCCESS] 1553626786+02 inputs/33.txt 05 c1-g5;c4-d5;d5-d6;d6-e7;e7-d8q
28/60 [ERROR]   1553626788+00 inputs/34.txt 05 f1-b5;c1-g5;a3-c4;c4-d6
29/60 [SUCCESS] 1553626788+00 inputs/35.txt 05 e1-d1;c1-g5;a1-c1;c1-c8;c8-d8
30/60 [FAIL]    1553626788+20 inputs/36.txt 05 False
31/60 [SUCCESS] 1553626808+00 inputs/37.txt 06 e8-d8;g8-f6;f6-e4;g7-g6;f8-h6;h6-d2
32/60 [SUCCESS] 1553626808+00 inputs/38.txt 06 b4-c3;b8-c6;c6-d4;d4-f3;b7-b6;c8-a6
33/60 [SUCCESS] 1553626808+01 inputs/39.txt 06 f8-c5;h6-g4;h8-e8;e8-e5;g4-h2;h2-f3
34/60 [SUCCESS] 1553626810+00 inputs/4.txt  04 f8-b4;b8-c6;c6-d4;d4-f3
35/60 [SUCCESS] 1553626810+00 inputs/40.txt 06 c8-g4;b4-c3;g8-f6;f6-e4;e4-f2;f2-d3
36/60 [SUCCESS] 1553626810+01 inputs/41.txt 06 c8-g4;c5-f2;b8-c6;c6-d4;a8-d8;d4-e2
37/60 [FAIL]    1553626812+20 inputs/42.txt 06 False
38/60 [SUCCESS] 1553626832+00 inputs/43.txt 07 d1-d2;f1-b5;h8-g6;h1-c1;c1-c7;g6-f8;f8-e6
39/60 [SUCCESS] 1553626833+01 inputs/44.txt 07 f2-f4;f4-f5;f5-f6;f6-f7;f7-f8q;f8-e7;h8-g6
40/60 [ERROR]   1553626835+14 inputs/45.txt 07 c1-a3;d4-d5;d5-c6;c6-c7;c7-b8q;f1-b5
41/60 [FAIL]    1553626849+20 inputs/46.txt 07 False
42/60 [SUCCESS] 1553626869+02 inputs/47.txt 07 f3-e5;d4-d5;d5-c6;c6-c7;c7-c8q;f1-a6;e5-f7
43/60 [SUCCESS] 1553626872+05 inputs/48.txt 07 f1-b5;b1-c3;c3-d5;a1-c1;g1-f3;f3-e5;e5-f7
44/60 [SUCCESS] 1553626877+07 inputs/49.txt 08 d7-b5;g8-h6;h6-f5;e7-d7;h8-f8;f8-e8;e8-e1;e1-f1
45/60 [SUCCESS] 1553626884+00 inputs/5.txt  04 c8-g4;d5-e4;d8-d2;d2-d1
46/60 [FAIL]    1553626884+20 inputs/50.txt 08 False
47/60 [SUCCESS] 1553626905+00 inputs/51.txt 08 c6-c5;c5-c4;c4-c3;b8-c6;c6-d4;c3-c2;c2-c1q;a8-c8
48/60 [FAIL]    1553626905+20 inputs/52.txt 08 False
49/60 [SUCCESS] 1553626925+00 inputs/53.txt 08 f8-b4;h8-e8;e8-e3;h6-g4;g4-f2;c8-a8;c6-d4;e3-d3
50/60 [SUCCESS] 1553626925+01 inputs/54.txt 08 b4-c3;b6-b5;b5-b4;b4-b3;b3-a2;a2-b1q;b1-b2;b2-a1
51/60 [FAIL]    1553626926+20 inputs/55.txt 09 False
52/60 [FAIL]    1553626947+20 inputs/56.txt 09 False
53/60 [SUCCESS] 1553626967+00 inputs/57.txt 09 g2-g4;g4-g5;g5-g6;g6-f7;a8-b7;f7-f8q;b1-a3;a3-b5;b7-c8
54/60 [FAIL]    1553626967+20 inputs/58.txt 09 False
55/60 [FAIL]    1553626987+20 inputs/59.txt 09 False
56/60 [SUCCESS] 1553627007+00 inputs/6.txt  04 c6-d4;d4-f3;e7-f6;d8-e7
57/60 [FAIL]    1553627007+20 inputs/60.txt 09 False
58/60 [SUCCESS] 1553627028+00 inputs/7.txt  04 d8-f6;f6-f2;g8-h6;h6-g4
59/60 [SUCCESS] 1553627028+00 inputs/8.txt  04 f6-e4;e7-e6;d8-h4;h4-f2
60/60 [SUCCESS] 1553627028+00 inputs/9.txt  04 c8-g4;d5-e4;d8-d2;d2-d1
Done, passed 44 out of 60.



         254599221 function calls in 321.646 seconds

   Ordered by: internal time

   ncalls  tottime  percall  cumtime  percall filename:lineno(function)
  7375008   38.816    0.000  103.774    0.000 /home/matjazmav/.local/lib/python3.6/site-packages/chess/__init__.py:1921(push)
 10222693   29.556    0.000   29.556    0.000 /home/matjazmav/.local/lib/python3.6/site-packages/chess/__init__.py:684(_attackers_mask)
   809286   23.735    0.000  308.416    0.000 /home/matjazmav/Projects/A-S01/app/utils/State.py:37(generate)
  7375008   13.778    0.000   13.778    0.000 /home/matjazmav/.local/lib/python3.6/site-packages/chess/__init__.py:1281(__init__)
  7401783   11.322    0.000   15.308    0.000 /home/matjazmav/.local/lib/python3.6/site-packages/chess/__init__.py:780(_remove_piece_at)
 19249211   10.318    0.000   10.318    0.000 /home/matjazmav/.local/lib/python3.6/site-packages/chess/__init__.py:623(piece_type_at)
  6251856   10.015    0.000   70.180    0.000 /home/matjazmav/.local/lib/python3.6/site-packages/chess/__init__.py:3218(generate_legal_moves)
 16217428    8.096    0.000    8.096    0.000 /home/matjazmav/.local/lib/python3.6/site-packages/chess/__init__.py:210(scan_reversed)
  3687504    7.946    0.000   35.473    0.000 /home/matjazmav/.local/lib/python3.6/site-packages/chess/__init__.py:1230(copy)
  4098343    7.866    0.000   17.281    0.000 /home/matjazmav/.local/lib/python3.6/site-packages/chess/__init__.py:1442(generate_pseudo_legal_moves)
  7392489    7.501    0.000   11.392    0.000 /home/matjazmav/.local/lib/python3.6/site-packages/chess/__init__.py:3302(_from_chess960)
  6828584    7.329    0.000   28.991    0.000 /home/matjazmav/.local/lib/python3.6/site-packages/chess/__init__.py:3180(_is_safe)
 12981203    7.258    0.000    7.258    0.000 /home/matjazmav/.local/lib/python3.6/site-packages/chess/__init__.py:441(__init__)
  2599817    7.097    0.000    8.599    0.000 /home/matjazmav/.local/lib/python3.6/site-packages/chess/__init__.py:3161(_slider_blockers)
  7375008    6.878    0.000    6.878    0.000 /home/matjazmav/.local/lib/python3.6/site-packages/chess/__init__.py:573(_clear_board)
 10123362    6.402    0.000   35.660    0.000 /home/matjazmav/.local/lib/python3.6/site-packages/chess/__init__.py:702(attackers_mask)
  2811588    6.206    0.000    9.881    0.000 /home/matjazmav/.local/lib/python3.6/site-packages/chess/__init__.py:3193(_generate_evasions)
  3034570    6.037    0.000    7.308    0.000 /home/matjazmav/.local/lib/python3.6/site-packages/chess/__init__.py:2878(is_castling)
  3687504    5.968    0.000   41.441    0.000 /home/matjazmav/.local/lib/python3.6/site-packages/chess/__init__.py:3380(copy)
  3687504    5.561    0.000   27.526    0.000 /home/matjazmav/.local/lib/python3.6/site-packages/chess/__init__.py:1360(__init__)
  3696429    5.418    0.000   10.148    0.000 /home/matjazmav/.local/lib/python3.6/site-packages/chess/__init__.py:817(_set_piece_at)
  7375008    5.380    0.000   19.158    0.000 /home/matjazmav/.local/lib/python3.6/site-packages/chess/__init__.py:1915(_board_state)
  8560657    5.029    0.000    5.029    0.000 /home/matjazmav/.local/lib/python3.6/site-packages/chess/__init__.py:468(__bool__)
  6685427    4.917    0.000   28.752    0.000 /home/matjazmav/.local/lib/python3.6/site-packages/chess/__init__.py:705(is_attacked_by)
  4964178    4.577    0.000    6.920    0.000 /home/matjazmav/.local/lib/python3.6/site-packages/chess/__init__.py:642(king)
  3687504    4.531    0.000   66.856    0.000 /home/matjazmav/.local/lib/python3.6/site-packages/chess/__init__.py:1714(is_checkmate)
  3687504    4.223    0.000   11.521    0.000 /home/matjazmav/.local/lib/python3.6/site-packages/chess/__init__.py:1415(clear_board)
  3687504    3.961    0.000   24.891    0.000 /home/matjazmav/.local/lib/python3.6/site-packages/chess/__init__.py:1529(is_check)
  3687504    3.558    0.000   15.079    0.000 /home/matjazmav/.local/lib/python3.6/site-packages/chess/__init__.py:1397(clear)
  3687504    3.409    0.000    6.887    0.000 /home/matjazmav/.local/lib/python3.6/site-packages/chess/__init__.py:546(__init__)
  7375008    3.379    0.000    3.384    0.000 /home/matjazmav/.local/lib/python3.6/site-packages/chess/__init__.py:3317(_to_chess960)
  6702066    3.065    0.000    3.065    0.000 /home/matjazmav/.local/lib/python3.6/site-packages/chess/__init__.py:207(msb)
  3687504    3.025    0.000    3.025    0.000 /home/matjazmav/.local/lib/python3.6/site-packages/chess/__init__.py:2860(is_zeroing)
  1276614    2.819    0.000   18.512    0.000 /home/matjazmav/.local/lib/python3.6/site-packages/chess/__init__.py:1534(is_into_check)
       60    2.644    0.044  321.670    5.361 /home/matjazmav/Projects/A-S01/app/solve.py:16(solve)
  3687504    2.096    0.000    2.096    0.000 /home/matjazmav/.local/lib/python3.6/site-packages/chess/__init__.py:1419(clear_stack)
   611304    1.960    0.000    6.232    0.000 /usr/lib/python3.6/queue.py:115(put)
   671624    1.884    0.000   16.740    0.000 /home/matjazmav/Projects/A-S01/app/utils/State.py:7(__init__)
  3687504    1.802    0.000    5.202    0.000 /home/matjazmav/.local/lib/python3.6/site-packages/chess/__init__.py:587(clear_board)
   749073    1.773    0.000    2.407    0.000 /usr/lib/python3.6/threading.py:334(notify)
   729200    1.643    0.000    2.858    0.000 /home/matjazmav/.local/lib/python3.6/site-packages/chess/__init__.py:615(piece_at)
   111369    1.578    0.000    3.078    0.000 /home/matjazmav/Projects/A-S01/app/heuristic/Covering.py:29(__promotion)
  3078770    1.427    0.000    1.427    0.000 /home/matjazmav/Projects/A-S01/app/utils/State.py:34(__lt__)
   111369    1.395    0.000   10.102    0.000 /home/matjazmav/Projects/A-S01/app/heuristic/Covering.py:21(__score)
  3794014    1.389    0.000    1.389    0.000 /home/matjazmav/.local/lib/python3.6/site-packages/chess/__init__.py:2849(is_en_passant)
  6086990    1.275    0.000    1.275    0.000 /home/matjazmav/.local/lib/python3.6/site-packages/chess/__init__.py:127(square_file)
   671564    1.249    0.000    4.015    0.000 /home/matjazmav/Projects/A-S01/app/utils/ZobristHasher.py:20(update)
  3749399    1.206    0.000    1.206    0.000 /home/matjazmav/.local/lib/python3.6/site-packages/chess/__init__.py:2897(clean_castling_rights)
   681497    1.059    0.000    1.059    0.000 /home/matjazmav/.local/lib/python3.6/site-packages/chess/__init__.py:654(attacks_mask)
   611304    0.970    0.000    1.546    0.000 /usr/lib/python3.6/queue.py:226(_put)
   838101    0.917    0.000    4.534    0.000 /home/matjazmav/.local/lib/python3.6/site-packages/chess/__init__.py:714(attackers)
   137769    0.864    0.000    1.715    0.000 /usr/lib/python3.6/queue.py:229(_get)
   671624    0.730    0.000   10.832    0.000 /home/matjazmav/Projects/A-S01/app/heuristic/Covering.py:15(score)
   838161    0.691    0.000    0.691    0.000 /home/matjazmav/.local/lib/python3.6/site-packages/chess/__init__.py:216(popcount)
   155195    0.672    0.000    1.608    0.000 /home/matjazmav/.local/lib/python3.6/site-packages/chess/__init__.py:3261(generate_castling_moves)
   949530    0.663    0.000    0.663    0.000 /home/matjazmav/.local/lib/python3.6/site-packages/chess/__init__.py:3559(__init__)
   749073    0.634    0.000    0.634    0.000 /usr/lib/python3.6/threading.py:254(_is_owned)
   686737    0.601    0.000    0.601    0.000 /home/matjazmav/.local/lib/python3.6/site-packages/chess/__init__.py:385(__init__)
   749073    0.591    0.000    0.591    0.000 /usr/lib/python3.6/threading.py:239(__enter__)
   137769    0.568    0.000    3.013    0.000 /usr/lib/python3.6/queue.py:147(get)
   765886    0.563    0.000    0.563    0.000 /home/matjazmav/.local/lib/python3.6/site-packages/chess/__init__.py:201(scan_forward)
   611304    0.505    0.000    6.737    0.000 /usr/lib/python3.6/queue.py:178(put_nowait)
   838161    0.403    0.000    1.095    0.000 /home/matjazmav/.local/lib/python3.6/site-packages/chess/__init__.py:3583(__len__)
   749073    0.392    0.000    0.392    0.000 /usr/lib/python3.6/threading.py:242(__exit__)
  1109690    0.380    0.000    0.380    0.000 /home/matjazmav/.local/lib/python3.6/site-packages/chess/__init__.py:131(square_rank)
   137782    0.351    0.000    0.462    0.000 /usr/lib/python3.6/queue.py:90(empty)
  1460934    0.285    0.000    0.285    0.000 /home/matjazmav/.local/lib/python3.6/site-packages/chess/__init__.py:1610(is_variant_end)
   275551    0.178    0.000    0.178    0.000 /usr/lib/python3.6/queue.py:223(_qsize)
    81383    0.173    0.000    0.698    0.000 /home/matjazmav/.local/lib/python3.6/site-packages/chess/__init__.py:3251(_attacked_for_king)
   137722    0.150    0.000    0.249    0.000 /home/matjazmav/.local/lib/python3.6/site-packages/chess/__init__.py:1379(legal_moves)
   137769    0.146    0.000    3.160    0.000 /usr/lib/python3.6/queue.py:186(get_nowait)
   180714    0.144    0.000    0.525    0.000 /home/matjazmav/.local/lib/python3.6/site-packages/chess/__init__.py:3252(<genexpr>)
   111369    0.129    0.000    0.269    0.000 /home/matjazmav/.local/lib/python3.6/site-packages/chess/__init__.py:607(pieces)
   137722    0.099    0.000    0.099    0.000 /home/matjazmav/.local/lib/python3.6/site-packages/chess/__init__.py:3460(__init__)
   137722    0.083    0.000    0.083    0.000 /home/matjazmav/.local/lib/python3.6/site-packages/chess/__init__.py:3470(__iter__)
   111369    0.071    0.000    0.071    0.000 /home/matjazmav/.local/lib/python3.6/site-packages/chess/__init__.py:591(pieces_mask)
    46080    0.066    0.000    0.119    0.000 /usr/lib/python3.6/random.py:173(randrange)
   292983    0.059    0.000    0.059    0.000 /home/matjazmav/.local/lib/python3.6/site-packages/chess/__init__.py:1918(_push_capture)
   111429    0.054    0.000    0.054    0.000 /home/matjazmav/.local/lib/python3.6/site-packages/chess/__init__.py:3577(__iter__)
    46080    0.053    0.000    0.053    0.000 /usr/lib/python3.6/random.py:223(_randbelow)
   137769    0.042    0.000    0.042    0.000 /home/matjazmav/Projects/A-S01/app/utils/State.py:78(is_goal)
    46080    0.029    0.000    0.148    0.000 /usr/lib/python3.6/random.py:217(randint)
    17481    0.022    0.000    0.022    0.000 /home/matjazmav/.local/lib/python3.6/site-packages/chess/__init__.py:3254(_castling_uncovers_rank_attack)
       60    0.005    0.000    0.176    0.003 /home/matjazmav/Projects/A-S01/app/utils/ZobristHasher.py:5(<listcomp>)
       60    0.003    0.000    0.009    0.000 /home/matjazmav/Projects/A-S01/app/utils/ZobristHasher.py:7(hash)
      180    0.001    0.000    0.001    0.000 /usr/lib/python3.6/threading.py:215(__init__)
       47    0.001    0.000    0.002    0.000 /home/matjazmav/Projects/A-S01/app/utils/State.py:81(get_path)
       60    0.001    0.000    0.002    0.000 /home/matjazmav/Projects/A-S01/app/heuristic/Covering.py:6(__init__)
       60    0.001    0.000    0.002    0.000 /usr/lib/python3.6/queue.py:27(__init__)
      234    0.000    0.000    0.000    0.000 /home/matjazmav/.local/lib/python3.6/site-packages/chess/__init__.py:471(__eq__)
       60    0.000    0.000    0.177    0.003 /home/matjazmav/Projects/A-S01/app/utils/ZobristHasher.py:4(__init__)
      245    0.000    0.000    0.000    0.000 /home/matjazmav/.local/lib/python3.6/site-packages/chess/__init__.py:447(uci)
       60    0.000    0.000    0.001    0.000 /home/matjazmav/.local/lib/python3.6/site-packages/chess/__init__.py:673(attacks)
       60    0.000    0.000    0.000    0.000 /home/matjazmav/Projects/A-S01/app/utils/Profiler.py:10(disable)
       60    0.000    0.000    0.000    0.000 /usr/lib/python3.6/queue.py:220(_init)
      245    0.000    0.000    0.000    0.000 /home/matjazmav/Projects/A-S01/app/utils/State.py:31(__eq__)



