01/60 [SUCCESS] 1553622304+00 inputs/1.txt  04 f8-b4;d4-d3;d3-c2;c2-b1r
02/60 [SUCCESS] 1553622304+01 inputs/10.txt 04 f8-c5;f6-f5;d8-h4;h4-f2
03/60 [SUCCESS] 1553622306+01 inputs/11.txt 04 c8-g4;d8-d5;d5-d4;d4-d1
04/60 [SUCCESS] 1553622307+00 inputs/12.txt 04 c8-g4;d8-d5;d5-d2;d2-d1
05/60 [SUCCESS] 1553622307+00 inputs/13.txt 04 c8-g4;d5-c4;d8-d2;d2-d1
06/60 [SUCCESS] 1553622307+01 inputs/14.txt 04 c6-d4;d4-f3;d8-d6;d6-e5
07/60 [SUCCESS] 1553622309+08 inputs/15.txt 04 e7-e6;f8-b4;d8-f6;f6-e5
08/60 [SUCCESS] 1553622317+02 inputs/16.txt 04 c6-d4;d4-f3;d8-d5;d5-d2
09/60 [SUCCESS] 1553622320+00 inputs/17.txt 04 f6-e4;e7-e5;f8-b4;d8-h4
10/60 [SUCCESS] 1553622320+00 inputs/18.txt 04 f8-c5;d8-g5;g5-d2;d2-c1
11/60 [SUCCESS] 1553622320+00 inputs/19.txt 05 b5-c6;d5-d6;e1-d1;h1-e1;e1-e5
12/60 [SUCCESS] 1553622321+00 inputs/2.txt  04 d8-d5;d5-d2;c6-d4;d4-f3
13/60 [SUCCESS] 1553622321+00 inputs/20.txt 05 f3-e5;d5-d6;d6-e7;e7-f8q;f8-f7
14/60 [SUCCESS] 1553622321+00 inputs/21.txt 05 b1-d2;a1-c1;g2-g3;f1-h3;c1-c8
15/60 [ERROR]   1553622321+00 inputs/22.txt 05 b5-c6;c1-g5;c3-d5;d5-c7
16/60 [SUCCESS] 1553622321+05 inputs/23.txt 05 e1-f2;b1-c3;c3-d5;a1-d1;d5-c7
17/60 [SUCCESS] 1553622327+02 inputs/24.txt 05 c2-c3;f1-b5;c1-g5;b1-a3;a1-d1
18/60 [SUCCESS] 1553622329+10 inputs/25.txt 05 e1-d1;h1-e1;e1-e6;e6-c6;c6-c8
19/60 [SUCCESS] 1553622340+00 inputs/26.txt 05 b5-c6;g1-h3;h1-f1;f1-f5;f5-e5
20/60 [FAIL]    1553622340+20 inputs/27.txt 05 False
21/60 [SUCCESS] 1553622360+01 inputs/28.txt 05 d2-g5;f1-b5;b1-c3;c3-d5;d5-c7
22/60 [SUCCESS] 1553622362+00 inputs/29.txt 05 f1-b5;d8-f6;b1-c3;c3-d5;d5-c7
23/60 [SUCCESS] 1553622362+00 inputs/3.txt  04 d8-d5;d5-f3;f3-d1;c8-g4
24/60 [SUCCESS] 1553622362+04 inputs/30.txt 05 e1-d1;e4-e5;e5-e6;e6-d7;d7-c8q
25/60 [FAIL]    1553622367+20 inputs/31.txt 05 False
26/60 [FAIL]    1553622387+20 inputs/32.txt 05 False
27/60 [SUCCESS] 1553622407+18 inputs/33.txt 05 c1-g5;c4-d5;d5-d6;d6-e7;e7-d8q
28/60 [SUCCESS] 1553622425+00 inputs/34.txt 05 f1-b5;c1-g5;b2-b4;a3-c4;c4-d6
29/60 [SUCCESS] 1553622426+00 inputs/35.txt 05 e1-d1;c1-g5;a1-c1;c1-c8;c8-d8
30/60 [FAIL]    1553622426+20 inputs/36.txt 05 False
31/60 [SUCCESS] 1553622446+06 inputs/37.txt 06 e8-d8;g8-f6;f6-e4;e7-e5;f8-b4;b4-d2
32/60 [SUCCESS] 1553622452+00 inputs/38.txt 06 b4-c3;b8-c6;c6-d4;d4-f3;b7-b6;c8-a6
33/60 [SUCCESS] 1553622453+03 inputs/39.txt 06 f8-c5;h6-g4;c5-d4;d4-c3;h8-e8;e8-e5
34/60 [SUCCESS] 1553622456+01 inputs/4.txt  04 f8-b4;b8-a6;a6-c5;c5-d3
35/60 [SUCCESS] 1553622458+00 inputs/40.txt 06 c8-g4;b4-c3;e5-d4;d4-d3;d3-d2;d2-d1q
36/60 [SUCCESS] 1553622458+11 inputs/41.txt 06 c8-g4;c5-f2;b8-c6;c6-d4;a8-d8;d4-e2
37/60 [FAIL]    1553622470+20 inputs/42.txt 06 False
38/60 [SUCCESS] 1553622490+04 inputs/43.txt 07 d1-d2;f1-b5;h8-g6;f2-f3;h1-f1;f3-g4;f1-f8
39/60 [FAIL]    1553622494+20 inputs/44.txt 07 False
40/60 [SUCCESS] 1553622514+00 inputs/45.txt 07 c1-a3;d4-d5;d2-e4;f1-b5;d5-c6;c6-c7;c7-b8q
41/60 [FAIL]    1553622515+20 inputs/46.txt 07 False
42/60 [SUCCESS] 1553622535+06 inputs/47.txt 07 f3-e5;d4-d5;f1-a6;d5-c6;e5-f7;c6-c7;c7-c8q
43/60 [FAIL]    1553622541+20 inputs/48.txt 07 False
44/60 [FAIL]    1553622561+20 inputs/49.txt 08 False
45/60 [SUCCESS] 1553622581+00 inputs/5.txt  04 c8-g4;d5-e4;d8-d2;d2-d1
46/60 [FAIL]    1553622581+20 inputs/50.txt 08 False
47/60 [FAIL]    1553622601+20 inputs/51.txt 08 False
48/60 [FAIL]    1553622621+20 inputs/52.txt 08 False
49/60 [SUCCESS] 1553622641+00 inputs/53.txt 08 f8-b4;h8-e8;e8-e3;h6-f5;f5-d4;c8-d8;c6-e5;e3-d3
50/60 [FAIL]    1553622641+20 inputs/54.txt 08 False
51/60 [SUCCESS] 1553622661+01 inputs/55.txt 09 g5-g6;g6-f7;f7-f8q;b2-b4;b4-b5;b5-b6;b6-b7;b7-b8q;b8-d6
52/60 [SUCCESS] 1553622663+03 inputs/56.txt 09 a8-d5;h2-h4;h4-g5;e2-f3;f3-f4;g5-g6;g6-f7;f7-f8q;f8-f7
53/60 [FAIL]    1553622666+20 inputs/57.txt 09 False
54/60 [FAIL]    1553622686+20 inputs/58.txt 09 False
55/60 [FAIL]    1553622706+20 inputs/59.txt 09 False
56/60 [SUCCESS] 1553622726+00 inputs/6.txt  04 c6-d4;d4-f3;e7-f6;d8-e7
57/60 [FAIL]    1553622726+20 inputs/60.txt 09 False
58/60 [SUCCESS] 1553622746+00 inputs/7.txt  04 d8-f6;f6-f2;g8-h6;h6-g4
59/60 [SUCCESS] 1553622746+00 inputs/8.txt  04 f6-e4;e7-e6;d8-h4;h4-f2
60/60 [SUCCESS] 1553622747+00 inputs/9.txt  04 c8-g4;d5-e4;d8-d2;d2-d1
Done, passed 42 out of 60.



         359420701 function calls in 442.060 seconds

   Ordered by: internal time

   ncalls  tottime  percall  cumtime  percall filename:lineno(function)
 11388862   60.008    0.000  157.549    0.000 /home/matjazmav/.local/lib/python3.6/site-packages/chess/__init__.py:1921(push)
 13435480   38.366    0.000   38.366    0.000 /home/matjazmav/.local/lib/python3.6/site-packages/chess/__init__.py:684(_attackers_mask)
   653291   35.134    0.000  429.581    0.001 /home/matjazmav/Projects/A-S01/app/utils/State.py:37(generate)
 11388862   20.533    0.000   20.533    0.000 /home/matjazmav/.local/lib/python3.6/site-packages/chess/__init__.py:1281(__init__)
 11423014   17.682    0.000   23.973    0.000 /home/matjazmav/.local/lib/python3.6/site-packages/chess/__init__.py:780(_remove_piece_at)
 29032809   15.776    0.000   15.776    0.000 /home/matjazmav/.local/lib/python3.6/site-packages/chess/__init__.py:623(piece_type_at)
  6378934   12.268    0.000   26.887    0.000 /home/matjazmav/.local/lib/python3.6/site-packages/chess/__init__.py:1442(generate_pseudo_legal_moves)
  5694431   12.167    0.000   51.921    0.000 /home/matjazmav/.local/lib/python3.6/site-packages/chess/__init__.py:1230(copy)
  8523127   12.019    0.000   88.311    0.000 /home/matjazmav/.local/lib/python3.6/site-packages/chess/__init__.py:3218(generate_legal_moves)
 11407367   10.888    0.000   16.265    0.000 /home/matjazmav/.local/lib/python3.6/site-packages/chess/__init__.py:3302(_from_chess960)
 20871687   10.617    0.000   10.617    0.000 /home/matjazmav/.local/lib/python3.6/site-packages/chess/__init__.py:210(scan_reversed)
 11388862   10.382    0.000   10.382    0.000 /home/matjazmav/.local/lib/python3.6/site-packages/chess/__init__.py:573(_clear_board)
  9080273    9.568    0.000   37.032    0.000 /home/matjazmav/.local/lib/python3.6/site-packages/chess/__init__.py:3180(_is_safe)
 19150658    9.180    0.000    9.180    0.000 /home/matjazmav/.local/lib/python3.6/site-packages/chess/__init__.py:441(__init__)
  5694431    8.953    0.000   60.874    0.000 /home/matjazmav/.local/lib/python3.6/site-packages/chess/__init__.py:3380(copy)
  5705815    8.306    0.000   15.907    0.000 /home/matjazmav/.local/lib/python3.6/site-packages/chess/__init__.py:817(_set_piece_at)
 13293334    8.280    0.000   46.164    0.000 /home/matjazmav/.local/lib/python3.6/site-packages/chess/__init__.py:702(attackers_mask)
  2835440    7.845    0.000    9.381    0.000 /home/matjazmav/.local/lib/python3.6/site-packages/chess/__init__.py:3161(_slider_blockers)
  3799575    7.766    0.000    9.328    0.000 /home/matjazmav/.local/lib/python3.6/site-packages/chess/__init__.py:2878(is_castling)
  5694431    7.601    0.000   39.755    0.000 /home/matjazmav/.local/lib/python3.6/site-packages/chess/__init__.py:1360(__init__)
 12656002    7.575    0.000    7.575    0.000 /home/matjazmav/.local/lib/python3.6/site-packages/chess/__init__.py:468(__bool__)
 11388862    7.369    0.000   27.902    0.000 /home/matjazmav/.local/lib/python3.6/site-packages/chess/__init__.py:1915(_board_state)
  9455916    6.975    0.000   40.198    0.000 /home/matjazmav/.local/lib/python3.6/site-packages/chess/__init__.py:705(is_attacked_by)
  7038740    6.380    0.000    9.733    0.000 /home/matjazmav/.local/lib/python3.6/site-packages/chess/__init__.py:642(king)
  5694431    6.256    0.000   17.104    0.000 /home/matjazmav/.local/lib/python3.6/site-packages/chess/__init__.py:1415(clear_board)
  5694431    6.116    0.000   38.176    0.000 /home/matjazmav/.local/lib/python3.6/site-packages/chess/__init__.py:1529(is_check)
  5694431    5.950    0.000   81.393    0.000 /home/matjazmav/.local/lib/python3.6/site-packages/chess/__init__.py:1714(is_checkmate)
  2909203    5.673    0.000    9.045    0.000 /home/matjazmav/.local/lib/python3.6/site-packages/chess/__init__.py:3193(_generate_evasions)
  5694431    5.173    0.000   10.447    0.000 /home/matjazmav/.local/lib/python3.6/site-packages/chess/__init__.py:546(__init__)
 11388862    5.036    0.000    5.040    0.000 /home/matjazmav/.local/lib/python3.6/site-packages/chess/__init__.py:3317(_to_chess960)
  5694431    4.757    0.000    4.757    0.000 /home/matjazmav/.local/lib/python3.6/site-packages/chess/__init__.py:2860(is_zeroing)
  5694431    4.602    0.000   21.706    0.000 /home/matjazmav/.local/lib/python3.6/site-packages/chess/__init__.py:1397(clear)
  9097766    4.215    0.000    4.215    0.000 /home/matjazmav/.local/lib/python3.6/site-packages/chess/__init__.py:207(msb)
  5694431    3.070    0.000    3.070    0.000 /home/matjazmav/.local/lib/python3.6/site-packages/chess/__init__.py:1419(clear_stack)
  1344249    2.988    0.000   20.793    0.000 /home/matjazmav/.local/lib/python3.6/site-packages/chess/__init__.py:1534(is_into_check)
  5694431    2.671    0.000    7.778    0.000 /home/matjazmav/.local/lib/python3.6/site-packages/chess/__init__.py:587(clear_board)
       60    2.640    0.044  442.083    7.368 /home/matjazmav/Projects/A-S01/app/solve.py:16(solve)
  5280698    2.072    0.000    2.072    0.000 /home/matjazmav/.local/lib/python3.6/site-packages/chess/__init__.py:2849(is_en_passant)
  5793769    1.772    0.000    1.772    0.000 /home/matjazmav/.local/lib/python3.6/site-packages/chess/__init__.py:2897(clean_castling_rights)
  1121992    1.767    0.000    1.767    0.000 /home/matjazmav/.local/lib/python3.6/site-packages/chess/__init__.py:654(attacks_mask)
   135241    1.709    0.000    2.988    0.000 /home/matjazmav/Projects/A-S01/app/heuristic/Covering.py:29(__promotion)
  7621918    1.567    0.000    1.567    0.000 /home/matjazmav/.local/lib/python3.6/site-packages/chess/__init__.py:127(square_file)
   135241    1.552    0.000   11.031    0.000 /home/matjazmav/Projects/A-S01/app/heuristic/Covering.py:21(__score)
   615241    1.404    0.000    1.948    0.000 /usr/lib/python3.6/threading.py:334(notify)
  3481282    1.392    0.000    1.392    0.000 /home/matjazmav/Projects/A-S01/app/utils/State.py:34(__lt__)
   390977    1.254    0.000    3.931    0.000 /usr/lib/python3.6/queue.py:115(put)
   429130    1.206    0.000   15.155    0.000 /home/matjazmav/Projects/A-S01/app/utils/State.py:7(__init__)
   224264    1.191    0.000    2.227    0.000 /usr/lib/python3.6/queue.py:229(_get)
   242718    1.120    0.000    2.588    0.000 /home/matjazmav/.local/lib/python3.6/site-packages/chess/__init__.py:3261(generate_castling_moves)
  1001961    1.051    0.000    5.234    0.000 /home/matjazmav/.local/lib/python3.6/site-packages/chess/__init__.py:714(attackers)
   455946    0.938    0.000    1.660    0.000 /home/matjazmav/.local/lib/python3.6/site-packages/chess/__init__.py:615(piece_at)
   224264    0.933    0.000    4.377    0.000 /usr/lib/python3.6/queue.py:147(get)
  1137262    0.812    0.000    0.812    0.000 /home/matjazmav/.local/lib/python3.6/site-packages/chess/__init__.py:3559(__init__)
   429070    0.790    0.000    2.401    0.000 /home/matjazmav/Projects/A-S01/app/utils/ZobristHasher.py:20(update)
  1002021    0.775    0.000    0.775    0.000 /home/matjazmav/.local/lib/python3.6/site-packages/chess/__init__.py:216(popcount)
   390977    0.665    0.000    1.021    0.000 /usr/lib/python3.6/queue.py:226(_put)
   893396    0.652    0.000    0.652    0.000 /home/matjazmav/.local/lib/python3.6/site-packages/chess/__init__.py:201(scan_forward)
  1692777    0.587    0.000    0.587    0.000 /home/matjazmav/.local/lib/python3.6/site-packages/chess/__init__.py:131(square_rank)
   615241    0.545    0.000    0.545    0.000 /usr/lib/python3.6/threading.py:254(_is_owned)
   224281    0.538    0.000    0.702    0.000 /usr/lib/python3.6/queue.py:90(empty)
   429130    0.507    0.000   11.538    0.000 /home/matjazmav/Projects/A-S01/app/heuristic/Covering.py:15(score)
   615241    0.491    0.000    0.491    0.000 /usr/lib/python3.6/threading.py:239(__enter__)
  1002021    0.482    0.000    1.257    0.000 /home/matjazmav/.local/lib/python3.6/site-packages/chess/__init__.py:3583(__len__)
  1715421    0.340    0.000    0.340    0.000 /home/matjazmav/.local/lib/python3.6/site-packages/chess/__init__.py:1610(is_variant_end)
   390977    0.338    0.000    4.268    0.000 /usr/lib/python3.6/queue.py:178(put_nowait)
   438414    0.336    0.000    0.336    0.000 /home/matjazmav/.local/lib/python3.6/site-packages/chess/__init__.py:385(__init__)
   615241    0.330    0.000    0.330    0.000 /usr/lib/python3.6/threading.py:242(__exit__)
   119878    0.278    0.000    1.112    0.000 /home/matjazmav/.local/lib/python3.6/site-packages/chess/__init__.py:3251(_attacked_for_king)
   448545    0.267    0.000    0.267    0.000 /usr/lib/python3.6/queue.py:223(_qsize)
   224221    0.260    0.000    0.370    0.000 /home/matjazmav/.local/lib/python3.6/site-packages/chess/__init__.py:1379(legal_moves)
   224264    0.238    0.000    4.615    0.000 /usr/lib/python3.6/queue.py:186(get_nowait)
   262024    0.224    0.000    0.833    0.000 /home/matjazmav/.local/lib/python3.6/site-packages/chess/__init__.py:3252(<genexpr>)
   135241    0.151    0.000    0.310    0.000 /home/matjazmav/.local/lib/python3.6/site-packages/chess/__init__.py:607(pieces)
   224221    0.132    0.000    0.132    0.000 /home/matjazmav/.local/lib/python3.6/site-packages/chess/__init__.py:3470(__iter__)
   224221    0.109    0.000    0.109    0.000 /home/matjazmav/.local/lib/python3.6/site-packages/chess/__init__.py:3460(__init__)
   483282    0.098    0.000    0.098    0.000 /home/matjazmav/.local/lib/python3.6/site-packages/chess/__init__.py:1918(_push_capture)
   135241    0.079    0.000    0.079    0.000 /home/matjazmav/.local/lib/python3.6/site-packages/chess/__init__.py:591(pieces_mask)
   224264    0.070    0.000    0.070    0.000 /home/matjazmav/Projects/A-S01/app/utils/State.py:78(is_goal)
   135301    0.069    0.000    0.069    0.000 /home/matjazmav/.local/lib/python3.6/site-packages/chess/__init__.py:3577(__iter__)
    46080    0.065    0.000    0.117    0.000 /usr/lib/python3.6/random.py:173(randrange)
    46080    0.052    0.000    0.052    0.000 /usr/lib/python3.6/random.py:223(_randbelow)
    46080    0.029    0.000    0.146    0.000 /usr/lib/python3.6/random.py:217(randint)
    18505    0.028    0.000    0.028    0.000 /home/matjazmav/.local/lib/python3.6/site-packages/chess/__init__.py:3254(_castling_uncovers_rank_attack)
       60    0.005    0.000    0.174    0.003 /home/matjazmav/Projects/A-S01/app/utils/ZobristHasher.py:5(<listcomp>)
       60    0.003    0.000    0.010    0.000 /home/matjazmav/Projects/A-S01/app/utils/ZobristHasher.py:7(hash)
      180    0.001    0.000    0.001    0.000 /usr/lib/python3.6/threading.py:215(__init__)
       60    0.001    0.000    0.002    0.000 /home/matjazmav/Projects/A-S01/app/heuristic/Covering.py:6(__init__)
       43    0.001    0.000    0.002    0.000 /home/matjazmav/Projects/A-S01/app/utils/State.py:81(get_path)
       60    0.001    0.000    0.002    0.000 /usr/lib/python3.6/queue.py:27(__init__)
      211    0.000    0.000    0.000    0.000 /home/matjazmav/.local/lib/python3.6/site-packages/chess/__init__.py:471(__eq__)
       60    0.000    0.000    0.174    0.003 /home/matjazmav/Projects/A-S01/app/utils/ZobristHasher.py:4(__init__)
      218    0.000    0.000    0.000    0.000 /home/matjazmav/.local/lib/python3.6/site-packages/chess/__init__.py:447(uci)
       60    0.000    0.000    0.000    0.000 /home/matjazmav/.local/lib/python3.6/site-packages/chess/__init__.py:673(attacks)
       60    0.000    0.000    0.000    0.000 /home/matjazmav/Projects/A-S01/app/utils/Profiler.py:10(disable)
      218    0.000    0.000    0.000    0.000 /home/matjazmav/Projects/A-S01/app/utils/State.py:31(__eq__)
       60    0.000    0.000    0.000    0.000 /usr/lib/python3.6/queue.py:220(_init)



