01/60 [SUCCESS] 1553510333+00 inputs/1.txt  04 f8-b4;d4-d3;d3-c2;c2-b1r
02/60 [SUCCESS] 1553510334+03 inputs/10.txt 04 f8-c5;f6-f5;d8-h4;h4-f2
03/60 [SUCCESS] 1553510337+03 inputs/11.txt 04 c8-g4;d8-d5;d5-d4;d4-d1
04/60 [SUCCESS] 1553510341+00 inputs/12.txt 04 c8-g4;d8-d5;d5-d2;d2-d1
05/60 [SUCCESS] 1553510341+00 inputs/13.txt 04 c8-g4;d5-c4;d8-d2;d2-d1
06/60 [SUCCESS] 1553510341+04 inputs/14.txt 04 c6-d4;d4-f3;d8-d6;d6-e5
07/60 [SUCCESS] 1553510345+13 inputs/15.txt 04 e7-e5;f8-b4;d8-g5;g5-e3
08/60 [SUCCESS] 1553510359+00 inputs/16.txt 04 c6-d4;d4-f3;d8-d5;d5-d2
09/60 [SUCCESS] 1553510360+00 inputs/17.txt 04 f6-e4;e7-e5;f8-b4;d8-h4
10/60 [SUCCESS] 1553510361+00 inputs/18.txt 04 f8-c5;d8-g5;g5-d2;d2-c1
11/60 [SUCCESS] 1553510361+00 inputs/19.txt 05 b5-c6;d5-d6;e1-d1;h1-e1;e1-e5
12/60 [SUCCESS] 1553510362+00 inputs/2.txt  04 d8-d5;d5-d2;c6-d4;d4-f3
13/60 [SUCCESS] 1553510362+00 inputs/20.txt 05 f3-e5;d5-d6;d6-e7;e7-f8q;f8-f7
14/60 [SUCCESS] 1553510362+01 inputs/21.txt 05 b1-d2;a1-c1;g2-g3;f1-h3;c1-c8
15/60 [ERROR]   1553510363+00 inputs/22.txt 05 b5-c6;c1-g5;c3-d5;d5-c7
16/60 [FAIL]    1553510363+20 inputs/23.txt 05 False
17/60 [FAIL]    1553510384+20 inputs/24.txt 05 False
18/60 [FAIL]    1553510404+20 inputs/25.txt 05 False
19/60 [SUCCESS] 1553510424+00 inputs/26.txt 05 b5-c6;g1-h3;e1-g1;f1-f6;f6-e6
20/60 [FAIL]    1553510424+20 inputs/27.txt 05 False
21/60 [SUCCESS] 1553510445+02 inputs/28.txt 05 d2-g5;f1-b5;b1-c3;c3-d5;d5-c7
22/60 [SUCCESS] 1553510447+00 inputs/29.txt 05 f1-b5;d8-f6;b1-c3;c3-d5;d5-c7
23/60 [SUCCESS] 1553510447+00 inputs/3.txt  04 d8-d5;d5-f3;f3-d1;c8-g4
24/60 [SUCCESS] 1553510448+18 inputs/30.txt 05 e1-d1;e4-e5;e5-e6;e6-d7;d7-c8q
25/60 [FAIL]    1553510466+20 inputs/31.txt 05 False
26/60 [FAIL]    1553510486+20 inputs/32.txt 05 False
27/60 [SUCCESS] 1553510507+04 inputs/33.txt 05 c1-g5;c4-d5;d5-d6;d6-e7;e7-d8q
28/60 [SUCCESS] 1553510511+00 inputs/34.txt 05 f1-b5;c1-g5;b2-b4;a3-c4;c4-d6
29/60 [SUCCESS] 1553510512+01 inputs/35.txt 05 e1-d1;c1-g5;a1-c1;c1-c8;c8-d8
30/60 [FAIL]    1553510513+20 inputs/36.txt 05 False
31/60 [SUCCESS] 1553510533+19 inputs/37.txt 06 e8-d8;g8-h6;h6-g4;e7-e5;f8-e7;e7-h4
32/60 [SUCCESS] 1553510553+00 inputs/38.txt 06 b4-c3;b8-c6;c6-d4;d4-f3;b7-b6;c8-a6
33/60 [SUCCESS] 1553510553+03 inputs/39.txt 06 f8-c5;h6-g4;h8-e8;e8-e5;c5-d4;d4-c3
34/60 [SUCCESS] 1553510556+03 inputs/4.txt  04 f8-b4;b8-d7;d7-c5;c5-d3
35/60 [SUCCESS] 1553510560+00 inputs/40.txt 06 c8-g4;b4-c3;e5-d4;d4-d3;d3-d2;d2-d1q
36/60 [SUCCESS] 1553510560+17 inputs/41.txt 06 c8-g4;c5-f2;b8-c6;c6-d4;a8-d8;d4-e2
37/60 [FAIL]    1553510577+20 inputs/42.txt 06 False
38/60 [SUCCESS] 1553510597+08 inputs/43.txt 07 d1-d2;f1-b5;h8-g6;h1-c1;c1-c7;c7-f7;f7-f8
39/60 [FAIL]    1553510606+20 inputs/44.txt 07 False
40/60 [SUCCESS] 1553510627+00 inputs/45.txt 07 c1-a3;d4-d5;d2-e4;f1-b5;d5-c6;c6-c7;c7-b8q
41/60 [FAIL]    1553510628+20 inputs/46.txt 07 False
42/60 [FAIL]    1553510648+20 inputs/47.txt 07 False
43/60 [FAIL]    1553510668+20 inputs/48.txt 07 False
44/60 [FAIL]    1553510688+20 inputs/49.txt 08 False
45/60 [SUCCESS] 1553510709+00 inputs/5.txt  04 c8-g4;d5-e4;d8-d2;d2-d1
46/60 [FAIL]    1553510709+20 inputs/50.txt 08 False
47/60 [FAIL]    1553510729+20 inputs/51.txt 08 False
48/60 [FAIL]    1553510749+20 inputs/52.txt 08 False
49/60 [SUCCESS] 1553510769+00 inputs/53.txt 08 f8-b4;h8-e8;e8-e3;h6-f5;f5-d4;c8-d8;c6-e5;e3-d3
50/60 [FAIL]    1553510769+20 inputs/54.txt 08 False
51/60 [FAIL]    1553510790+20 inputs/55.txt 09 False
52/60 [SUCCESS] 1553510810+13 inputs/56.txt 09 a8-d5;h2-h4;h4-g5;e2-f3;f3-f4;g5-g6;g6-f7;f7-f8q;f8-f7
53/60 [FAIL]    1553510824+20 inputs/57.txt 09 False
54/60 [FAIL]    1553510844+20 inputs/58.txt 09 False
55/60 [FAIL]    1553510864+20 inputs/59.txt 09 False
56/60 [SUCCESS] 1553510884+00 inputs/6.txt  04 c6-d4;d4-f3;e7-f6;d8-e7
57/60 [FAIL]    1553510885+20 inputs/60.txt 09 False
58/60 [SUCCESS] 1553510905+00 inputs/7.txt  04 d8-f6;f6-f2;g8-f6;f6-e4
59/60 [SUCCESS] 1553510905+01 inputs/8.txt  04 f6-e4;e7-e6;d8-h4;h4-f2
60/60 [SUCCESS] 1553510906+00 inputs/9.txt  04 c8-g4;d5-e4;d8-d2;d2-d1
Done, passed 37 out of 60.



         437792716 function calls in 566.098 seconds

   Ordered by: internal time

   ncalls  tottime  percall  cumtime  percall filename:lineno(function)
 14405712   58.602    0.000  178.547    0.000 /home/matjazmav/.local/lib/python3.6/site-packages/chess/__init__.py:1921(push)
 13802294   39.840    0.000   39.840    0.000 /home/matjazmav/.local/lib/python3.6/site-packages/chess/__init__.py:684(_attackers_mask)
 14405712   32.612    0.000   32.612    0.000 /home/matjazmav/.local/lib/python3.6/site-packages/chess/__init__.py:1281(__init__)
  3601428   23.181    0.000  417.951    0.000 /home/matjazmav/Projects/A-S01/app/utils/State.py:50(__next)
 14416128   18.216    0.000   31.390    0.000 /home/matjazmav/.local/lib/python3.6/site-packages/chess/__init__.py:3302(_from_chess960)
 19583532   16.759    0.000   16.759    0.000 /home/matjazmav/.local/lib/python3.6/site-packages/chess/__init__.py:441(__init__)
       60   15.783    0.263  566.101    9.435 /home/matjazmav/Projects/A-S01/app/solve.py:16(solve)
 14405712   14.815    0.000   47.427    0.000 /home/matjazmav/.local/lib/python3.6/site-packages/chess/__init__.py:1915(_board_state)
 21705635   12.930    0.000   12.930    0.000 /home/matjazmav/.local/lib/python3.6/site-packages/chess/__init__.py:623(piece_type_at)
  7222569   11.776    0.000   15.724    0.000 /home/matjazmav/.local/lib/python3.6/site-packages/chess/__init__.py:780(_remove_piece_at)
  3601488   11.041    0.000  100.142    0.000 /home/matjazmav/Projects/A-S01/app/utils/State.py:7(__init__)
 39849157   10.667    0.000   10.667    0.000 /home/matjazmav/Projects/A-S01/app/utils/State.py:34(__lt__)
  3266171   10.092    0.000   32.427    0.000 /usr/lib/python3.6/queue.py:115(put)
  5560700    9.893    0.000   13.697    0.000 /usr/lib/python3.6/threading.py:334(notify)
  2294529    9.574    0.000   17.267    0.000 /usr/lib/python3.6/queue.py:229(_get)
  3741139    9.530    0.000  481.364    0.000 /home/matjazmav/Projects/A-S01/app/utils/State.py:37(generate)
  5758824    9.528    0.000   70.059    0.000 /home/matjazmav/.local/lib/python3.6/site-packages/chess/__init__.py:3218(generate_legal_moves)
   752926    9.366    0.000   15.343    0.000 /home/matjazmav/Projects/A-S01/app/heuristic/Covering.py:29(__promotion)
 13712799    9.077    0.000   48.614    0.000 /home/matjazmav/.local/lib/python3.6/site-packages/chess/__init__.py:702(attackers_mask)
 15389395    9.070    0.000    9.070    0.000 /home/matjazmav/.local/lib/python3.6/site-packages/chess/__init__.py:468(__bool__)
  4061530    8.645    0.000   18.918    0.000 /home/matjazmav/.local/lib/python3.6/site-packages/chess/__init__.py:1442(generate_pseudo_legal_moves)
  3601428    8.486    0.000   25.215    0.000 /home/matjazmav/Projects/A-S01/app/utils/ZobristHasher.py:22(update)
   752926    8.399    0.000   59.972    0.000 /home/matjazmav/Projects/A-S01/app/heuristic/Covering.py:21(__score)
 14518512    8.316    0.000    8.316    0.000 /home/matjazmav/.local/lib/python3.6/site-packages/chess/__init__.py:210(scan_reversed)
  3601428    8.230    0.000   35.999    0.000 /home/matjazmav/.local/lib/python3.6/site-packages/chess/__init__.py:1230(copy)
  3628152    8.108    0.000   15.166    0.000 /home/matjazmav/.local/lib/python3.6/site-packages/chess/__init__.py:615(piece_at)
  3601428    7.740    0.000  116.313    0.000 /home/matjazmav/Projects/A-S01/app/utils/State.py:41(__copy_board)
  2291040    7.389    0.000   11.689    0.000 /home/matjazmav/.local/lib/python3.6/site-packages/chess/__init__.py:3193(_generate_evasions)
  6056768    7.030    0.000   26.373    0.000 /home/matjazmav/.local/lib/python3.6/site-packages/chess/__init__.py:3180(_is_safe)
  7202856    6.866    0.000    6.866    0.000 /home/matjazmav/.local/lib/python3.6/site-packages/chess/__init__.py:573(_clear_board)
  2024980    6.312    0.000    7.477    0.000 /home/matjazmav/.local/lib/python3.6/site-packages/chess/__init__.py:3161(_slider_blockers)
  5469471    6.310    0.000   29.498    0.000 /home/matjazmav/.local/lib/python3.6/site-packages/chess/__init__.py:714(attackers)
  3601428    6.175    0.000   42.174    0.000 /home/matjazmav/.local/lib/python3.6/site-packages/chess/__init__.py:3380(copy)
  3601428    5.802    0.000   27.769    0.000 /home/matjazmav/.local/lib/python3.6/site-packages/chess/__init__.py:1360(__init__)
  3266171    5.656    0.000    8.630    0.000 /usr/lib/python3.6/queue.py:226(_put)
  2638581    5.557    0.000    6.657    0.000 /home/matjazmav/.local/lib/python3.6/site-packages/chess/__init__.py:2878(is_castling)
  3607999    5.491    0.000   10.252    0.000 /home/matjazmav/.local/lib/python3.6/site-packages/chess/__init__.py:817(_set_piece_at)
 14405712    5.462    0.000    5.464    0.000 /home/matjazmav/.local/lib/python3.6/site-packages/chess/__init__.py:3317(_to_chess960)
  2294529    5.369    0.000   29.041    0.000 /usr/lib/python3.6/queue.py:147(get)
  3601428    4.916    0.000   66.189    0.000 /home/matjazmav/.local/lib/python3.6/site-packages/chess/__init__.py:1714(is_checkmate)
  6222457    4.790    0.000    4.790    0.000 /home/matjazmav/.local/lib/python3.6/site-packages/chess/__init__.py:3559(__init__)
  6218331    4.663    0.000   27.732    0.000 /home/matjazmav/.local/lib/python3.6/site-packages/chess/__init__.py:705(is_attacked_by)
  3601428    4.599    0.000   11.688    0.000 /home/matjazmav/.local/lib/python3.6/site-packages/chess/__init__.py:1415(clear_board)
  3601428    4.430    0.000   26.019    0.000 /home/matjazmav/.local/lib/python3.6/site-packages/chess/__init__.py:1529(is_check)
  4503222    4.377    0.000    6.519    0.000 /home/matjazmav/.local/lib/python3.6/site-packages/chess/__init__.py:642(king)
  5469531    4.179    0.000    4.179    0.000 /home/matjazmav/.local/lib/python3.6/site-packages/chess/__init__.py:216(popcount)
  3610386    4.047    0.000    4.047    0.000 /home/matjazmav/.local/lib/python3.6/site-packages/chess/__init__.py:385(__init__)
  3601488    3.906    0.000   63.878    0.000 /home/matjazmav/Projects/A-S01/app/heuristic/Covering.py:15(score)
  5560700    3.804    0.000    3.804    0.000 /usr/lib/python3.6/threading.py:254(_is_owned)
  3601428    3.759    0.000    7.334    0.000 /home/matjazmav/.local/lib/python3.6/site-packages/chess/__init__.py:546(__init__)
  5242252    3.699    0.000    3.699    0.000 /home/matjazmav/.local/lib/python3.6/site-packages/chess/__init__.py:201(scan_forward)
  5560700    3.349    0.000    3.349    0.000 /usr/lib/python3.6/threading.py:239(__enter__)
  3601428    3.068    0.000    3.068    0.000 /home/matjazmav/.local/lib/python3.6/site-packages/chess/__init__.py:2860(is_zeroing)
  3601428    2.945    0.000   14.633    0.000 /home/matjazmav/.local/lib/python3.6/site-packages/chess/__init__.py:1397(clear)
  6020186    2.774    0.000    2.774    0.000 /home/matjazmav/.local/lib/python3.6/site-packages/chess/__init__.py:207(msb)
  5469531    2.552    0.000    6.732    0.000 /home/matjazmav/.local/lib/python3.6/site-packages/chess/__init__.py:3583(__len__)
  3266171    2.551    0.000   34.977    0.000 /usr/lib/python3.6/queue.py:178(put_nowait)
  5560700    2.359    0.000    2.359    0.000 /usr/lib/python3.6/threading.py:242(__exit__)
  2294551    2.149    0.000    3.008    0.000 /usr/lib/python3.6/queue.py:90(empty)
  3601428    2.084    0.000    2.084    0.000 /home/matjazmav/.local/lib/python3.6/site-packages/chess/__init__.py:1419(clear_stack)
   901734    2.067    0.000   13.950    0.000 /home/matjazmav/.local/lib/python3.6/site-packages/chess/__init__.py:1534(is_into_check)
  3601428    1.713    0.000    5.004    0.000 /home/matjazmav/.local/lib/python3.6/site-packages/chess/__init__.py:587(clear_board)
  3601613    1.607    0.000    1.607    0.000 /home/matjazmav/.local/lib/python3.6/site-packages/chess/__init__.py:471(__eq__)
  4589080    1.565    0.000    1.565    0.000 /usr/lib/python3.6/queue.py:223(_qsize)
   781671    1.327    0.000    1.327    0.000 /home/matjazmav/.local/lib/python3.6/site-packages/chess/__init__.py:654(attacks_mask)
  3418187    1.288    0.000    1.288    0.000 /home/matjazmav/.local/lib/python3.6/site-packages/chess/__init__.py:2849(is_en_passant)
  2294529    1.272    0.000   30.313    0.000 /usr/lib/python3.6/queue.py:186(get_nowait)
  3666277    1.165    0.000    1.165    0.000 /home/matjazmav/.local/lib/python3.6/site-packages/chess/__init__.py:2897(clean_castling_rights)
  5290304    1.103    0.000    1.103    0.000 /home/matjazmav/.local/lib/python3.6/site-packages/chess/__init__.py:127(square_file)
   752926    0.808    0.000    1.694    0.000 /home/matjazmav/.local/lib/python3.6/site-packages/chess/__init__.py:607(pieces)
   150119    0.693    0.000    1.602    0.000 /home/matjazmav/.local/lib/python3.6/site-packages/chess/__init__.py:3261(generate_castling_moves)
  2294529    0.476    0.000    0.476    0.000 /home/matjazmav/Projects/A-S01/app/utils/State.py:85(is_goal)
   752926    0.430    0.000    0.430    0.000 /home/matjazmav/.local/lib/python3.6/site-packages/chess/__init__.py:591(pieces_mask)
  1073265    0.385    0.000    0.385    0.000 /home/matjazmav/.local/lib/python3.6/site-packages/chess/__init__.py:131(square_rank)
   752986    0.352    0.000    0.352    0.000 /home/matjazmav/.local/lib/python3.6/site-packages/chess/__init__.py:3577(__iter__)
  1262966    0.248    0.000    0.248    0.000 /home/matjazmav/.local/lib/python3.6/site-packages/chess/__init__.py:1610(is_variant_end)
    76356    0.184    0.000    0.708    0.000 /home/matjazmav/.local/lib/python3.6/site-packages/chess/__init__.py:3251(_attacked_for_king)
   139711    0.176    0.000    0.266    0.000 /home/matjazmav/.local/lib/python3.6/site-packages/chess/__init__.py:1379(legal_moves)
   165851    0.137    0.000    0.523    0.000 /home/matjazmav/.local/lib/python3.6/site-packages/chess/__init__.py:3252(<genexpr>)
   139711    0.090    0.000    0.090    0.000 /home/matjazmav/.local/lib/python3.6/site-packages/chess/__init__.py:3470(__iter__)
   139711    0.090    0.000    0.090    0.000 /home/matjazmav/.local/lib/python3.6/site-packages/chess/__init__.py:3460(__init__)
    46080    0.057    0.000    0.104    0.000 /usr/lib/python3.6/random.py:173(randrange)
   280849    0.054    0.000    0.054    0.000 /home/matjazmav/.local/lib/python3.6/site-packages/chess/__init__.py:1918(_push_capture)
    46080    0.047    0.000    0.047    0.000 /usr/lib/python3.6/random.py:223(_randbelow)
    46080    0.026    0.000    0.129    0.000 /usr/lib/python3.6/random.py:217(randint)
     3840    0.019    0.000    0.148    0.000 /home/matjazmav/Projects/A-S01/app/utils/ZobristHasher.py:7(<listcomp>)
    10416    0.014    0.000    0.014    0.000 /home/matjazmav/.local/lib/python3.6/site-packages/chess/__init__.py:3254(_castling_uncovers_rank_attack)
       60    0.002    0.000    0.008    0.000 /home/matjazmav/Projects/A-S01/app/utils/ZobristHasher.py:9(hash)
      180    0.001    0.000    0.001    0.000 /usr/lib/python3.6/threading.py:215(__init__)
       60    0.001    0.000    0.002    0.000 /home/matjazmav/Projects/A-S01/app/heuristic/Covering.py:6(__init__)
       60    0.001    0.000    0.002    0.000 /usr/lib/python3.6/queue.py:27(__init__)
       38    0.001    0.000    0.001    0.000 /home/matjazmav/Projects/A-S01/app/utils/State.py:88(get_path)
       60    0.000    0.000    0.152    0.003 /home/matjazmav/Projects/A-S01/app/utils/ZobristHasher.py:6(__init__)
      187    0.000    0.000    0.000    0.000 /home/matjazmav/.local/lib/python3.6/site-packages/chess/__init__.py:447(uci)
       60    0.000    0.000    0.000    0.000 /home/matjazmav/Projects/A-S01/app/utils/Profiler.py:10(disable)
       60    0.000    0.000    0.001    0.000 /home/matjazmav/.local/lib/python3.6/site-packages/chess/__init__.py:673(attacks)
       60    0.000    0.000    0.000    0.000 /usr/lib/python3.6/queue.py:220(_init)
      187    0.000    0.000    0.000    0.000 /home/matjazmav/Projects/A-S01/app/utils/State.py:31(__eq__)



