01/60 [SUCCESS] 1553624198+00 inputs/1.txt  04 f8-b4;d4-d3;d3-c2;c2-b1r
02/60 [SUCCESS] 1553624198+01 inputs/10.txt 04 f8-c5;f6-f5;d8-h4;h4-f2
03/60 [SUCCESS] 1553624200+01 inputs/11.txt 04 c8-g4;d8-d5;d5-d4;d4-d1
04/60 [SUCCESS] 1553624201+00 inputs/12.txt 04 c8-g4;d8-d5;d5-d2;d2-d1
05/60 [SUCCESS] 1553624201+00 inputs/13.txt 04 c8-g4;d5-c4;d8-d2;d2-d1
06/60 [SUCCESS] 1553624201+01 inputs/14.txt 04 c6-d4;d4-f3;d8-d6;d6-e5
07/60 [SUCCESS] 1553624203+07 inputs/15.txt 04 e7-e6;f8-b4;d8-f6;f6-e5
08/60 [SUCCESS] 1553624211+02 inputs/16.txt 04 c6-d4;d4-f3;d8-d5;d5-d2
09/60 [SUCCESS] 1553624213+00 inputs/17.txt 04 f6-e4;e7-e5;f8-b4;d8-h4
10/60 [SUCCESS] 1553624213+00 inputs/18.txt 04 f8-c5;d8-g5;g5-d2;d2-c1
11/60 [SUCCESS] 1553624213+00 inputs/19.txt 05 d5-c6;c6-c7;c7-d8r;d2-d4;c1-g5
12/60 [SUCCESS] 1553624214+00 inputs/2.txt  04 d8-d5;d5-d2;c6-d4;d4-f3
13/60 [SUCCESS] 1553624214+00 inputs/20.txt 05 f3-e5;d5-d6;d6-e7;e7-f8q;f8-f7
14/60 [SUCCESS] 1553624214+00 inputs/21.txt 05 b1-d2;a1-c1;g2-g3;f1-h3;c1-c8
15/60 [ERROR]   1553624214+00 inputs/22.txt 05 b5-c6;c1-g5;c3-d5;d5-c7
16/60 [SUCCESS] 1553624214+05 inputs/23.txt 05 e1-f2;b1-c3;c3-d5;a1-d1;d5-c7
17/60 [SUCCESS] 1553624220+02 inputs/24.txt 05 c2-c3;f1-b5;c1-g5;b1-a3;a1-d1
18/60 [SUCCESS] 1553624222+10 inputs/25.txt 05 e1-d1;h1-e1;e1-e6;e6-c6;c6-c8
19/60 [SUCCESS] 1553624233+00 inputs/26.txt 05 b5-c6;g1-h3;h1-f1;f1-f5;f5-e5
20/60 [FAIL]    1553624233+20 inputs/27.txt 05 False
21/60 [SUCCESS] 1553624253+01 inputs/28.txt 05 d2-g5;f1-b5;b1-c3;c3-d5;d5-c7
22/60 [SUCCESS] 1553624255+00 inputs/29.txt 05 f1-b5;d8-f6;b1-c3;c3-d5;d5-c7
23/60 [SUCCESS] 1553624255+00 inputs/3.txt  04 d8-d5;d5-f3;f3-d1;c8-g4
24/60 [SUCCESS] 1553624255+04 inputs/30.txt 05 e1-d1;e4-e5;e5-e6;e6-d7;d7-c8q
25/60 [FAIL]    1553624259+20 inputs/31.txt 05 False
26/60 [FAIL]    1553624279+20 inputs/32.txt 05 False
27/60 [SUCCESS] 1553624299+19 inputs/33.txt 05 c1-g5;c4-d5;d5-d6;d6-e7;e7-d8q
28/60 [SUCCESS] 1553624318+00 inputs/34.txt 05 f1-b5;c1-g5;b2-b4;a3-c4;c4-d6
29/60 [SUCCESS] 1553624319+00 inputs/35.txt 05 e1-d1;c1-g5;a1-c1;c1-c8;c8-d8
30/60 [FAIL]    1553624319+20 inputs/36.txt 05 False
31/60 [SUCCESS] 1553624339+00 inputs/37.txt 06 e8-d8;g8-f6;f6-e4;g7-g6;f8-h6;h6-d2
32/60 [SUCCESS] 1553624339+00 inputs/38.txt 06 b4-c3;b8-c6;c6-d4;d4-f3;b7-b6;c8-a6
33/60 [SUCCESS] 1553624339+04 inputs/39.txt 06 f8-c5;h6-g4;c5-d4;d4-c3;h8-e8;e8-e5
34/60 [SUCCESS] 1553624343+01 inputs/4.txt  04 f8-b4;b8-a6;a6-c5;c5-d3
35/60 [SUCCESS] 1553624345+01 inputs/40.txt 06 c8-g4;b4-c3;g8-e7;e7-g6;g6-f4;f4-d3
36/60 [SUCCESS] 1553624346+13 inputs/41.txt 06 c8-g4;c5-f2;b8-c6;c6-d4;a8-d8;d4-e2
37/60 [FAIL]    1553624360+20 inputs/42.txt 06 False
38/60 [SUCCESS] 1553624380+00 inputs/43.txt 07 d1-d2;f1-b5;e4-d5;d5-d6;d6-c7;h1-e1;e1-e5
39/60 [SUCCESS] 1553624380+01 inputs/44.txt 07 f2-f4;f4-f5;f5-f6;f6-f7;f7-f8q;f8-e7;h8-g6
40/60 [SUCCESS] 1553624381+17 inputs/45.txt 07 c1-a3;d4-d5;d2-e4;f1-b5;d5-c6;c6-c7;c7-b8q
41/60 [FAIL]    1553624399+20 inputs/46.txt 07 False
42/60 [SUCCESS] 1553624419+04 inputs/47.txt 07 f3-e5;d4-d5;d5-c6;c6-c7;c7-c8q;f1-a6;e5-f7
43/60 [FAIL]    1553624423+20 inputs/48.txt 07 False
44/60 [FAIL]    1553624443+20 inputs/49.txt 08 False
45/60 [SUCCESS] 1553624463+00 inputs/5.txt  04 c8-g4;d5-e4;d8-d2;d2-d1
46/60 [FAIL]    1553624463+20 inputs/50.txt 08 False
47/60 [SUCCESS] 1553624483+00 inputs/51.txt 08 c6-c5;c5-c4;c4-c3;b8-c6;c6-d4;c3-c2;c2-c1q;a8-c8
48/60 [FAIL]    1553624484+20 inputs/52.txt 08 False
49/60 [SUCCESS] 1553624504+00 inputs/53.txt 08 f8-b4;h8-e8;e8-e3;h6-f5;f5-d4;c8-d8;c6-e5;e3-d3
50/60 [FAIL]    1553624504+20 inputs/54.txt 08 False
51/60 [SUCCESS] 1553624524+00 inputs/55.txt 09 b2-b4;b4-b5;b5-b6;b6-b7;b7-b8q;b8-d6;g5-g6;g6-f7;f7-f8q
52/60 [SUCCESS] 1553624524+00 inputs/56.txt 09 a8-d5;h2-h4;h4-g5;e2-f3;f3-f4;g5-g6;g6-g7;g7-g8q;g8-f7
53/60 [SUCCESS] 1553624524+00 inputs/57.txt 09 g2-g4;g4-g5;g5-g6;g6-f7;a8-b7;f7-f8q;b1-a3;a3-b5;b7-c8
54/60 [FAIL]    1553624525+20 inputs/58.txt 09 False
55/60 [SUCCESS] 1553624545+00 inputs/59.txt 09 b2-b4;f2-f4;f4-f5;b4-b5;b5-b6;b6-c7;c7-c8q;c8-d7;d7-e6
56/60 [SUCCESS] 1553624546+00 inputs/6.txt  04 c6-d4;d4-f3;e7-f6;d8-e7
57/60 [FAIL]    1553624546+20 inputs/60.txt 09 False
58/60 [SUCCESS] 1553624566+00 inputs/7.txt  04 d8-f6;f6-f2;g8-h6;h6-g4
59/60 [SUCCESS] 1553624566+00 inputs/8.txt  04 f6-e4;e7-e6;d8-h4;h4-f2
60/60 [SUCCESS] 1553624566+00 inputs/9.txt  04 c8-g4;d5-e4;d8-d2;d2-d1
Done, passed 46 out of 60.



         303253675 function calls in 367.667 seconds

   Ordered by: internal time

   ncalls  tottime  percall  cumtime  percall filename:lineno(function)
  9514290   51.148    0.000  132.018    0.000 /home/matjazmav/.local/lib/python3.6/site-packages/chess/__init__.py:1921(push)
 11371658   31.512    0.000   31.512    0.000 /home/matjazmav/.local/lib/python3.6/site-packages/chess/__init__.py:684(_attackers_mask)
   510733   28.152    0.000  357.800    0.001 /home/matjazmav/Projects/A-S01/app/utils/State.py:37(generate)
  9514290   16.563    0.000   16.563    0.000 /home/matjazmav/.local/lib/python3.6/site-packages/chess/__init__.py:1281(__init__)
  9550302   14.591    0.000   19.728    0.000 /home/matjazmav/.local/lib/python3.6/site-packages/chess/__init__.py:780(_remove_piece_at)
 24248547   12.814    0.000   12.814    0.000 /home/matjazmav/.local/lib/python3.6/site-packages/chess/__init__.py:623(piece_type_at)
  7442589   10.412    0.000   76.751    0.000 /home/matjazmav/.local/lib/python3.6/site-packages/chess/__init__.py:3218(generate_legal_moves)
  4757145   10.257    0.000   43.125    0.000 /home/matjazmav/.local/lib/python3.6/site-packages/chess/__init__.py:1230(copy)
  5314037   10.074    0.000   22.467    0.000 /home/matjazmav/.local/lib/python3.6/site-packages/chess/__init__.py:1442(generate_pseudo_legal_moves)
 18771197    9.315    0.000    9.315    0.000 /home/matjazmav/.local/lib/python3.6/site-packages/chess/__init__.py:210(scan_reversed)
  9535447    9.129    0.000   13.698    0.000 /home/matjazmav/.local/lib/python3.6/site-packages/chess/__init__.py:3302(_from_chess960)
  9514290    8.660    0.000    8.660    0.000 /home/matjazmav/.local/lib/python3.6/site-packages/chess/__init__.py:573(_clear_board)
  7749266    8.117    0.000   30.984    0.000 /home/matjazmav/.local/lib/python3.6/site-packages/chess/__init__.py:3180(_is_safe)
 16258019    7.917    0.000    7.917    0.000 /home/matjazmav/.local/lib/python3.6/site-packages/chess/__init__.py:441(__init__)
  4757145    7.430    0.000   50.554    0.000 /home/matjazmav/.local/lib/python3.6/site-packages/chess/__init__.py:3380(copy)
 11238089    6.985    0.000   38.092    0.000 /home/matjazmav/.local/lib/python3.6/site-packages/chess/__init__.py:702(attackers_mask)
  4769149    6.925    0.000   13.112    0.000 /home/matjazmav/.local/lib/python3.6/site-packages/chess/__init__.py:817(_set_piece_at)
 10733014    6.723    0.000    6.723    0.000 /home/matjazmav/.local/lib/python3.6/site-packages/chess/__init__.py:468(__bool__)
  2432014    6.689    0.000    8.084    0.000 /home/matjazmav/.local/lib/python3.6/site-packages/chess/__init__.py:3161(_slider_blockers)
  3277844    6.496    0.000    7.843    0.000 /home/matjazmav/.local/lib/python3.6/site-packages/chess/__init__.py:2878(is_castling)
  9514290    6.428    0.000   22.991    0.000 /home/matjazmav/.local/lib/python3.6/site-packages/chess/__init__.py:1915(_board_state)
  4757145    6.234    0.000   32.867    0.000 /home/matjazmav/.local/lib/python3.6/site-packages/chess/__init__.py:1360(__init__)
  7991585    5.778    0.000   33.190    0.000 /home/matjazmav/.local/lib/python3.6/site-packages/chess/__init__.py:705(is_attacked_by)
  2868522    5.314    0.000    8.764    0.000 /home/matjazmav/.local/lib/python3.6/site-packages/chess/__init__.py:3193(_generate_evasions)
  4757145    5.262    0.000   14.371    0.000 /home/matjazmav/.local/lib/python3.6/site-packages/chess/__init__.py:1415(clear_board)
  5791031    5.137    0.000    7.843    0.000 /home/matjazmav/.local/lib/python3.6/site-packages/chess/__init__.py:642(king)
  4757145    5.032    0.000   71.725    0.000 /home/matjazmav/.local/lib/python3.6/site-packages/chess/__init__.py:1714(is_checkmate)
  4757145    5.026    0.000   31.306    0.000 /home/matjazmav/.local/lib/python3.6/site-packages/chess/__init__.py:1529(is_check)
  4757145    4.265    0.000    8.619    0.000 /home/matjazmav/.local/lib/python3.6/site-packages/chess/__init__.py:546(__init__)
  9514290    3.968    0.000    3.972    0.000 /home/matjazmav/.local/lib/python3.6/site-packages/chess/__init__.py:3317(_to_chess960)
  4757145    3.849    0.000    3.849    0.000 /home/matjazmav/.local/lib/python3.6/site-packages/chess/__init__.py:2860(is_zeroing)
  4757145    3.643    0.000   18.014    0.000 /home/matjazmav/.local/lib/python3.6/site-packages/chess/__init__.py:1397(clear)
  7707050    3.482    0.000    3.482    0.000 /home/matjazmav/.local/lib/python3.6/site-packages/chess/__init__.py:207(msb)
  4757145    2.554    0.000    2.554    0.000 /home/matjazmav/.local/lib/python3.6/site-packages/chess/__init__.py:1419(clear_stack)
  1033826    2.255    0.000   15.773    0.000 /home/matjazmav/.local/lib/python3.6/site-packages/chess/__init__.py:1534(is_into_check)
  4757145    2.249    0.000    6.555    0.000 /home/matjazmav/.local/lib/python3.6/site-packages/chess/__init__.py:587(clear_board)
       60    2.146    0.036  367.689    6.128 /home/matjazmav/Projects/A-S01/app/solve.py:16(solve)
  4471422    1.658    0.000    1.658    0.000 /home/matjazmav/.local/lib/python3.6/site-packages/chess/__init__.py:2849(is_en_passant)
  1005216    1.547    0.000    1.547    0.000 /home/matjazmav/.local/lib/python3.6/site-packages/chess/__init__.py:654(attacks_mask)
  4845879    1.490    0.000    1.490    0.000 /home/matjazmav/.local/lib/python3.6/site-packages/chess/__init__.py:2897(clean_castling_rights)
   110565    1.382    0.000    2.479    0.000 /home/matjazmav/Projects/A-S01/app/heuristic/Covering.py:29(__promotion)
  6579696    1.352    0.000    1.352    0.000 /home/matjazmav/.local/lib/python3.6/site-packages/chess/__init__.py:127(square_file)
   110565    1.272    0.000    8.937    0.000 /home/matjazmav/Projects/A-S01/app/heuristic/Covering.py:21(__score)
  2693883    1.005    0.000    1.005    0.000 /home/matjazmav/Projects/A-S01/app/utils/State.py:34(__lt__)
   482560    0.994    0.000    1.425    0.000 /usr/lib/python3.6/threading.py:334(notify)
   302856    0.983    0.000    3.081    0.000 /usr/lib/python3.6/queue.py:115(put)
   200806    0.947    0.000    2.239    0.000 /home/matjazmav/.local/lib/python3.6/site-packages/chess/__init__.py:3261(generate_castling_moves)
   331136    0.921    0.000   12.012    0.000 /home/matjazmav/Projects/A-S01/app/utils/State.py:7(__init__)
   179704    0.915    0.000    1.661    0.000 /usr/lib/python3.6/queue.py:229(_get)
   814473    0.846    0.000    4.170    0.000 /home/matjazmav/.local/lib/python3.6/site-packages/chess/__init__.py:714(attackers)
   179704    0.725    0.000    3.340    0.000 /usr/lib/python3.6/queue.py:147(get)
   358058    0.654    0.000    1.192    0.000 /home/matjazmav/.local/lib/python3.6/site-packages/chess/__init__.py:615(piece_at)
   302856    0.642    0.000    0.901    0.000 /usr/lib/python3.6/queue.py:226(_put)
   814533    0.630    0.000    0.630    0.000 /home/matjazmav/.local/lib/python3.6/site-packages/chess/__init__.py:216(popcount)
   925098    0.626    0.000    0.626    0.000 /home/matjazmav/.local/lib/python3.6/site-packages/chess/__init__.py:3559(__init__)
   331076    0.601    0.000    1.747    0.000 /home/matjazmav/Projects/A-S01/app/utils/ZobristHasher.py:20(update)
   758193    0.545    0.000    0.545    0.000 /home/matjazmav/.local/lib/python3.6/site-packages/chess/__init__.py:201(scan_forward)
  1448669    0.496    0.000    0.496    0.000 /home/matjazmav/.local/lib/python3.6/site-packages/chess/__init__.py:131(square_rank)
   482560    0.431    0.000    0.431    0.000 /usr/lib/python3.6/threading.py:254(_is_owned)
   179717    0.425    0.000    0.638    0.000 /usr/lib/python3.6/queue.py:90(empty)
   331136    0.399    0.000    9.336    0.000 /home/matjazmav/Projects/A-S01/app/heuristic/Covering.py:15(score)
   814533    0.385    0.000    1.015    0.000 /home/matjazmav/.local/lib/python3.6/site-packages/chess/__init__.py:3583(__len__)
   482560    0.382    0.000    0.382    0.000 /usr/lib/python3.6/threading.py:239(__enter__)
  1577854    0.303    0.000    0.303    0.000 /home/matjazmav/.local/lib/python3.6/site-packages/chess/__init__.py:1610(is_variant_end)
   359421    0.297    0.000    0.297    0.000 /usr/lib/python3.6/queue.py:223(_qsize)
   482560    0.260    0.000    0.260    0.000 /usr/lib/python3.6/threading.py:242(__exit__)
   302856    0.259    0.000    3.339    0.000 /usr/lib/python3.6/queue.py:178(put_nowait)
   112099    0.239    0.000    0.955    0.000 /home/matjazmav/.local/lib/python3.6/site-packages/chess/__init__.py:3251(_attacked_for_king)
   340062    0.238    0.000    0.238    0.000 /home/matjazmav/.local/lib/python3.6/site-packages/chess/__init__.py:385(__init__)
   245668    0.194    0.000    0.715    0.000 /home/matjazmav/.local/lib/python3.6/site-packages/chess/__init__.py:3252(<genexpr>)
   179704    0.181    0.000    3.522    0.000 /usr/lib/python3.6/queue.py:186(get_nowait)
   179657    0.179    0.000    0.265    0.000 /home/matjazmav/.local/lib/python3.6/site-packages/chess/__init__.py:1379(legal_moves)
   110565    0.120    0.000    0.249    0.000 /home/matjazmav/.local/lib/python3.6/site-packages/chess/__init__.py:607(pieces)
   179657    0.100    0.000    0.100    0.000 /home/matjazmav/.local/lib/python3.6/site-packages/chess/__init__.py:3470(__iter__)
   179657    0.087    0.000    0.087    0.000 /home/matjazmav/.local/lib/python3.6/site-packages/chess/__init__.py:3460(__init__)
   410697    0.082    0.000    0.082    0.000 /home/matjazmav/.local/lib/python3.6/site-packages/chess/__init__.py:1918(_push_capture)
   110565    0.064    0.000    0.064    0.000 /home/matjazmav/.local/lib/python3.6/site-packages/chess/__init__.py:591(pieces_mask)
    46080    0.062    0.000    0.111    0.000 /usr/lib/python3.6/random.py:173(randrange)
   110625    0.052    0.000    0.052    0.000 /home/matjazmav/.local/lib/python3.6/site-packages/chess/__init__.py:3577(__iter__)
    46080    0.050    0.000    0.050    0.000 /usr/lib/python3.6/random.py:223(_randbelow)
   179704    0.049    0.000    0.049    0.000 /home/matjazmav/Projects/A-S01/app/utils/State.py:78(is_goal)
    46080    0.028    0.000    0.139    0.000 /usr/lib/python3.6/random.py:217(randint)
    21157    0.026    0.000    0.026    0.000 /home/matjazmav/.local/lib/python3.6/site-packages/chess/__init__.py:3254(_castling_uncovers_rank_attack)
       60    0.005    0.000    0.166    0.003 /home/matjazmav/Projects/A-S01/app/utils/ZobristHasher.py:5(<listcomp>)
       60    0.003    0.000    0.008    0.000 /home/matjazmav/Projects/A-S01/app/utils/ZobristHasher.py:7(hash)
      180    0.001    0.000    0.001    0.000 /usr/lib/python3.6/threading.py:215(__init__)
       47    0.001    0.000    0.002    0.000 /home/matjazmav/Projects/A-S01/app/utils/State.py:81(get_path)
       60    0.001    0.000    0.002    0.000 /home/matjazmav/Projects/A-S01/app/heuristic/Covering.py:6(__init__)
       60    0.001    0.000    0.002    0.000 /usr/lib/python3.6/queue.py:27(__init__)
      240    0.000    0.000    0.000    0.000 /home/matjazmav/.local/lib/python3.6/site-packages/chess/__init__.py:471(__eq__)
      251    0.000    0.000    0.000    0.000 /home/matjazmav/.local/lib/python3.6/site-packages/chess/__init__.py:447(uci)
       60    0.000    0.000    0.166    0.003 /home/matjazmav/Projects/A-S01/app/utils/ZobristHasher.py:4(__init__)
       60    0.000    0.000    0.000    0.000 /home/matjazmav/.local/lib/python3.6/site-packages/chess/__init__.py:673(attacks)
       60    0.000    0.000    0.000    0.000 /home/matjazmav/Projects/A-S01/app/utils/Profiler.py:10(disable)
       60    0.000    0.000    0.000    0.000 /usr/lib/python3.6/queue.py:220(_init)
      251    0.000    0.000    0.000    0.000 /home/matjazmav/Projects/A-S01/app/utils/State.py:31(__eq__)



