01/60 [SUCCESS] 1553620483+00 inputs/1.txt  04 f8-b4;d4-d3;d3-c2;c2-b1r
02/60 [SUCCESS] 1553620483+03 inputs/10.txt 04 f8-c5;f6-f5;d8-h4;h4-f2
03/60 [SUCCESS] 1553620486+02 inputs/11.txt 04 c8-g4;d8-d5;d5-d4;d4-d1
04/60 [SUCCESS] 1553620489+00 inputs/12.txt 04 c8-g4;d8-d5;d5-d2;d2-d1
05/60 [SUCCESS] 1553620489+00 inputs/13.txt 04 c8-g4;d5-c4;d8-d2;d2-d1
06/60 [SUCCESS] 1553620489+03 inputs/14.txt 04 c6-d4;d4-f3;d8-d6;d6-e5
07/60 [SUCCESS] 1553620493+11 inputs/15.txt 04 e7-e5;f8-b4;d8-g5;g5-e3
08/60 [SUCCESS] 1553620505+00 inputs/16.txt 04 c6-d4;d4-f3;d8-d5;d5-d2
09/60 [SUCCESS] 1553620506+00 inputs/17.txt 04 f6-e4;e7-e5;f8-b4;d8-h4
10/60 [SUCCESS] 1553620506+00 inputs/18.txt 04 f8-c5;d8-g5;g5-d2;d2-c1
11/60 [SUCCESS] 1553620506+00 inputs/19.txt 05 b5-c6;d5-d6;e1-d1;h1-e1;e1-e5
12/60 [SUCCESS] 1553620507+00 inputs/2.txt  04 d8-d5;d5-d2;c6-d4;d4-f3
13/60 [SUCCESS] 1553620507+00 inputs/20.txt 05 f3-e5;d5-d6;d6-e7;e7-f8q;f8-f7
14/60 [SUCCESS] 1553620507+01 inputs/21.txt 05 b1-d2;a1-c1;g2-g3;f1-h3;c1-c8
15/60 [ERROR]   1553620508+00 inputs/22.txt 05 b5-c6;c1-g5;c3-d5;d5-c7
16/60 [FAIL]    1553620508+20 inputs/23.txt 05 False
17/60 [FAIL]    1553620528+20 inputs/24.txt 05 False
18/60 [FAIL]    1553620548+20 inputs/25.txt 05 False
19/60 [SUCCESS] 1553620568+00 inputs/26.txt 05 b5-c6;g1-h3;e1-g1;f1-f6;f6-e6
20/60 [FAIL]    1553620569+20 inputs/27.txt 05 False
21/60 [SUCCESS] 1553620589+02 inputs/28.txt 05 d2-g5;f1-b5;b1-c3;c3-d5;d5-c7
22/60 [SUCCESS] 1553620591+00 inputs/29.txt 05 f1-b5;d8-f6;b1-c3;c3-d5;d5-c7
23/60 [SUCCESS] 1553620591+00 inputs/3.txt  04 d8-d5;d5-f3;f3-d1;c8-g4
24/60 [SUCCESS] 1553620591+14 inputs/30.txt 05 e1-d1;e4-e5;e5-e6;e6-d7;d7-c8q
25/60 [FAIL]    1553620606+20 inputs/31.txt 05 False
26/60 [FAIL]    1553620626+20 inputs/32.txt 05 False
27/60 [SUCCESS] 1553620646+03 inputs/33.txt 05 c1-g5;c4-d5;d5-d6;d6-e7;e7-d8q
28/60 [SUCCESS] 1553620650+00 inputs/34.txt 05 f1-b5;c1-g5;b2-b4;a3-c4;c4-d6
29/60 [SUCCESS] 1553620651+01 inputs/35.txt 05 e1-d1;c1-g5;a1-c1;c1-c8;c8-d8
30/60 [FAIL]    1553620652+20 inputs/36.txt 05 False
31/60 [SUCCESS] 1553620672+15 inputs/37.txt 06 e8-d8;g8-h6;h6-g4;e7-e5;f8-e7;e7-h4
32/60 [SUCCESS] 1553620687+00 inputs/38.txt 06 b4-c3;b8-c6;c6-d4;d4-f3;b7-b6;c8-a6
33/60 [SUCCESS] 1553620687+03 inputs/39.txt 06 f8-c5;h6-g4;h8-e8;e8-e5;c5-d4;d4-c3
34/60 [SUCCESS] 1553620691+03 inputs/4.txt  04 f8-b4;b8-d7;d7-c5;c5-d3
35/60 [SUCCESS] 1553620694+00 inputs/40.txt 06 c8-g4;b4-c3;e5-d4;d4-d3;d3-d2;d2-d1q
36/60 [SUCCESS] 1553620694+13 inputs/41.txt 06 c8-g4;c5-f2;b8-c6;c6-d4;a8-d8;d4-e2
37/60 [FAIL]    1553620708+20 inputs/42.txt 06 False
38/60 [SUCCESS] 1553620728+07 inputs/43.txt 07 d1-d2;f1-b5;h8-g6;h1-c1;c1-c7;c7-f7;f7-f8
39/60 [FAIL]    1553620736+20 inputs/44.txt 07 False
40/60 [SUCCESS] 1553620756+00 inputs/45.txt 07 c1-a3;d4-d5;d2-e4;f1-b5;d5-c6;c6-c7;c7-b8q
41/60 [FAIL]    1553620757+20 inputs/46.txt 07 False
42/60 [FAIL]    1553620777+20 inputs/47.txt 07 False
43/60 [FAIL]    1553620797+20 inputs/48.txt 07 False
44/60 [FAIL]    1553620817+20 inputs/49.txt 08 False
45/60 [SUCCESS] 1553620838+00 inputs/5.txt  04 c8-g4;d5-e4;d8-d2;d2-d1
46/60 [FAIL]    1553620838+20 inputs/50.txt 08 False
47/60 [FAIL]    1553620858+20 inputs/51.txt 08 False
48/60 [FAIL]    1553620878+20 inputs/52.txt 08 False
49/60 [SUCCESS] 1553620898+00 inputs/53.txt 08 f8-b4;h8-e8;e8-e3;h6-f5;f5-d4;c8-d8;c6-e5;e3-d3
50/60 [SUCCESS] 1553620898+18 inputs/54.txt 08 b4-c3;a7-a6;b6-b5;b5-b4;b4-b3;b3-a2;a2-b1q;b1-a1
51/60 [FAIL]    1553620917+20 inputs/55.txt 09 False
52/60 [SUCCESS] 1553620937+11 inputs/56.txt 09 a8-d5;h2-h4;h4-g5;e2-f3;f3-f4;g5-g6;g6-f7;f7-f8q;f8-f7
53/60 [FAIL]    1553620949+20 inputs/57.txt 09 False
54/60 [FAIL]    1553620969+20 inputs/58.txt 09 False
55/60 [FAIL]    1553620989+20 inputs/59.txt 09 False
56/60 [SUCCESS] 1553621009+00 inputs/6.txt  04 c6-d4;d4-f3;e7-f6;d8-e7
57/60 [FAIL]    1553621009+20 inputs/60.txt 09 False
58/60 [SUCCESS] 1553621029+00 inputs/7.txt  04 d8-f6;f6-f2;g8-f6;f6-e4
59/60 [SUCCESS] 1553621030+01 inputs/8.txt  04 f6-e4;e7-e6;d8-h4;h4-f2
60/60 [SUCCESS] 1553621031+00 inputs/9.txt  04 c8-g4;d5-e4;d8-d2;d2-d1
Done, passed 38 out of 60.



         444489101 function calls in 543.826 seconds

   Ordered by: internal time

   ncalls  tottime  percall  cumtime  percall filename:lineno(function)
  8414050   44.203    0.000  127.864    0.000 /home/matjazmav/.local/lib/python3.6/site-packages/chess/__init__.py:1921(push)
 15501601   43.614    0.000   43.614    0.000 /home/matjazmav/.local/lib/python3.6/site-packages/chess/__init__.py:684(_attackers_mask)
  4207025   25.212    0.000  376.049    0.000 /home/matjazmav/Projects/A-S01/app/utils/State.py:41(__next)
       60   19.971    0.333  543.829    9.064 /home/matjazmav/Projects/A-S01/app/solve.py:16(solve)
  8414050   17.616    0.000   17.616    0.000 /home/matjazmav/.local/lib/python3.6/site-packages/chess/__init__.py:1281(__init__)
 25348954   14.164    0.000   14.164    0.000 /home/matjazmav/.local/lib/python3.6/site-packages/chess/__init__.py:623(piece_type_at)
  8437033   12.843    0.000   17.268    0.000 /home/matjazmav/.local/lib/python3.6/site-packages/chess/__init__.py:780(_remove_piece_at)
 14381224   12.574    0.000   12.574    0.000 /home/matjazmav/.local/lib/python3.6/site-packages/chess/__init__.py:441(__init__)
  3803408   11.868    0.000   35.770    0.000 /usr/lib/python3.6/queue.py:115(put)
 47793351   11.823    0.000   11.823    0.000 /home/matjazmav/Projects/A-S01/app/utils/State.py:34(__lt__)
   812418   11.297    0.000   17.524    0.000 /home/matjazmav/Projects/A-S01/app/heuristic/Covering.py:29(__promotion)
  4207085   10.890    0.000  103.944    0.000 /home/matjazmav/Projects/A-S01/app/utils/State.py:7(__init__)
  2726837   10.871    0.000   19.450    0.000 /usr/lib/python3.6/queue.py:229(_get)
  4370817   10.574    0.000  446.756    0.000 /home/matjazmav/Projects/A-S01/app/utils/State.py:37(generate)
  6530245   10.331    0.000   14.491    0.000 /usr/lib/python3.6/threading.py:334(notify)
  6625674   10.212    0.000   76.658    0.000 /home/matjazmav/.local/lib/python3.6/site-packages/chess/__init__.py:3218(generate_legal_moves)
 16589771    9.900    0.000    9.900    0.000 /home/matjazmav/.local/lib/python3.6/site-packages/chess/__init__.py:210(scan_reversed)
  4734837    9.679    0.000   21.260    0.000 /home/matjazmav/.local/lib/python3.6/site-packages/chess/__init__.py:1442(generate_pseudo_legal_moves)
  8426494    9.521    0.000   17.761    0.000 /home/matjazmav/.local/lib/python3.6/site-packages/chess/__init__.py:3302(_from_chess960)
  8414050    9.518    0.000   27.134    0.000 /home/matjazmav/.local/lib/python3.6/site-packages/chess/__init__.py:1915(_board_state)
 15397678    9.143    0.000   52.413    0.000 /home/matjazmav/.local/lib/python3.6/site-packages/chess/__init__.py:702(attackers_mask)
  4207025    9.047    0.000   40.863    0.000 /home/matjazmav/.local/lib/python3.6/site-packages/chess/__init__.py:1230(copy)
  4233896    8.816    0.000   15.988    0.000 /home/matjazmav/.local/lib/python3.6/site-packages/chess/__init__.py:615(piece_at)
   812418    8.614    0.000   62.598    0.000 /home/matjazmav/Projects/A-S01/app/heuristic/Covering.py:21(__score)
  8414050    8.412    0.000    8.412    0.000 /home/matjazmav/.local/lib/python3.6/site-packages/chess/__init__.py:573(_clear_board)
  4207025    8.215    0.000   26.097    0.000 /home/matjazmav/Projects/A-S01/app/utils/ZobristHasher.py:20(update)
 13720190    7.596    0.000    7.596    0.000 /home/matjazmav/.local/lib/python3.6/site-packages/chess/__init__.py:468(__bool__)
  6982554    7.562    0.000   29.185    0.000 /home/matjazmav/.local/lib/python3.6/site-packages/chess/__init__.py:3180(_is_safe)
  4207025    6.936    0.000   47.799    0.000 /home/matjazmav/.local/lib/python3.6/site-packages/chess/__init__.py:3380(copy)
  2546886    6.843    0.000   12.506    0.000 /home/matjazmav/.local/lib/python3.6/site-packages/chess/__init__.py:3193(_generate_evasions)
  2302101    6.693    0.000    7.956    0.000 /home/matjazmav/.local/lib/python3.6/site-packages/chess/__init__.py:3161(_slider_blockers)
  4207025    6.326    0.000   31.816    0.000 /home/matjazmav/.local/lib/python3.6/site-packages/chess/__init__.py:1360(__init__)
  2726837    6.226    0.000   33.018    0.000 /usr/lib/python3.6/queue.py:147(get)
  3803408    6.205    0.000    9.450    0.000 /usr/lib/python3.6/queue.py:226(_put)
  5899476    6.139    0.000   29.452    0.000 /home/matjazmav/.local/lib/python3.6/site-packages/chess/__init__.py:714(attackers)
  4214686    6.131    0.000   11.397    0.000 /home/matjazmav/.local/lib/python3.6/site-packages/chess/__init__.py:817(_set_piece_at)
  3014904    6.031    0.000    7.266    0.000 /home/matjazmav/.local/lib/python3.6/site-packages/chess/__init__.py:2878(is_castling)
  4207025    5.213    0.000   13.185    0.000 /home/matjazmav/.local/lib/python3.6/site-packages/chess/__init__.py:1415(clear_board)
  7196084    5.128    0.000   31.008    0.000 /home/matjazmav/.local/lib/python3.6/site-packages/chess/__init__.py:705(is_attacked_by)
  4207025    4.839    0.000   71.252    0.000 /home/matjazmav/.local/lib/python3.6/site-packages/chess/__init__.py:1714(is_checkmate)
  5246432    4.831    0.000    7.254    0.000 /home/matjazmav/.local/lib/python3.6/site-packages/chess/__init__.py:642(king)
  6711954    4.714    0.000    4.714    0.000 /home/matjazmav/.local/lib/python3.6/site-packages/chess/__init__.py:3559(__init__)
  4207025    4.698    0.000   28.864    0.000 /home/matjazmav/.local/lib/python3.6/site-packages/chess/__init__.py:1529(is_check)
  4207085    4.350    0.000   66.948    0.000 /home/matjazmav/Projects/A-S01/app/heuristic/Covering.py:15(score)
  5899536    4.336    0.000    4.336    0.000 /home/matjazmav/.local/lib/python3.6/site-packages/chess/__init__.py:216(popcount)
  4207025    4.284    0.000    8.934    0.000 /home/matjazmav/.local/lib/python3.6/site-packages/chess/__init__.py:546(__init__)
  6530245    4.161    0.000    4.161    0.000 /usr/lib/python3.6/threading.py:254(_is_owned)
  4216060    3.904    0.000    3.904    0.000 /home/matjazmav/.local/lib/python3.6/site-packages/chess/__init__.py:385(__init__)
  5655109    3.886    0.000    3.886    0.000 /home/matjazmav/.local/lib/python3.6/site-packages/chess/__init__.py:201(scan_forward)
  6530245    3.721    0.000    3.721    0.000 /usr/lib/python3.6/threading.py:239(__enter__)
  8414050    3.597    0.000    3.600    0.000 /home/matjazmav/.local/lib/python3.6/site-packages/chess/__init__.py:3317(_to_chess960)
  4207025    3.444    0.000    3.444    0.000 /home/matjazmav/.local/lib/python3.6/site-packages/chess/__init__.py:2860(is_zeroing)
  4207025    3.371    0.000   16.556    0.000 /home/matjazmav/.local/lib/python3.6/site-packages/chess/__init__.py:1397(clear)
  6944896    3.114    0.000    3.114    0.000 /home/matjazmav/.local/lib/python3.6/site-packages/chess/__init__.py:207(msb)
  6530245    2.755    0.000    2.755    0.000 /usr/lib/python3.6/threading.py:242(__exit__)
  3803408    2.689    0.000   38.459    0.000 /usr/lib/python3.6/queue.py:178(put_nowait)
  5899536    2.672    0.000    7.009    0.000 /home/matjazmav/.local/lib/python3.6/site-packages/chess/__init__.py:3583(__len__)
  2726858    2.432    0.000    3.474    0.000 /usr/lib/python3.6/queue.py:90(empty)
  1039347    2.256    0.000   15.540    0.000 /home/matjazmav/.local/lib/python3.6/site-packages/chess/__init__.py:1534(is_into_check)
  4207025    2.218    0.000    2.218    0.000 /home/matjazmav/.local/lib/python3.6/site-packages/chess/__init__.py:1419(clear_stack)
  4207025    1.991    0.000    5.753    0.000 /home/matjazmav/.local/lib/python3.6/site-packages/chess/__init__.py:587(clear_board)
  5453695    1.868    0.000    1.868    0.000 /usr/lib/python3.6/queue.py:223(_qsize)
  3967650    1.662    0.000    1.662    0.000 /home/matjazmav/.local/lib/python3.6/site-packages/chess/__init__.py:2849(is_en_passant)
  2726837    1.471    0.000   34.489    0.000 /usr/lib/python3.6/queue.py:186(get_nowait)
   892848    1.451    0.000    1.451    0.000 /home/matjazmav/.local/lib/python3.6/site-packages/chess/__init__.py:654(attacks_mask)
  4281485    1.374    0.000    1.374    0.000 /home/matjazmav/.local/lib/python3.6/site-packages/chess/__init__.py:2897(clean_castling_rights)
  6045130    1.238    0.000    1.238    0.000 /home/matjazmav/.local/lib/python3.6/site-packages/chess/__init__.py:127(square_file)
   812418    0.841    0.000    1.739    0.000 /home/matjazmav/.local/lib/python3.6/site-packages/chess/__init__.py:607(pieces)
   176228    0.743    0.000    1.770    0.000 /home/matjazmav/.local/lib/python3.6/site-packages/chess/__init__.py:3261(generate_castling_moves)
  2726837    0.499    0.000    0.499    0.000 /home/matjazmav/Projects/A-S01/app/utils/State.py:74(is_goal)
   812418    0.442    0.000    0.442    0.000 /home/matjazmav/.local/lib/python3.6/site-packages/chess/__init__.py:591(pieces_mask)
  1257516    0.433    0.000    0.433    0.000 /home/matjazmav/.local/lib/python3.6/site-packages/chess/__init__.py:131(square_rank)
   812478    0.356    0.000    0.356    0.000 /home/matjazmav/.local/lib/python3.6/site-packages/chess/__init__.py:3577(__iter__)
  1426555    0.275    0.000    0.275    0.000 /home/matjazmav/.local/lib/python3.6/site-packages/chess/__init__.py:1610(is_variant_end)
    88221    0.211    0.000    0.797    0.000 /home/matjazmav/.local/lib/python3.6/site-packages/chess/__init__.py:3251(_attacked_for_king)
   163792    0.170    0.000    0.257    0.000 /home/matjazmav/.local/lib/python3.6/site-packages/chess/__init__.py:1379(legal_moves)
   192144    0.149    0.000    0.585    0.000 /home/matjazmav/.local/lib/python3.6/site-packages/chess/__init__.py:3252(<genexpr>)
   163792    0.096    0.000    0.096    0.000 /home/matjazmav/.local/lib/python3.6/site-packages/chess/__init__.py:3470(__iter__)
   163792    0.086    0.000    0.086    0.000 /home/matjazmav/.local/lib/python3.6/site-packages/chess/__init__.py:3460(__init__)
   326062    0.063    0.000    0.063    0.000 /home/matjazmav/.local/lib/python3.6/site-packages/chess/__init__.py:1918(_push_capture)
    46080    0.059    0.000    0.106    0.000 /usr/lib/python3.6/random.py:173(randrange)
    46080    0.047    0.000    0.047    0.000 /usr/lib/python3.6/random.py:223(_randbelow)
    46080    0.026    0.000    0.132    0.000 /usr/lib/python3.6/random.py:217(randint)
     3840    0.019    0.000    0.152    0.000 /home/matjazmav/Projects/A-S01/app/utils/ZobristHasher.py:5(<listcomp>)
    12444    0.016    0.000    0.016    0.000 /home/matjazmav/.local/lib/python3.6/site-packages/chess/__init__.py:3254(_castling_uncovers_rank_attack)
       60    0.003    0.000    0.008    0.000 /home/matjazmav/Projects/A-S01/app/utils/ZobristHasher.py:7(hash)
      180    0.001    0.000    0.001    0.000 /usr/lib/python3.6/threading.py:215(__init__)
       39    0.001    0.000    0.001    0.000 /home/matjazmav/Projects/A-S01/app/utils/State.py:77(get_path)
       60    0.001    0.000    0.002    0.000 /home/matjazmav/Projects/A-S01/app/heuristic/Covering.py:6(__init__)
       60    0.001    0.000    0.002    0.000 /usr/lib/python3.6/queue.py:27(__init__)
      192    0.000    0.000    0.000    0.000 /home/matjazmav/.local/lib/python3.6/site-packages/chess/__init__.py:471(__eq__)
       60    0.000    0.000    0.156    0.003 /home/matjazmav/Projects/A-S01/app/utils/ZobristHasher.py:4(__init__)
      195    0.000    0.000    0.000    0.000 /home/matjazmav/.local/lib/python3.6/site-packages/chess/__init__.py:447(uci)
       60    0.000    0.000    0.000    0.000 /home/matjazmav/Projects/A-S01/app/utils/Profiler.py:10(disable)
       60    0.000    0.000    0.000    0.000 /home/matjazmav/.local/lib/python3.6/site-packages/chess/__init__.py:673(attacks)
      195    0.000    0.000    0.000    0.000 /home/matjazmav/Projects/A-S01/app/utils/State.py:31(__eq__)
       60    0.000    0.000    0.000    0.000 /usr/lib/python3.6/queue.py:220(_init)



