01/60 [SUCCESS] 1553621761+00 inputs/1.txt  04 f8-b4;d4-d3;d3-c2;c2-b1r
02/60 [SUCCESS] 1553621761+01 inputs/10.txt 04 f8-c5;f6-f5;d8-h4;h4-f2
03/60 [SUCCESS] 1553621763+01 inputs/11.txt 04 c8-g4;d8-d5;d5-d4;d4-d1
04/60 [SUCCESS] 1553621764+00 inputs/12.txt 04 c8-g4;d8-d5;d5-d2;d2-d1
05/60 [SUCCESS] 1553621764+00 inputs/13.txt 04 c8-g4;d5-c4;d8-d2;d2-d1
06/60 [SUCCESS] 1553621764+01 inputs/14.txt 04 c6-d4;d4-f3;d8-d6;d6-e5
07/60 [SUCCESS] 1553621766+07 inputs/15.txt 04 e7-e6;f8-b4;d8-f6;f6-e5
08/60 [SUCCESS] 1553621773+02 inputs/16.txt 04 c6-d4;d4-f3;d8-d5;d5-d2
09/60 [SUCCESS] 1553621775+00 inputs/17.txt 04 f6-e4;e7-e5;f8-b4;d8-h4
10/60 [SUCCESS] 1553621775+00 inputs/18.txt 04 f8-c5;d8-g5;g5-d2;d2-c1
11/60 [SUCCESS] 1553621775+00 inputs/19.txt 05 b5-c6;d5-d6;e1-d1;h1-e1;e1-e5
12/60 [SUCCESS] 1553621776+00 inputs/2.txt  04 d8-d5;d5-d2;c6-d4;d4-f3
13/60 [SUCCESS] 1553621776+00 inputs/20.txt 05 f3-e5;d5-d6;d6-e7;e7-f8q;f8-f7
14/60 [SUCCESS] 1553621776+00 inputs/21.txt 05 b1-d2;a1-c1;g2-g3;f1-h3;c1-c8
15/60 [ERROR]   1553621776+00 inputs/22.txt 05 b5-c6;c1-g5;c3-d5;d5-c7
16/60 [SUCCESS] 1553621776+05 inputs/23.txt 05 e1-f2;b1-c3;c3-d5;a1-d1;d5-c7
17/60 [SUCCESS] 1553621782+02 inputs/24.txt 05 c2-c3;f1-b5;c1-g5;b1-a3;a1-d1
18/60 [SUCCESS] 1553621784+10 inputs/25.txt 05 e1-d1;h1-e1;e1-e6;e6-c6;c6-c8
19/60 [SUCCESS] 1553621795+00 inputs/26.txt 05 b5-c6;g1-h3;h1-f1;f1-f5;f5-e5
20/60 [FAIL]    1553621795+20 inputs/27.txt 05 False
21/60 [SUCCESS] 1553621815+01 inputs/28.txt 05 d2-g5;f1-b5;b1-c3;c3-d5;d5-c7
22/60 [SUCCESS] 1553621816+00 inputs/29.txt 05 f1-b5;d8-f6;b1-c3;c3-d5;d5-c7
23/60 [SUCCESS] 1553621816+00 inputs/3.txt  04 d8-d5;d5-f3;f3-d1;c8-g4
24/60 [SUCCESS] 1553621817+04 inputs/30.txt 05 e1-d1;e4-e5;e5-e6;e6-d7;d7-c8q
25/60 [FAIL]    1553621821+20 inputs/31.txt 05 False
26/60 [FAIL]    1553621841+20 inputs/32.txt 05 False
27/60 [SUCCESS] 1553621861+16 inputs/33.txt 05 c1-g5;c4-d5;d5-d6;d6-e7;e7-d8q
28/60 [SUCCESS] 1553621877+00 inputs/34.txt 05 f1-b5;c1-g5;b2-b4;a3-c4;c4-d6
29/60 [SUCCESS] 1553621878+00 inputs/35.txt 05 e1-d1;c1-g5;a1-c1;c1-c8;c8-d8
30/60 [FAIL]    1553621878+20 inputs/36.txt 05 False
31/60 [SUCCESS] 1553621898+05 inputs/37.txt 06 e8-d8;g8-f6;f6-e4;e7-e5;f8-b4;b4-d2
32/60 [SUCCESS] 1553621904+00 inputs/38.txt 06 b4-c3;b8-c6;c6-d4;d4-f3;b7-b6;c8-a6
33/60 [SUCCESS] 1553621904+03 inputs/39.txt 06 f8-c5;h6-g4;c5-d4;d4-c3;h8-e8;e8-e5
34/60 [SUCCESS] 1553621907+01 inputs/4.txt  04 f8-b4;b8-a6;a6-c5;c5-d3
35/60 [SUCCESS] 1553621909+00 inputs/40.txt 06 c8-g4;b4-c3;e5-d4;d4-d3;d3-d2;d2-d1q
36/60 [SUCCESS] 1553621909+10 inputs/41.txt 06 c8-g4;c5-f2;b8-c6;c6-d4;a8-d8;d4-e2
37/60 [FAIL]    1553621919+20 inputs/42.txt 06 False
38/60 [SUCCESS] 1553621939+03 inputs/43.txt 07 d1-d2;f1-b5;h8-g6;f2-f3;h1-f1;f3-g4;f1-f8
39/60 [FAIL]    1553621943+20 inputs/44.txt 07 False
40/60 [SUCCESS] 1553621963+00 inputs/45.txt 07 c1-a3;d4-d5;d2-e4;f1-b5;d5-c6;c6-c7;c7-b8q
41/60 [FAIL]    1553621964+20 inputs/46.txt 07 False
42/60 [SUCCESS] 1553621984+06 inputs/47.txt 07 f3-e5;d4-d5;f1-a6;d5-c6;e5-f7;c6-c7;c7-c8q
43/60 [FAIL]    1553621990+20 inputs/48.txt 07 False
44/60 [FAIL]    1553622010+20 inputs/49.txt 08 False
45/60 [SUCCESS] 1553622030+00 inputs/5.txt  04 c8-g4;d5-e4;d8-d2;d2-d1
46/60 [FAIL]    1553622030+20 inputs/50.txt 08 False
47/60 [FAIL]    1553622050+20 inputs/51.txt 08 False
48/60 [FAIL]    1553622070+20 inputs/52.txt 08 False
49/60 [SUCCESS] 1553622090+00 inputs/53.txt 08 f8-b4;h8-e8;e8-e3;h6-f5;f5-d4;c8-d8;c6-e5;e3-d3
50/60 [FAIL]    1553622090+20 inputs/54.txt 08 False
51/60 [SUCCESS] 1553622110+01 inputs/55.txt 09 g5-g6;g6-f7;f7-f8q;b2-b4;b4-b5;b5-b6;b6-b7;b7-b8q;b8-d6
52/60 [SUCCESS] 1553622112+03 inputs/56.txt 09 a8-d5;h2-h4;h4-g5;e2-f3;f3-f4;g5-g6;g6-f7;f7-f8q;f8-f7
53/60 [FAIL]    1553622115+20 inputs/57.txt 09 False
54/60 [FAIL]    1553622135+20 inputs/58.txt 09 False
55/60 [FAIL]    1553622155+20 inputs/59.txt 09 False
56/60 [SUCCESS] 1553622175+00 inputs/6.txt  04 c6-d4;d4-f3;e7-f6;d8-e7
57/60 [FAIL]    1553622175+20 inputs/60.txt 09 False
58/60 [SUCCESS] 1553622195+00 inputs/7.txt  04 d8-f6;f6-f2;g8-h6;h6-g4
59/60 [SUCCESS] 1553622195+00 inputs/8.txt  04 f6-e4;e7-e6;d8-h4;h4-f2
60/60 [SUCCESS] 1553622196+00 inputs/9.txt  04 c8-g4;d5-e4;d8-d2;d2-d1
Done, passed 42 out of 60.



         376395269 function calls in 434.291 seconds

   Ordered by: internal time

   ncalls  tottime  percall  cumtime  percall filename:lineno(function)
 11903828   58.249    0.000  153.957    0.000 /home/matjazmav/.local/lib/python3.6/site-packages/chess/__init__.py:1921(push)
 14046652   37.212    0.000   37.212    0.000 /home/matjazmav/.local/lib/python3.6/site-packages/chess/__init__.py:684(_attackers_mask)
   669095   33.851    0.000  422.560    0.001 /home/matjazmav/Projects/A-S01/app/utils/State.py:37(generate)
 11903828   19.833    0.000   19.833    0.000 /home/matjazmav/.local/lib/python3.6/site-packages/chess/__init__.py:1281(__init__)
 11941727   17.133    0.000   23.354    0.000 /home/matjazmav/.local/lib/python3.6/site-packages/chess/__init__.py:780(_remove_piece_at)
 30333599   15.521    0.000   15.521    0.000 /home/matjazmav/.local/lib/python3.6/site-packages/chess/__init__.py:623(piece_type_at)
  8990708   12.243    0.000   87.160    0.000 /home/matjazmav/.local/lib/python3.6/site-packages/chess/__init__.py:3218(generate_legal_moves)
  5951914   12.179    0.000   52.153    0.000 /home/matjazmav/.local/lib/python3.6/site-packages/chess/__init__.py:1230(copy)
  6652966   11.729    0.000   26.063    0.000 /home/matjazmav/.local/lib/python3.6/site-packages/chess/__init__.py:1442(generate_pseudo_legal_moves)
 22110882   10.772    0.000   10.772    0.000 /home/matjazmav/.local/lib/python3.6/site-packages/chess/__init__.py:210(scan_reversed)
 11925659   10.735    0.000   16.027    0.000 /home/matjazmav/.local/lib/python3.6/site-packages/chess/__init__.py:3302(_from_chess960)
 11903828   10.592    0.000   10.592    0.000 /home/matjazmav/.local/lib/python3.6/site-packages/chess/__init__.py:573(_clear_board)
  9506015    9.507    0.000   36.373    0.000 /home/matjazmav/.local/lib/python3.6/site-packages/chess/__init__.py:3180(_is_safe)
 20055029    9.107    0.000    9.107    0.000 /home/matjazmav/.local/lib/python3.6/site-packages/chess/__init__.py:441(__init__)
  5951914    8.850    0.000   61.004    0.000 /home/matjazmav/.local/lib/python3.6/site-packages/chess/__init__.py:3380(copy)
 13890150    8.353    0.000   45.124    0.000 /home/matjazmav/.local/lib/python3.6/site-packages/chess/__init__.py:702(attackers_mask)
  5964547    8.258    0.000   15.656    0.000 /home/matjazmav/.local/lib/python3.6/site-packages/chess/__init__.py:817(_set_piece_at)
  2982077    7.650    0.000    9.197    0.000 /home/matjazmav/.local/lib/python3.6/site-packages/chess/__init__.py:3161(_slider_blockers)
 13706755    7.623    0.000    7.623    0.000 /home/matjazmav/.local/lib/python3.6/site-packages/chess/__init__.py:468(__bool__)
  3990025    7.584    0.000    9.158    0.000 /home/matjazmav/.local/lib/python3.6/site-packages/chess/__init__.py:2878(is_castling)
  5951914    7.521    0.000   39.975    0.000 /home/matjazmav/.local/lib/python3.6/site-packages/chess/__init__.py:1360(__init__)
 11903828    7.475    0.000   27.308    0.000 /home/matjazmav/.local/lib/python3.6/site-packages/chess/__init__.py:1915(_board_state)
  9897026    7.003    0.000   39.519    0.000 /home/matjazmav/.local/lib/python3.6/site-packages/chess/__init__.py:705(is_attacked_by)
  7334695    6.475    0.000    9.723    0.000 /home/matjazmav/.local/lib/python3.6/site-packages/chess/__init__.py:642(king)
  5951914    6.453    0.000   17.241    0.000 /home/matjazmav/.local/lib/python3.6/site-packages/chess/__init__.py:1415(clear_board)
  5951914    6.288    0.000   38.034    0.000 /home/matjazmav/.local/lib/python3.6/site-packages/chess/__init__.py:1529(is_check)
  3130834    5.701    0.000    9.156    0.000 /home/matjazmav/.local/lib/python3.6/site-packages/chess/__init__.py:3193(_generate_evasions)
  5951914    5.691    0.000   81.228    0.000 /home/matjazmav/.local/lib/python3.6/site-packages/chess/__init__.py:1714(is_checkmate)
  5951914    5.360    0.000   10.744    0.000 /home/matjazmav/.local/lib/python3.6/site-packages/chess/__init__.py:546(__init__)
 11903828    4.936    0.000    4.940    0.000 /home/matjazmav/.local/lib/python3.6/site-packages/chess/__init__.py:3317(_to_chess960)
  5951914    4.637    0.000    4.637    0.000 /home/matjazmav/.local/lib/python3.6/site-packages/chess/__init__.py:2860(is_zeroing)
  5951914    4.469    0.000   21.709    0.000 /home/matjazmav/.local/lib/python3.6/site-packages/chess/__init__.py:1397(clear)
  9538929    4.120    0.000    4.120    0.000 /home/matjazmav/.local/lib/python3.6/site-packages/chess/__init__.py:207(msb)
  1382721    3.060    0.000   20.589    0.000 /home/matjazmav/.local/lib/python3.6/site-packages/chess/__init__.py:1534(is_into_check)
  5951914    3.020    0.000    3.020    0.000 /home/matjazmav/.local/lib/python3.6/site-packages/chess/__init__.py:1419(clear_stack)
  5951914    2.559    0.000    7.767    0.000 /home/matjazmav/.local/lib/python3.6/site-packages/chess/__init__.py:587(clear_board)
       60    2.453    0.041  434.295    7.238 /home/matjazmav/Projects/A-S01/app/solve.py:16(solve)
  5515990    2.026    0.000    2.026    0.000 /home/matjazmav/.local/lib/python3.6/site-packages/chess/__init__.py:2849(is_en_passant)
  6058014    1.854    0.000    1.854    0.000 /home/matjazmav/.local/lib/python3.6/site-packages/chess/__init__.py:2897(clean_castling_rights)
  1176077    1.611    0.000    1.611    0.000 /home/matjazmav/.local/lib/python3.6/site-packages/chess/__init__.py:654(attacks_mask)
  8005316    1.579    0.000    1.579    0.000 /home/matjazmav/.local/lib/python3.6/site-packages/chess/__init__.py:127(square_file)
   136856    1.553    0.000    2.773    0.000 /home/matjazmav/Projects/A-S01/app/heuristic/Covering.py:29(__promotion)
   136856    1.479    0.000   10.484    0.000 /home/matjazmav/Projects/A-S01/app/heuristic/Covering.py:21(__score)
   631149    1.328    0.000    1.873    0.000 /usr/lib/python3.6/threading.py:334(notify)
   398259    1.311    0.000    3.951    0.000 /usr/lib/python3.6/queue.py:115(put)
  3593565    1.223    0.000    1.223    0.000 /home/matjazmav/Projects/A-S01/app/utils/State.py:34(__lt__)
   436308    1.212    0.000   14.832    0.000 /home/matjazmav/Projects/A-S01/app/utils/State.py:7(__init__)
   232890    1.074    0.000    1.964    0.000 /usr/lib/python3.6/queue.py:229(_get)
   254670    1.051    0.000    2.450    0.000 /home/matjazmav/.local/lib/python3.6/site-packages/chess/__init__.py:3261(generate_castling_moves)
  1011030    1.044    0.000    5.029    0.000 /home/matjazmav/.local/lib/python3.6/site-packages/chess/__init__.py:714(attackers)
   436248    0.918    0.000    2.648    0.000 /home/matjazmav/Projects/A-S01/app/utils/ZobristHasher.py:20(update)
   232890    0.902    0.000    3.944    0.000 /usr/lib/python3.6/queue.py:147(get)
   463180    0.811    0.000    1.560    0.000 /home/matjazmav/.local/lib/python3.6/site-packages/chess/__init__.py:615(piece_at)
  1147946    0.778    0.000    0.778    0.000 /home/matjazmav/.local/lib/python3.6/site-packages/chess/__init__.py:3559(__init__)
  1011090    0.749    0.000    0.749    0.000 /home/matjazmav/.local/lib/python3.6/site-packages/chess/__init__.py:216(popcount)
   398259    0.648    0.000    0.981    0.000 /usr/lib/python3.6/queue.py:226(_put)
   910639    0.626    0.000    0.626    0.000 /home/matjazmav/.local/lib/python3.6/site-packages/chess/__init__.py:201(scan_forward)
  1785797    0.548    0.000    0.548    0.000 /home/matjazmav/.local/lib/python3.6/site-packages/chess/__init__.py:131(square_rank)
   631149    0.545    0.000    0.545    0.000 /usr/lib/python3.6/threading.py:254(_is_owned)
   436308    0.480    0.000   10.964    0.000 /home/matjazmav/Projects/A-S01/app/heuristic/Covering.py:15(score)
   232907    0.467    0.000    0.620    0.000 /usr/lib/python3.6/queue.py:90(empty)
  1011090    0.454    0.000    1.204    0.000 /home/matjazmav/.local/lib/python3.6/site-packages/chess/__init__.py:3583(__len__)
   631149    0.449    0.000    0.449    0.000 /usr/lib/python3.6/threading.py:239(__enter__)
   445621    0.385    0.000    0.385    0.000 /home/matjazmav/.local/lib/python3.6/site-packages/chess/__init__.py:385(__init__)
  1832212    0.355    0.000    0.355    0.000 /home/matjazmav/.local/lib/python3.6/site-packages/chess/__init__.py:1610(is_variant_end)
   398259    0.313    0.000    4.264    0.000 /usr/lib/python3.6/queue.py:178(put_nowait)
   631149    0.311    0.000    0.311    0.000 /usr/lib/python3.6/threading.py:242(__exit__)
   465797    0.256    0.000    0.256    0.000 /usr/lib/python3.6/queue.py:223(_qsize)
   130148    0.252    0.000    1.043    0.000 /home/matjazmav/.local/lib/python3.6/site-packages/chess/__init__.py:3251(_attacked_for_king)
   286650    0.220    0.000    0.790    0.000 /home/matjazmav/.local/lib/python3.6/site-packages/chess/__init__.py:3252(<genexpr>)
   232847    0.216    0.000    0.318    0.000 /home/matjazmav/.local/lib/python3.6/site-packages/chess/__init__.py:1379(legal_moves)
   232890    0.198    0.000    4.141    0.000 /usr/lib/python3.6/queue.py:186(get_nowait)
   136856    0.149    0.000    0.302    0.000 /home/matjazmav/.local/lib/python3.6/site-packages/chess/__init__.py:607(pieces)
   232847    0.120    0.000    0.120    0.000 /home/matjazmav/.local/lib/python3.6/site-packages/chess/__init__.py:3470(__iter__)
   232847    0.102    0.000    0.102    0.000 /home/matjazmav/.local/lib/python3.6/site-packages/chess/__init__.py:3460(__init__)
   509306    0.094    0.000    0.094    0.000 /home/matjazmav/.local/lib/python3.6/site-packages/chess/__init__.py:1918(_push_capture)
   136856    0.076    0.000    0.076    0.000 /home/matjazmav/.local/lib/python3.6/site-packages/chess/__init__.py:591(pieces_mask)
    46080    0.063    0.000    0.112    0.000 /usr/lib/python3.6/random.py:173(randrange)
   136916    0.062    0.000    0.062    0.000 /home/matjazmav/.local/lib/python3.6/site-packages/chess/__init__.py:3577(__iter__)
   232890    0.061    0.000    0.061    0.000 /home/matjazmav/Projects/A-S01/app/utils/State.py:78(is_goal)
    46080    0.049    0.000    0.049    0.000 /usr/lib/python3.6/random.py:223(_randbelow)
    46080    0.028    0.000    0.140    0.000 /usr/lib/python3.6/random.py:217(randint)
    21831    0.026    0.000    0.026    0.000 /home/matjazmav/.local/lib/python3.6/site-packages/chess/__init__.py:3254(_castling_uncovers_rank_attack)
     3840    0.022    0.000    0.162    0.000 /home/matjazmav/Projects/A-S01/app/utils/ZobristHasher.py:5(<listcomp>)
       60    0.003    0.000    0.008    0.000 /home/matjazmav/Projects/A-S01/app/utils/ZobristHasher.py:7(hash)
      180    0.001    0.000    0.001    0.000 /usr/lib/python3.6/threading.py:215(__init__)
       60    0.001    0.000    0.002    0.000 /home/matjazmav/Projects/A-S01/app/heuristic/Covering.py:6(__init__)
       60    0.001    0.000    0.002    0.000 /usr/lib/python3.6/queue.py:27(__init__)
       43    0.001    0.000    0.001    0.000 /home/matjazmav/Projects/A-S01/app/utils/State.py:81(get_path)
       60    0.000    0.000    0.167    0.003 /home/matjazmav/Projects/A-S01/app/utils/ZobristHasher.py:4(__init__)
      211    0.000    0.000    0.000    0.000 /home/matjazmav/.local/lib/python3.6/site-packages/chess/__init__.py:471(__eq__)
      218    0.000    0.000    0.000    0.000 /home/matjazmav/.local/lib/python3.6/site-packages/chess/__init__.py:447(uci)
       60    0.000    0.000    0.001    0.000 /home/matjazmav/.local/lib/python3.6/site-packages/chess/__init__.py:673(attacks)
       60    0.000    0.000    0.000    0.000 /home/matjazmav/Projects/A-S01/app/utils/Profiler.py:10(disable)
       60    0.000    0.000    0.000    0.000 /usr/lib/python3.6/queue.py:220(_init)
      218    0.000    0.000    0.000    0.000 /home/matjazmav/Projects/A-S01/app/utils/State.py:31(__eq__)



