01/60 [SUCCESS] 1553621213+00 inputs/1.txt  04 f8-b4;d4-d3;d3-c2;c2-b1r
02/60 [SUCCESS] 1553621213+01 inputs/10.txt 04 f8-c5;f6-f5;d8-h4;h4-f2
03/60 [SUCCESS] 1553621215+01 inputs/11.txt 04 c8-g4;d8-d5;d5-d4;d4-d1
04/60 [SUCCESS] 1553621216+00 inputs/12.txt 04 c8-g4;d8-d5;d5-d2;d2-d1
05/60 [SUCCESS] 1553621216+00 inputs/13.txt 04 c8-g4;d5-c4;d8-d2;d2-d1
06/60 [SUCCESS] 1553621216+01 inputs/14.txt 04 c6-d4;d4-f3;d8-d6;d6-e5
07/60 [SUCCESS] 1553621218+07 inputs/15.txt 04 e7-e6;f8-b4;d8-f6;f6-e5
08/60 [SUCCESS] 1553621225+02 inputs/16.txt 04 c6-d4;d4-f3;d8-d5;d5-d2
09/60 [SUCCESS] 1553621227+00 inputs/17.txt 04 f6-e4;e7-e5;f8-b4;d8-h4
10/60 [SUCCESS] 1553621228+00 inputs/18.txt 04 f8-c5;d8-g5;g5-d2;d2-c1
11/60 [SUCCESS] 1553621228+00 inputs/19.txt 05 b5-c6;d5-d6;e1-d1;h1-e1;e1-e5
12/60 [SUCCESS] 1553621228+00 inputs/2.txt  04 d8-d5;d5-d2;c6-d4;d4-f3
13/60 [SUCCESS] 1553621228+00 inputs/20.txt 05 f3-e5;d5-d6;d6-e7;e7-f8q;f8-f7
14/60 [SUCCESS] 1553621228+00 inputs/21.txt 05 b1-d2;a1-c1;g2-g3;f1-h3;c1-c8
15/60 [ERROR]   1553621229+00 inputs/22.txt 05 b5-c6;c1-g5;c3-d5;d5-c7
16/60 [SUCCESS] 1553621229+05 inputs/23.txt 05 e1-f2;b1-c3;c3-d5;a1-d1;d5-c7
17/60 [SUCCESS] 1553621235+02 inputs/24.txt 05 c2-c3;f1-b5;c1-g5;b1-a3;a1-d1
18/60 [SUCCESS] 1553621237+10 inputs/25.txt 05 e1-d1;h1-e1;e1-e6;e6-c6;c6-c8
19/60 [SUCCESS] 1553621248+00 inputs/26.txt 05 b5-c6;g1-h3;h1-f1;f1-f5;f5-e5
20/60 [FAIL]    1553621248+20 inputs/27.txt 05 False
21/60 [SUCCESS] 1553621268+01 inputs/28.txt 05 d2-g5;f1-b5;b1-c3;c3-d5;d5-c7
22/60 [SUCCESS] 1553621269+00 inputs/29.txt 05 f1-b5;d8-f6;b1-c3;c3-d5;d5-c7
23/60 [SUCCESS] 1553621269+00 inputs/3.txt  04 d8-d5;d5-f3;f3-d1;c8-g4
24/60 [SUCCESS] 1553621269+04 inputs/30.txt 05 e1-d1;e4-e5;e5-e6;e6-d7;d7-c8q
25/60 [FAIL]    1553621274+20 inputs/31.txt 05 False
26/60 [FAIL]    1553621294+20 inputs/32.txt 05 False
27/60 [SUCCESS] 1553621314+17 inputs/33.txt 05 c1-g5;c4-d5;d5-d6;d6-e7;e7-d8q
28/60 [SUCCESS] 1553621331+00 inputs/34.txt 05 f1-b5;c1-g5;b2-b4;a3-c4;c4-d6
29/60 [SUCCESS] 1553621331+00 inputs/35.txt 05 e1-d1;c1-g5;a1-c1;c1-c8;c8-d8
30/60 [FAIL]    1553621331+20 inputs/36.txt 05 False
31/60 [SUCCESS] 1553621351+05 inputs/37.txt 06 e8-d8;g8-f6;f6-e4;e7-e5;f8-b4;b4-d2
32/60 [SUCCESS] 1553621357+00 inputs/38.txt 06 b4-c3;b8-c6;c6-d4;d4-f3;b7-b6;c8-a6
33/60 [SUCCESS] 1553621357+03 inputs/39.txt 06 f8-c5;h6-g4;c5-d4;d4-c3;h8-e8;e8-e5
34/60 [SUCCESS] 1553621361+01 inputs/4.txt  04 f8-b4;b8-a6;a6-c5;c5-d3
35/60 [SUCCESS] 1553621362+00 inputs/40.txt 06 c8-g4;b4-c3;e5-d4;d4-d3;d3-d2;d2-d1q
36/60 [SUCCESS] 1553621363+10 inputs/41.txt 06 c8-g4;c5-f2;b8-c6;c6-d4;a8-d8;d4-e2
37/60 [FAIL]    1553621373+20 inputs/42.txt 06 False
38/60 [SUCCESS] 1553621393+03 inputs/43.txt 07 d1-d2;f1-b5;h8-g6;f2-f3;h1-f1;f3-g4;f1-f8
39/60 [FAIL]    1553621397+20 inputs/44.txt 07 False
40/60 [SUCCESS] 1553621417+00 inputs/45.txt 07 c1-a3;d4-d5;d2-e4;f1-b5;d5-c6;c6-c7;c7-b8q
41/60 [FAIL]    1553621418+20 inputs/46.txt 07 False
42/60 [SUCCESS] 1553621438+05 inputs/47.txt 07 f3-e5;d4-d5;f1-a6;d5-c6;e5-f7;c6-c7;c7-c8q
43/60 [FAIL]    1553621443+20 inputs/48.txt 07 False
44/60 [FAIL]    1553621463+20 inputs/49.txt 08 False
45/60 [SUCCESS] 1553621483+00 inputs/5.txt  04 c8-g4;d5-e4;d8-d2;d2-d1
46/60 [FAIL]    1553621483+20 inputs/50.txt 08 False
47/60 [FAIL]    1553621503+20 inputs/51.txt 08 False
48/60 [FAIL]    1553621523+20 inputs/52.txt 08 False
49/60 [SUCCESS] 1553621543+00 inputs/53.txt 08 f8-b4;h8-e8;e8-e3;h6-f5;f5-d4;c8-d8;c6-e5;e3-d3
50/60 [FAIL]    1553621544+20 inputs/54.txt 08 False
51/60 [SUCCESS] 1553621564+01 inputs/55.txt 09 g5-g6;g6-f7;f7-f8q;b2-b4;b4-b5;b5-b6;b6-b7;b7-b8q;b8-d6
52/60 [SUCCESS] 1553621565+03 inputs/56.txt 09 a8-d5;h2-h4;h4-g5;e2-f3;f3-f4;g5-g6;g6-f7;f7-f8q;f8-f7
53/60 [FAIL]    1553621569+20 inputs/57.txt 09 False
54/60 [FAIL]    1553621589+20 inputs/58.txt 09 False
55/60 [FAIL]    1553621609+20 inputs/59.txt 09 False
56/60 [SUCCESS] 1553621629+00 inputs/6.txt  04 c6-d4;d4-f3;e7-f6;d8-e7
57/60 [FAIL]    1553621629+20 inputs/60.txt 09 False
58/60 [SUCCESS] 1553621649+00 inputs/7.txt  04 d8-f6;f6-f2;g8-h6;h6-g4
59/60 [SUCCESS] 1553621649+00 inputs/8.txt  04 f6-e4;e7-e6;d8-h4;h4-f2
60/60 [SUCCESS] 1553621649+00 inputs/9.txt  04 c8-g4;d5-e4;d8-d2;d2-d1
Done, passed 42 out of 60.



         376351856 function calls in 435.443 seconds

   Ordered by: internal time

   ncalls  tottime  percall  cumtime  percall filename:lineno(function)
 11912014   60.153    0.000  156.008    0.000 /home/matjazmav/.local/lib/python3.6/site-packages/chess/__init__.py:1921(push)
 14028342   36.273    0.000   36.273    0.000 /home/matjazmav/.local/lib/python3.6/site-packages/chess/__init__.py:684(_attackers_mask)
   670539   33.673    0.000  423.716    0.001 /home/matjazmav/Projects/A-S01/app/utils/State.py:37(generate)
 11912014   19.489    0.000   19.489    0.000 /home/matjazmav/.local/lib/python3.6/site-packages/chess/__init__.py:1281(__init__)
 11950006   17.456    0.000   23.489    0.000 /home/matjazmav/.local/lib/python3.6/site-packages/chess/__init__.py:780(_remove_piece_at)
 30356310   15.421    0.000   15.421    0.000 /home/matjazmav/.local/lib/python3.6/site-packages/chess/__init__.py:623(piece_type_at)
  5956007   12.750    0.000   52.193    0.000 /home/matjazmav/.local/lib/python3.6/site-packages/chess/__init__.py:1230(copy)
  8980412   12.034    0.000   86.557    0.000 /home/matjazmav/.local/lib/python3.6/site-packages/chess/__init__.py:3218(generate_legal_moves)
  6653566   12.011    0.000   26.423    0.000 /home/matjazmav/.local/lib/python3.6/site-packages/chess/__init__.py:1442(generate_pseudo_legal_moves)
 11934160   10.922    0.000   16.214    0.000 /home/matjazmav/.local/lib/python3.6/site-packages/chess/__init__.py:3302(_from_chess960)
 22065555   10.752    0.000   10.752    0.000 /home/matjazmav/.local/lib/python3.6/site-packages/chess/__init__.py:210(scan_reversed)
 11912014   10.235    0.000   10.235    0.000 /home/matjazmav/.local/lib/python3.6/site-packages/chess/__init__.py:573(_clear_board)
  9491887    9.312    0.000   35.825    0.000 /home/matjazmav/.local/lib/python3.6/site-packages/chess/__init__.py:3180(_is_safe)
 20050015    9.103    0.000    9.103    0.000 /home/matjazmav/.local/lib/python3.6/site-packages/chess/__init__.py:441(__init__)
  5956007    9.013    0.000   61.206    0.000 /home/matjazmav/.local/lib/python3.6/site-packages/chess/__init__.py:3380(copy)
 13870162    8.400    0.000   44.240    0.000 /home/matjazmav/.local/lib/python3.6/site-packages/chess/__init__.py:702(attackers_mask)
  5968671    8.152    0.000   15.480    0.000 /home/matjazmav/.local/lib/python3.6/site-packages/chess/__init__.py:817(_set_piece_at)
 13709932    7.891    0.000    7.891    0.000 /home/matjazmav/.local/lib/python3.6/site-packages/chess/__init__.py:468(__bool__)
  2973781    7.624    0.000    9.176    0.000 /home/matjazmav/.local/lib/python3.6/site-packages/chess/__init__.py:3161(_slider_blockers)
  5956007    7.447    0.000   39.443    0.000 /home/matjazmav/.local/lib/python3.6/site-packages/chess/__init__.py:1360(__init__)
 11912014    7.445    0.000   26.934    0.000 /home/matjazmav/.local/lib/python3.6/site-packages/chess/__init__.py:1915(_board_state)
  3967060    7.350    0.000    8.936    0.000 /home/matjazmav/.local/lib/python3.6/site-packages/chess/__init__.py:2878(is_castling)
  9877480    7.007    0.000   38.906    0.000 /home/matjazmav/.local/lib/python3.6/site-packages/chess/__init__.py:705(is_attacked_by)
  5956007    6.649    0.000   17.538    0.000 /home/matjazmav/.local/lib/python3.6/site-packages/chess/__init__.py:1415(clear_board)
  7338029    6.400    0.000    9.712    0.000 /home/matjazmav/.local/lib/python3.6/site-packages/chess/__init__.py:642(king)
  5956007    6.324    0.000   37.666    0.000 /home/matjazmav/.local/lib/python3.6/site-packages/chess/__init__.py:1529(is_check)
  5956007    5.809    0.000   80.248    0.000 /home/matjazmav/.local/lib/python3.6/site-packages/chess/__init__.py:1714(is_checkmate)
  3109382    5.565    0.000    8.951    0.000 /home/matjazmav/.local/lib/python3.6/site-packages/chess/__init__.py:3193(_generate_evasions)
  5956007    4.956    0.000   10.081    0.000 /home/matjazmav/.local/lib/python3.6/site-packages/chess/__init__.py:546(__init__)
 11912014    4.858    0.000    4.862    0.000 /home/matjazmav/.local/lib/python3.6/site-packages/chess/__init__.py:3317(_to_chess960)
  5956007    4.674    0.000    4.674    0.000 /home/matjazmav/.local/lib/python3.6/site-packages/chess/__init__.py:2860(is_zeroing)
  5956007    4.377    0.000   21.915    0.000 /home/matjazmav/.local/lib/python3.6/site-packages/chess/__init__.py:1397(clear)
  9532923    4.179    0.000    4.179    0.000 /home/matjazmav/.local/lib/python3.6/site-packages/chess/__init__.py:207(msb)
  5956007    3.140    0.000    3.140    0.000 /home/matjazmav/.local/lib/python3.6/site-packages/chess/__init__.py:1419(clear_stack)
  1381962    3.069    0.000   20.347    0.000 /home/matjazmav/.local/lib/python3.6/site-packages/chess/__init__.py:1534(is_into_check)
  5956007    2.639    0.000    7.749    0.000 /home/matjazmav/.local/lib/python3.6/site-packages/chess/__init__.py:587(clear_board)
       60    2.512    0.042  435.448    7.257 /home/matjazmav/Projects/A-S01/app/solve.py:16(solve)
  5524827    2.126    0.000    2.126    0.000 /home/matjazmav/.local/lib/python3.6/site-packages/chess/__init__.py:2849(is_en_passant)
  6062935    1.953    0.000    1.953    0.000 /home/matjazmav/.local/lib/python3.6/site-packages/chess/__init__.py:2897(clean_castling_rights)
  1173897    1.610    0.000    1.610    0.000 /home/matjazmav/.local/lib/python3.6/site-packages/chess/__init__.py:654(attacks_mask)
  7959448    1.591    0.000    1.591    0.000 /home/matjazmav/.local/lib/python3.6/site-packages/chess/__init__.py:127(square_file)
   137802    1.582    0.000    2.820    0.000 /home/matjazmav/Projects/A-S01/app/heuristic/Covering.py:29(__promotion)
   137802    1.475    0.000   10.448    0.000 /home/matjazmav/Projects/A-S01/app/heuristic/Covering.py:21(__score)
  3592008    1.322    0.000    1.322    0.000 /home/matjazmav/Projects/A-S01/app/utils/State.py:34(__lt__)
   632388    1.242    0.000    1.771    0.000 /usr/lib/python3.6/threading.py:334(notify)
   438294    1.217    0.000   14.899    0.000 /home/matjazmav/Projects/A-S01/app/utils/State.py:7(__init__)
   400040    1.204    0.000    3.824    0.000 /usr/lib/python3.6/queue.py:115(put)
   232348    1.085    0.000    2.046    0.000 /usr/lib/python3.6/queue.py:229(_get)
   254443    1.064    0.000    2.464    0.000 /home/matjazmav/.local/lib/python3.6/site-packages/chess/__init__.py:3261(generate_castling_moves)
  1018884    1.014    0.000    4.919    0.000 /home/matjazmav/.local/lib/python3.6/site-packages/chess/__init__.py:714(attackers)
   465190    0.966    0.000    1.652    0.000 /home/matjazmav/.local/lib/python3.6/site-packages/chess/__init__.py:615(piece_at)
   438234    0.913    0.000    2.732    0.000 /home/matjazmav/Projects/A-S01/app/utils/ZobristHasher.py:20(update)
   232348    0.844    0.000    3.969    0.000 /usr/lib/python3.6/queue.py:147(get)
  1156746    0.758    0.000    0.758    0.000 /home/matjazmav/.local/lib/python3.6/site-packages/chess/__init__.py:3559(__init__)
  1018944    0.757    0.000    0.757    0.000 /home/matjazmav/.local/lib/python3.6/site-packages/chess/__init__.py:216(popcount)
   400040    0.645    0.000    1.005    0.000 /usr/lib/python3.6/queue.py:226(_put)
   916898    0.638    0.000    0.638    0.000 /home/matjazmav/.local/lib/python3.6/site-packages/chess/__init__.py:201(scan_forward)
  1781995    0.577    0.000    0.577    0.000 /home/matjazmav/.local/lib/python3.6/site-packages/chess/__init__.py:131(square_rank)
   632388    0.529    0.000    0.529    0.000 /usr/lib/python3.6/threading.py:254(_is_owned)
   232365    0.496    0.000    0.655    0.000 /usr/lib/python3.6/queue.py:90(empty)
   438294    0.493    0.000   10.941    0.000 /home/matjazmav/Projects/A-S01/app/heuristic/Covering.py:15(score)
   632388    0.490    0.000    0.490    0.000 /usr/lib/python3.6/threading.py:239(__enter__)
  1018944    0.478    0.000    1.235    0.000 /home/matjazmav/.local/lib/python3.6/site-packages/chess/__init__.py:3583(__len__)
  1824133    0.336    0.000    0.336    0.000 /home/matjazmav/.local/lib/python3.6/site-packages/chess/__init__.py:1610(is_variant_end)
   632388    0.328    0.000    0.328    0.000 /usr/lib/python3.6/threading.py:242(__exit__)
   447621    0.317    0.000    0.317    0.000 /home/matjazmav/.local/lib/python3.6/site-packages/chess/__init__.py:385(__init__)
   400040    0.308    0.000    4.131    0.000 /usr/lib/python3.6/queue.py:178(put_nowait)
   464713    0.263    0.000    0.263    0.000 /usr/lib/python3.6/queue.py:223(_qsize)
   131317    0.255    0.000    1.041    0.000 /home/matjazmav/.local/lib/python3.6/site-packages/chess/__init__.py:3251(_attacked_for_king)
   289497    0.223    0.000    0.786    0.000 /home/matjazmav/.local/lib/python3.6/site-packages/chess/__init__.py:3252(<genexpr>)
   232305    0.216    0.000    0.321    0.000 /home/matjazmav/.local/lib/python3.6/site-packages/chess/__init__.py:1379(legal_moves)
   232348    0.207    0.000    4.176    0.000 /usr/lib/python3.6/queue.py:186(get_nowait)
   137802    0.143    0.000    0.295    0.000 /home/matjazmav/.local/lib/python3.6/site-packages/chess/__init__.py:607(pieces)
   232305    0.128    0.000    0.128    0.000 /home/matjazmav/.local/lib/python3.6/site-packages/chess/__init__.py:3470(__iter__)
   232305    0.105    0.000    0.105    0.000 /home/matjazmav/.local/lib/python3.6/site-packages/chess/__init__.py:3460(__init__)
   505283    0.092    0.000    0.092    0.000 /home/matjazmav/.local/lib/python3.6/site-packages/chess/__init__.py:1918(_push_capture)
   137802    0.074    0.000    0.074    0.000 /home/matjazmav/.local/lib/python3.6/site-packages/chess/__init__.py:591(pieces_mask)
   232348    0.062    0.000    0.062    0.000 /home/matjazmav/Projects/A-S01/app/utils/State.py:78(is_goal)
   137862    0.062    0.000    0.062    0.000 /home/matjazmav/.local/lib/python3.6/site-packages/chess/__init__.py:3577(__iter__)
    46080    0.062    0.000    0.112    0.000 /usr/lib/python3.6/random.py:173(randrange)
    46080    0.050    0.000    0.050    0.000 /usr/lib/python3.6/random.py:223(_randbelow)
    46080    0.028    0.000    0.139    0.000 /usr/lib/python3.6/random.py:217(randint)
    22146    0.025    0.000    0.025    0.000 /home/matjazmav/.local/lib/python3.6/site-packages/chess/__init__.py:3254(_castling_uncovers_rank_attack)
     3840    0.022    0.000    0.161    0.000 /home/matjazmav/Projects/A-S01/app/utils/ZobristHasher.py:5(<listcomp>)
       60    0.003    0.000    0.009    0.000 /home/matjazmav/Projects/A-S01/app/utils/ZobristHasher.py:7(hash)
      180    0.001    0.000    0.001    0.000 /usr/lib/python3.6/threading.py:215(__init__)
       60    0.001    0.000    0.002    0.000 /home/matjazmav/Projects/A-S01/app/heuristic/Covering.py:6(__init__)
       43    0.001    0.000    0.001    0.000 /home/matjazmav/Projects/A-S01/app/utils/State.py:81(get_path)
       60    0.001    0.000    0.002    0.000 /usr/lib/python3.6/queue.py:27(__init__)
      211    0.000    0.000    0.000    0.000 /home/matjazmav/.local/lib/python3.6/site-packages/chess/__init__.py:471(__eq__)
       60    0.000    0.000    0.166    0.003 /home/matjazmav/Projects/A-S01/app/utils/ZobristHasher.py:4(__init__)
      218    0.000    0.000    0.000    0.000 /home/matjazmav/.local/lib/python3.6/site-packages/chess/__init__.py:447(uci)
       60    0.000    0.000    0.000    0.000 /home/matjazmav/.local/lib/python3.6/site-packages/chess/__init__.py:673(attacks)
       60    0.000    0.000    0.000    0.000 /home/matjazmav/Projects/A-S01/app/utils/Profiler.py:10(disable)
      218    0.000    0.000    0.000    0.000 /home/matjazmav/Projects/A-S01/app/utils/State.py:31(__eq__)
       60    0.000    0.000    0.000    0.000 /usr/lib/python3.6/queue.py:220(_init)



