01/60 [SUCCESS] 1553511899+00 inputs/1.txt  04 f8-b4;d4-d3;d3-c2;c2-b1r
02/60 [SUCCESS] 1553511899+03 inputs/10.txt 04 f8-c5;f6-f5;d8-h4;h4-f2
03/60 [SUCCESS] 1553511902+03 inputs/11.txt 04 c8-g4;d8-d5;d5-d4;d4-d1
04/60 [SUCCESS] 1553511905+00 inputs/12.txt 04 c8-g4;d8-d5;d5-d2;d2-d1
05/60 [SUCCESS] 1553511905+00 inputs/13.txt 04 c8-g4;d5-c4;d8-d2;d2-d1
06/60 [SUCCESS] 1553511905+03 inputs/14.txt 04 c6-d4;d4-f3;d8-d6;d6-e5
07/60 [SUCCESS] 1553511909+12 inputs/15.txt 04 e7-e5;f8-b4;d8-g5;g5-e3
08/60 [SUCCESS] 1553511922+00 inputs/16.txt 04 c6-d4;d4-f3;d8-d5;d5-d2
09/60 [SUCCESS] 1553511923+00 inputs/17.txt 04 f6-e4;e7-e5;f8-b4;d8-h4
10/60 [SUCCESS] 1553511923+00 inputs/18.txt 04 f8-c5;d8-g5;g5-d2;d2-c1
11/60 [SUCCESS] 1553511924+00 inputs/19.txt 05 b5-c6;d5-d6;e1-d1;h1-e1;e1-e5
12/60 [SUCCESS] 1553511924+00 inputs/2.txt  04 d8-d5;d5-d2;c6-d4;d4-f3
13/60 [SUCCESS] 1553511924+00 inputs/20.txt 05 f3-e5;d5-d6;d6-e7;e7-f8q;f8-f7
14/60 [SUCCESS] 1553511924+01 inputs/21.txt 05 b1-d2;a1-c1;g2-g3;f1-h3;c1-c8
15/60 [ERROR]   1553511925+00 inputs/22.txt 05 b5-c6;c1-g5;c3-d5;d5-c7
16/60 [FAIL]    1553511926+20 inputs/23.txt 05 False
17/60 [FAIL]    1553511946+20 inputs/24.txt 05 False
18/60 [FAIL]    1553511966+20 inputs/25.txt 05 False
19/60 [SUCCESS] 1553511986+00 inputs/26.txt 05 b5-c6;g1-h3;e1-g1;f1-f6;f6-e6
20/60 [FAIL]    1553511986+20 inputs/27.txt 05 False
21/60 [SUCCESS] 1553512006+01 inputs/28.txt 05 d2-g5;f1-b5;b1-c3;c3-d5;d5-c7
22/60 [SUCCESS] 1553512008+00 inputs/29.txt 05 f1-b5;d8-f6;b1-c3;c3-d5;d5-c7
23/60 [SUCCESS] 1553512008+00 inputs/3.txt  04 d8-d5;d5-f3;f3-d1;c8-g4
24/60 [SUCCESS] 1553512009+14 inputs/30.txt 05 e1-d1;e4-e5;e5-e6;e6-d7;d7-c8q
25/60 [FAIL]    1553512023+20 inputs/31.txt 05 False
26/60 [FAIL]    1553512043+20 inputs/32.txt 05 False
27/60 [SUCCESS] 1553512063+03 inputs/33.txt 05 c1-g5;c4-d5;d5-d6;d6-e7;e7-d8q
28/60 [SUCCESS] 1553512067+00 inputs/34.txt 05 f1-b5;c1-g5;b2-b4;a3-c4;c4-d6
29/60 [SUCCESS] 1553512067+01 inputs/35.txt 05 e1-d1;c1-g5;a1-c1;c1-c8;c8-d8
30/60 [FAIL]    1553512068+20 inputs/36.txt 05 False
31/60 [SUCCESS] 1553512088+15 inputs/37.txt 06 e8-d8;g8-h6;h6-g4;e7-e5;f8-e7;e7-h4
32/60 [SUCCESS] 1553512104+00 inputs/38.txt 06 b4-c3;b8-c6;c6-d4;d4-f3;b7-b6;c8-a6
33/60 [SUCCESS] 1553512104+02 inputs/39.txt 06 f8-c5;h6-g4;h8-e8;e8-e5;c5-d4;d4-c3
34/60 [SUCCESS] 1553512107+03 inputs/4.txt  04 f8-b4;b8-d7;d7-c5;c5-d3
35/60 [SUCCESS] 1553512110+00 inputs/40.txt 06 c8-g4;b4-c3;e5-d4;d4-d3;d3-d2;d2-d1q
36/60 [SUCCESS] 1553512110+14 inputs/41.txt 06 c8-g4;c5-f2;b8-c6;c6-d4;a8-d8;d4-e2
37/60 [FAIL]    1553512124+20 inputs/42.txt 06 False
38/60 [SUCCESS] 1553512144+07 inputs/43.txt 07 d1-d2;f1-b5;h8-g6;h1-c1;c1-c7;c7-f7;f7-f8
39/60 [FAIL]    1553512152+20 inputs/44.txt 07 False
40/60 [SUCCESS] 1553512172+00 inputs/45.txt 07 c1-a3;d4-d5;d2-e4;f1-b5;d5-c6;c6-c7;c7-b8q
41/60 [FAIL]    1553512173+20 inputs/46.txt 07 False
42/60 [FAIL]    1553512193+20 inputs/47.txt 07 False
43/60 [FAIL]    1553512213+20 inputs/48.txt 07 False
44/60 [FAIL]    1553512233+20 inputs/49.txt 08 False
45/60 [SUCCESS] 1553512254+00 inputs/5.txt  04 c8-g4;d5-e4;d8-d2;d2-d1
46/60 [FAIL]    1553512254+20 inputs/50.txt 08 False
47/60 [FAIL]    1553512274+20 inputs/51.txt 08 False
48/60 [FAIL]    1553512294+20 inputs/52.txt 08 False
49/60 [SUCCESS] 1553512314+00 inputs/53.txt 08 f8-b4;h8-e8;e8-e3;h6-f5;f5-d4;c8-d8;c6-e5;e3-d3
50/60 [SUCCESS] 1553512314+19 inputs/54.txt 08 b4-c3;a7-a6;b6-b5;b5-b4;b4-b3;b3-a2;a2-b1q;b1-a1
51/60 [FAIL]    1553512333+20 inputs/55.txt 09 False
52/60 [SUCCESS] 1553512354+12 inputs/56.txt 09 a8-d5;h2-h4;h4-g5;e2-f3;f3-f4;g5-g6;g6-f7;f7-f8q;f8-f7
53/60 [FAIL]    1553512366+20 inputs/57.txt 09 False
54/60 [FAIL]    1553512386+20 inputs/58.txt 09 False
55/60 [FAIL]    1553512406+20 inputs/59.txt 09 False
56/60 [SUCCESS] 1553512426+00 inputs/6.txt  04 c6-d4;d4-f3;e7-f6;d8-e7
57/60 [FAIL]    1553512426+20 inputs/60.txt 09 False
58/60 [SUCCESS] 1553512447+00 inputs/7.txt  04 d8-f6;f6-f2;g8-f6;f6-e4
59/60 [SUCCESS] 1553512447+01 inputs/8.txt  04 f6-e4;e7-e6;d8-h4;h4-f2
60/60 [SUCCESS] 1553512448+00 inputs/9.txt  04 c8-g4;d5-e4;d8-d2;d2-d1
Done, passed 38 out of 60.



         426373070 function calls in 544.882 seconds

   Ordered by: internal time

   ncalls  tottime  percall  cumtime  percall filename:lineno(function)
  8042072   44.400    0.000  127.921    0.000 /home/matjazmav/.local/lib/python3.6/site-packages/chess/__init__.py:1921(push)
 14984128   43.610    0.000   43.610    0.000 /home/matjazmav/.local/lib/python3.6/site-packages/chess/__init__.py:684(_attackers_mask)
  4021036   25.875    0.000  379.203    0.000 /home/matjazmav/Projects/A-S01/app/utils/State.py:41(__next)
       60   17.741    0.296  544.886    9.081 /home/matjazmav/Projects/A-S01/app/solve.py:16(solve)
  8042072   17.501    0.000   17.501    0.000 /home/matjazmav/.local/lib/python3.6/site-packages/chess/__init__.py:1281(__init__)
 24230993   14.207    0.000   14.207    0.000 /home/matjazmav/.local/lib/python3.6/site-packages/chess/__init__.py:623(piece_type_at)
  8064191   12.859    0.000   17.308    0.000 /home/matjazmav/.local/lib/python3.6/site-packages/chess/__init__.py:780(_remove_piece_at)
 13783926   12.114    0.000   12.114    0.000 /home/matjazmav/.local/lib/python3.6/site-packages/chess/__init__.py:441(__init__)
 45459137   12.063    0.000   12.063    0.000 /home/matjazmav/Projects/A-S01/app/utils/State.py:34(__lt__)
  6249957   11.538    0.000   15.600    0.000 /usr/lib/python3.6/threading.py:334(notify)
   796107   11.495    0.000   17.933    0.000 /home/matjazmav/Projects/A-S01/app/heuristic/Covering.py:29(__promotion)
  4021096   11.297    0.000  105.769    0.000 /home/matjazmav/Projects/A-S01/app/utils/State.py:7(__init__)
  3642618   11.064    0.000   36.232    0.000 /usr/lib/python3.6/queue.py:115(put)
  2607339   10.838    0.000   19.576    0.000 /usr/lib/python3.6/queue.py:229(_get)
  8054377   10.598    0.000   18.790    0.000 /home/matjazmav/.local/lib/python3.6/site-packages/chess/__init__.py:3302(_from_chess960)
  4177442   10.577    0.000  449.805    0.000 /home/matjazmav/Projects/A-S01/app/utils/State.py:37(generate)
  6377984   10.453    0.000   76.092    0.000 /home/matjazmav/.local/lib/python3.6/site-packages/chess/__init__.py:3218(generate_legal_moves)
  4529599    9.698    0.000   20.991    0.000 /home/matjazmav/.local/lib/python3.6/site-packages/chess/__init__.py:1442(generate_pseudo_legal_moves)
 16038877    9.474    0.000    9.474    0.000 /home/matjazmav/.local/lib/python3.6/site-packages/chess/__init__.py:210(scan_reversed)
 14882578    9.200    0.000   52.475    0.000 /home/matjazmav/.local/lib/python3.6/site-packages/chess/__init__.py:702(attackers_mask)
  4021036    8.959    0.000   41.604    0.000 /home/matjazmav/.local/lib/python3.6/site-packages/chess/__init__.py:1230(copy)
  4047893    8.870    0.000   15.585    0.000 /home/matjazmav/.local/lib/python3.6/site-packages/chess/__init__.py:615(piece_at)
   796107    8.687    0.000   64.053    0.000 /home/matjazmav/Projects/A-S01/app/heuristic/Covering.py:21(__score)
  4021036    8.397    0.000   25.942    0.000 /home/matjazmav/Projects/A-S01/app/utils/ZobristHasher.py:20(update)
  8042072    8.330    0.000   25.831    0.000 /home/matjazmav/.local/lib/python3.6/site-packages/chess/__init__.py:1915(_board_state)
 13135640    7.756    0.000    7.756    0.000 /home/matjazmav/.local/lib/python3.6/site-packages/chess/__init__.py:468(__bool__)
  6709534    7.701    0.000   29.367    0.000 /home/matjazmav/.local/lib/python3.6/site-packages/chess/__init__.py:3180(_is_safe)
  8042072    7.659    0.000    7.659    0.000 /home/matjazmav/.local/lib/python3.6/site-packages/chess/__init__.py:573(_clear_board)
  4021036    7.634    0.000   32.645    0.000 /home/matjazmav/.local/lib/python3.6/site-packages/chess/__init__.py:1360(__init__)
  4021036    7.091    0.000   48.695    0.000 /home/matjazmav/.local/lib/python3.6/site-packages/chess/__init__.py:3380(copy)
  2220476    6.906    0.000    8.179    0.000 /home/matjazmav/.local/lib/python3.6/site-packages/chess/__init__.py:3161(_slider_blockers)
  5762214    6.859    0.000   30.386    0.000 /home/matjazmav/.local/lib/python3.6/site-packages/chess/__init__.py:714(attackers)
  2492481    6.567    0.000   11.497    0.000 /home/matjazmav/.local/lib/python3.6/site-packages/chess/__init__.py:3193(_generate_evasions)
  3642618    6.273    0.000    9.598    0.000 /usr/lib/python3.6/queue.py:226(_put)
  2904392    6.157    0.000    7.392    0.000 /home/matjazmav/.local/lib/python3.6/site-packages/chess/__init__.py:2878(is_castling)
  2607339    6.133    0.000   32.899    0.000 /usr/lib/python3.6/queue.py:147(get)
  4028409    6.052    0.000   11.372    0.000 /home/matjazmav/.local/lib/python3.6/site-packages/chess/__init__.py:817(_set_piece_at)
  4021036    5.455    0.000   13.309    0.000 /home/matjazmav/.local/lib/python3.6/site-packages/chess/__init__.py:1415(clear_board)
  6899871    5.249    0.000   30.969    0.000 /home/matjazmav/.local/lib/python3.6/site-packages/chess/__init__.py:705(is_attacked_by)
  4021036    5.122    0.000   70.968    0.000 /home/matjazmav/.local/lib/python3.6/site-packages/chess/__init__.py:1714(is_checkmate)
  5012787    4.702    0.000    7.175    0.000 /home/matjazmav/.local/lib/python3.6/site-packages/chess/__init__.py:642(king)
  6558381    4.683    0.000    4.683    0.000 /home/matjazmav/.local/lib/python3.6/site-packages/chess/__init__.py:3559(__init__)
  4021036    4.658    0.000   28.653    0.000 /home/matjazmav/.local/lib/python3.6/site-packages/chess/__init__.py:1529(is_check)
  4021096    4.468    0.000   68.521    0.000 /home/matjazmav/Projects/A-S01/app/heuristic/Covering.py:15(score)
  5762274    4.353    0.000    4.353    0.000 /home/matjazmav/.local/lib/python3.6/site-packages/chess/__init__.py:216(popcount)
  4021036    4.321    0.000    8.343    0.000 /home/matjazmav/.local/lib/python3.6/site-packages/chess/__init__.py:546(__init__)
  6249957    4.062    0.000    4.062    0.000 /usr/lib/python3.6/threading.py:254(_is_owned)
  5552828    3.862    0.000    3.862    0.000 /home/matjazmav/.local/lib/python3.6/site-packages/chess/__init__.py:201(scan_forward)
  6249957    3.728    0.000    3.728    0.000 /usr/lib/python3.6/threading.py:239(__enter__)
  8042072    3.645    0.000    3.648    0.000 /home/matjazmav/.local/lib/python3.6/site-packages/chess/__init__.py:3317(_to_chess960)
  4021036    3.480    0.000    3.480    0.000 /home/matjazmav/.local/lib/python3.6/site-packages/chess/__init__.py:2860(is_zeroing)
  4030062    3.393    0.000    3.393    0.000 /home/matjazmav/.local/lib/python3.6/site-packages/chess/__init__.py:385(__init__)
  4021036    3.360    0.000   16.669    0.000 /home/matjazmav/.local/lib/python3.6/site-packages/chess/__init__.py:1397(clear)
  6668746    3.159    0.000    3.159    0.000 /home/matjazmav/.local/lib/python3.6/site-packages/chess/__init__.py:207(msb)
  5762274    2.694    0.000    7.047    0.000 /home/matjazmav/.local/lib/python3.6/site-packages/chess/__init__.py:3583(__len__)
  3642618    2.641    0.000   38.873    0.000 /usr/lib/python3.6/queue.py:178(put_nowait)
  6249957    2.603    0.000    2.603    0.000 /usr/lib/python3.6/threading.py:242(__exit__)
  2607360    2.447    0.000    3.459    0.000 /usr/lib/python3.6/queue.py:90(empty)
   991691    2.281    0.000   15.637    0.000 /home/matjazmav/.local/lib/python3.6/site-packages/chess/__init__.py:1534(is_into_check)
  4021036    2.254    0.000    2.254    0.000 /home/matjazmav/.local/lib/python3.6/site-packages/chess/__init__.py:1419(clear_stack)
  4021036    1.963    0.000    5.601    0.000 /home/matjazmav/.local/lib/python3.6/site-packages/chess/__init__.py:587(clear_board)
  5214699    1.841    0.000    1.841    0.000 /usr/lib/python3.6/queue.py:223(_qsize)
  3805142    1.508    0.000    1.508    0.000 /home/matjazmav/.local/lib/python3.6/site-packages/chess/__init__.py:2849(is_en_passant)
   865829    1.435    0.000    1.435    0.000 /home/matjazmav/.local/lib/python3.6/site-packages/chess/__init__.py:654(attacks_mask)
  2607339    1.418    0.000   34.317    0.000 /usr/lib/python3.6/queue.py:186(get_nowait)
  4093530    1.394    0.000    1.394    0.000 /home/matjazmav/.local/lib/python3.6/site-packages/chess/__init__.py:2897(clean_castling_rights)
  5823530    1.238    0.000    1.238    0.000 /home/matjazmav/.local/lib/python3.6/site-packages/chess/__init__.py:127(square_file)
   796107    0.994    0.000    1.904    0.000 /home/matjazmav/.local/lib/python3.6/site-packages/chess/__init__.py:607(pieces)
   168703    0.765    0.000    1.792    0.000 /home/matjazmav/.local/lib/python3.6/site-packages/chess/__init__.py:3261(generate_castling_moves)
  2607339    0.486    0.000    0.486    0.000 /home/matjazmav/Projects/A-S01/app/utils/State.py:74(is_goal)
   796107    0.451    0.000    0.451    0.000 /home/matjazmav/.local/lib/python3.6/site-packages/chess/__init__.py:591(pieces_mask)
  1208791    0.432    0.000    0.432    0.000 /home/matjazmav/.local/lib/python3.6/site-packages/chess/__init__.py:131(square_rank)
   796167    0.392    0.000    0.392    0.000 /home/matjazmav/.local/lib/python3.6/site-packages/chess/__init__.py:3577(__iter__)
  1385200    0.277    0.000    0.277    0.000 /home/matjazmav/.local/lib/python3.6/site-packages/chess/__init__.py:1610(is_variant_end)
    86098    0.221    0.000    0.799    0.000 /home/matjazmav/.local/lib/python3.6/site-packages/chess/__init__.py:3251(_attacked_for_king)
   156406    0.200    0.000    0.299    0.000 /home/matjazmav/.local/lib/python3.6/site-packages/chess/__init__.py:1379(legal_moves)
   187648    0.151    0.000    0.578    0.000 /home/matjazmav/.local/lib/python3.6/site-packages/chess/__init__.py:3252(<genexpr>)
   156406    0.106    0.000    0.106    0.000 /home/matjazmav/.local/lib/python3.6/site-packages/chess/__init__.py:3470(__iter__)
   156406    0.099    0.000    0.099    0.000 /home/matjazmav/.local/lib/python3.6/site-packages/chess/__init__.py:3460(__init__)
    46080    0.065    0.000    0.116    0.000 /usr/lib/python3.6/random.py:173(randrange)
   314818    0.065    0.000    0.065    0.000 /home/matjazmav/.local/lib/python3.6/site-packages/chess/__init__.py:1918(_push_capture)
    46080    0.052    0.000    0.052    0.000 /usr/lib/python3.6/random.py:223(_randbelow)
    46080    0.029    0.000    0.145    0.000 /usr/lib/python3.6/random.py:217(randint)
     3840    0.023    0.000    0.168    0.000 /home/matjazmav/Projects/A-S01/app/utils/ZobristHasher.py:5(<listcomp>)
    12305    0.016    0.000    0.016    0.000 /home/matjazmav/.local/lib/python3.6/site-packages/chess/__init__.py:3254(_castling_uncovers_rank_attack)
       60    0.003    0.000    0.009    0.000 /home/matjazmav/Projects/A-S01/app/utils/ZobristHasher.py:7(hash)
      180    0.001    0.000    0.001    0.000 /usr/lib/python3.6/threading.py:215(__init__)
       60    0.001    0.000    0.002    0.000 /home/matjazmav/Projects/A-S01/app/heuristic/Covering.py:6(__init__)
       60    0.001    0.000    0.002    0.000 /usr/lib/python3.6/queue.py:27(__init__)
       39    0.001    0.000    0.001    0.000 /home/matjazmav/Projects/A-S01/app/utils/State.py:77(get_path)
       60    0.000    0.000    0.173    0.003 /home/matjazmav/Projects/A-S01/app/utils/ZobristHasher.py:4(__init__)
      192    0.000    0.000    0.000    0.000 /home/matjazmav/.local/lib/python3.6/site-packages/chess/__init__.py:471(__eq__)
      195    0.000    0.000    0.000    0.000 /home/matjazmav/.local/lib/python3.6/site-packages/chess/__init__.py:447(uci)
       60    0.000    0.000    0.000    0.000 /home/matjazmav/.local/lib/python3.6/site-packages/chess/__init__.py:673(attacks)
       60    0.000    0.000    0.000    0.000 /home/matjazmav/Projects/A-S01/app/utils/Profiler.py:10(disable)
       60    0.000    0.000    0.000    0.000 /usr/lib/python3.6/queue.py:220(_init)
      195    0.000    0.000    0.000    0.000 /home/matjazmav/Projects/A-S01/app/utils/State.py:31(__eq__)



